2021-07-07 03:33:43,141 [INFO] {'data_dir': '../data', 'no_cuda': False, 'debug': True, 'log_batch_size': 7, 'epochs': 10, 'data_type': 'hieve', 'finetune': False, 'model': 'box', 'downsample': 0.0, 'learning_rate': 0.01, 'lambda_anno': 1.0, 'lambda_trans': 0.0, 'lambda_cross': 0.0, 'volume_temp': 1.0, 'intersection_temp': 0.0001, 'hieve_threshold': -0.6, 'matres_threshold': -0.5, 'mlp_size': 32, 'mlp_output_dim': 32, 'hieve_mlp_size': 64, 'matres_mlp_size': 32, 'proj_output_dim': 32, 'num_layers': 1, 'roberta_hidden_size': 1024, 'lstm_hidden_size': 256, 'lstm_input_size': 768, 'seed': 994278792, 'fix_seed': 0, 'no_valid': False, 'loss_type': 1, 'patience': 8, 'eval_step': 1, 'eval_type': 'one', 'load_model': 0, 'saved_model': '/Users/ehwang/PycharmProjects/CE2ERE/src/model/matres_20210505163300_2ya6wb7v.pt', 'wandb_id': 'hwang7520/CE2ERE-src/2ya6wb7v', 'load_valid': 0, 'save_plot': 1, 'symm_train': 1, 'symm_eval': 1}
2021-07-07 03:33:43,141 [INFO] Requested CUDA but it is not available, running on CPU
2021-07-07 03:34:36,036 [INFO] HiEve Preprocessing took 0:00:53
2021-07-07 03:34:36,037 [INFO] HiEve training instance num: 17114, valid instance num: 8311, test instance num: 6230
2021-07-07 03:34:36,037 [INFO] debug mode on
2021-07-07 03:34:36,526 [INFO] hieve length debugging mode: %d
2021-07-07 03:34:37,473 [INFO] loading configuration file https://s3.amazonaws.com/models.huggingface.co/bert/roberta-base-config.json from cache at /Users/ehwang/.cache/torch/transformers/e1a2a406b5a05063c31f4dfdee7608986ba7c6393f7f79db5e69dcd197208534.117c81977c5979de8c088352e74ec6e70f5c66096c28b61d3c50101609b39690
2021-07-07 03:34:37,474 [INFO] Model config RobertaConfig {
  "architectures": [
    "RobertaForMaskedLM"
  ],
  "attention_probs_dropout_prob": 0.1,
  "bos_token_id": 0,
  "do_sample": false,
  "eos_token_id": 2,
  "eos_token_ids": null,
  "finetuning_task": null,
  "hidden_act": "gelu",
  "hidden_dropout_prob": 0.1,
  "hidden_size": 768,
  "id2label": {
    "0": "LABEL_0",
    "1": "LABEL_1"
  },
  "initializer_range": 0.02,
  "intermediate_size": 3072,
  "is_decoder": false,
  "label2id": {
    "LABEL_0": 0,
    "LABEL_1": 1
  },
  "layer_norm_eps": 1e-05,
  "length_penalty": 1.0,
  "max_length": 20,
  "max_position_embeddings": 514,
  "model_type": "roberta",
  "num_attention_heads": 12,
  "num_beams": 1,
  "num_hidden_layers": 12,
  "num_labels": 2,
  "num_return_sequences": 1,
  "output_attentions": false,
  "output_hidden_states": false,
  "output_past": true,
  "pad_token_id": 1,
  "pruned_heads": {},
  "repetition_penalty": 1.0,
  "temperature": 1.0,
  "top_k": 50,
  "top_p": 1.0,
  "torchscript": false,
  "type_vocab_size": 1,
  "use_bfloat16": false,
  "vocab_size": 50265
}

2021-07-07 03:34:38,389 [INFO] loading weights file https://s3.amazonaws.com/models.huggingface.co/bert/roberta-base-pytorch_model.bin from cache at /Users/ehwang/.cache/torch/transformers/228756ed15b6d200d7cb45aaef08c087e2706f54cb912863d2efe07c89584eb7.49b88ba7ec2c26a7558dda98ca3884c3b80fa31cf43a1b1f23aef3ff81ba344e
2021-07-07 03:34:41,092 [INFO] ======== Epoch 1 / 10 ========
2021-07-07 03:34:41,093 [INFO] Training start...
2021-07-07 03:41:48,884 [INFO] epoch: 1, loss: 392.030914
2021-07-07 03:41:48,885 [INFO] [valid-hieve] start... 
2021-07-07 03:47:17,808 [INFO] confusion_matrix: 
[[28  3  9 42]
 [ 1  0  2  5]
 [ 1  2  0  5]
 [ 0  0  0  2]]
2021-07-07 03:47:17,815 [INFO] classifiction_report: 
              precision    recall  f1-score   support

          00       0.93      0.34      0.50        82
          01       0.00      0.00      0.00         8
          10       0.00      0.00      0.00         8
          11       0.04      1.00      0.07         2

    accuracy                           0.30       100
   macro avg       0.24      0.34      0.14       100
weighted avg       0.77      0.30      0.41       100

2021-07-07 03:47:17,815 [INFO] macro f1 score: 0.0000
2021-07-07 03:47:17,815 [INFO] done!
2021-07-07 03:47:18,002 [INFO] # of 10 labels: 8
2021-07-07 03:47:18,175 [INFO] # of 01 labels: 8
2021-07-07 03:47:18,352 [INFO] # of 11 labels: 2
2021-07-07 03:47:18,501 [INFO] # of 00 labels: 82
2021-07-07 03:47:18,503 [INFO] [cv-valid-hieve] start... 
2021-07-07 03:52:27,438 [INFO] [cv-valid-hieve] constraint-violation: {('10', '10', '01'): 0, ('10', '10', '11'): 0, ('10', '10', '00'): 0, ('10', '11', '01'): 0, ('10', '11', '11'): 0, ('10', '11', '00'): 0, ('10', '00', '01'): 0, ('10', '00', '11'): 0, ('01', '01', '10'): 0, ('01', '01', '11'): 0, ('01', '01', '00'): 0, ('01', '11', '10'): 0, ('01', '11', '11'): 0, ('01', '11', '00'): 0, ('01', '00', '10'): 0, ('01', '00', '11'): 0, ('11', '10', '01'): 0, ('11', '10', '11'): 0, ('11', '10', '00'): 0, ('11', '01', '10'): 0, ('11', '01', '11'): 0, ('11', '01', '00'): 0, ('11', '11', '10'): 0, ('11', '11', '01'): 0, ('11', '11', '00'): 0, ('11', '00', '10'): 0, ('11', '00', '01'): 0, ('11', '00', '11'): 0, ('00', '10', '01'): 0, ('00', '10', '11'): 0, ('00', '01', '10'): 0, ('00', '01', '11'): 0, ('00', '11', '10'): 0, ('00', '11', '01'): 0, ('00', '11', '11'): 0}
2021-07-07 03:52:27,439 [INFO] [cv-valid-hieve] all_cases: {('10', '10'): 0, ('10', '01'): 11, ('10', '11'): 0, ('10', '00'): 0, ('01', '10'): 5, ('01', '01'): 0, ('01', '11'): 0, ('01', '00'): 0, ('11', '10'): 0, ('11', '01'): 0, ('11', '11'): 54, ('11', '00'): 0, ('00', '10'): 0, ('00', '01'): 0, ('00', '11'): 0, ('00', '00'): 30}
2021-07-07 03:52:27,441 [INFO] confusion_matrix: 
[[28  3  9 42]
 [ 1  0  2  5]
 [ 1  2  0  5]
 [ 0  0  0  2]]
2021-07-07 03:52:27,447 [INFO] classifiction_report: 
              precision    recall  f1-score   support

          00       0.93      0.34      0.50        82
          01       0.00      0.00      0.00         8
          10       0.00      0.00      0.00         8
          11       0.04      1.00      0.07         2

    accuracy                           0.30       100
   macro avg       0.24      0.34      0.14       100
weighted avg       0.77      0.30      0.41       100

2021-07-07 03:52:27,447 [INFO] macro f1 score: 0.0000
2021-07-07 03:52:27,447 [INFO] done!
2021-07-07 03:52:27,448 [INFO] valid_metrics: {'[valid-hieve] Precision': 0.02857142857142857, '[valid-hieve] Recall': 0.1111111111111111, '[valid-hieve] F1 Score': 0.04545454545454545, '[valid] Elapsed Time': 328.92980790138245}
2021-07-07 03:52:27,448 [INFO] cv_valid_metrics: {'[cv-valid-hieve] Precision': 0.02857142857142857, '[cv-valid-hieve] Recall': 0.1111111111111111, '[cv-valid-hieve] F1 Score': 0.04545454545454545, '[cv-valid] Elapsed Time': 308.9445879459381}
2021-07-07 03:52:27,894 [INFO] model is saved here: ./model/hieve_20210707033441_23r8jcj5.pt, best epoch: 1, best f1 score: 0.045455
2021-07-07 03:52:27,894 [INFO] ======== Epoch 2 / 10 ========
2021-07-07 03:52:27,894 [INFO] Training start...
2021-07-07 03:58:09,992 [INFO] epoch: 2, loss: 173.672562
2021-07-07 03:58:09,994 [INFO] [valid-hieve] start... 
2021-07-07 04:03:30,855 [INFO] confusion_matrix: 
[[60  3  1 18]
 [ 4  0  0  4]
 [ 4  0  0  4]
 [ 2  0  0  0]]
2021-07-07 04:03:30,864 [INFO] classifiction_report: 
              precision    recall  f1-score   support

          00       0.86      0.73      0.79        82
          01       0.00      0.00      0.00         8
          10       0.00      0.00      0.00         8
          11       0.00      0.00      0.00         2

    accuracy                           0.60       100
   macro avg       0.21      0.18      0.20       100
weighted avg       0.70      0.60      0.65       100

2021-07-07 04:03:30,864 [INFO] macro f1 score: 0.0000
2021-07-07 04:03:30,865 [INFO] done!
2021-07-07 04:03:31,043 [INFO] # of 10 labels: 8
2021-07-07 04:03:31,205 [INFO] # of 01 labels: 8
2021-07-07 04:03:31,414 [INFO] # of 11 labels: 2
2021-07-07 04:03:31,578 [INFO] # of 00 labels: 82
2021-07-07 04:03:31,579 [INFO] [cv-valid-hieve] start... 
