2021-07-09 11:47:22,746 [INFO] {'data_dir': '../data', 'no_cuda': False, 'debug': True, 'log_batch_size': 7, 'epochs': 10, 'data_type': 'hieve', 'finetune': False, 'model': 'box', 'downsample': 0.0, 'learning_rate': 0.01, 'lambda_anno': 1.0, 'lambda_trans': 0.0, 'lambda_cross': 0.0, 'volume_temp': 1.0, 'intersection_temp': 0.0001, 'hieve_threshold': -0.6, 'matres_threshold': -0.5, 'mlp_size': 32, 'mlp_output_dim': 32, 'hieve_mlp_size': 64, 'matres_mlp_size': 32, 'proj_output_dim': 32, 'num_layers': 1, 'roberta_hidden_size': 1024, 'lstm_hidden_size': 256, 'lstm_input_size': 768, 'seed': 3778875892, 'fix_seed': 0, 'no_valid': False, 'loss_type': 1, 'patience': 8, 'eval_step': 1, 'eval_type': 'one', 'load_model': 0, 'saved_model': '/Users/ehwang/PycharmProjects/CE2ERE/src/model/matres_20210505163300_2ya6wb7v.pt', 'wandb_id': 'hwang7520/CE2ERE-src/2ya6wb7v', 'load_valid': 0, 'save_plot': 1, 'symm_train': 0, 'symm_eval': 1}
2021-07-09 11:47:22,746 [INFO] Requested CUDA but it is not available, running on CPU
2021-07-09 11:48:14,043 [INFO] HiEve Preprocessing took 0:00:51
2021-07-09 11:48:14,044 [INFO] HiEve training instance num: 5762, valid instance num: 8372, test instance num: 6136
2021-07-09 11:48:14,044 [INFO] debug mode on
2021-07-09 11:48:14,424 [INFO] hieve length debugging mode: %d
2021-07-09 11:48:15,314 [INFO] loading configuration file https://s3.amazonaws.com/models.huggingface.co/bert/roberta-base-config.json from cache at /Users/ehwang/.cache/torch/transformers/e1a2a406b5a05063c31f4dfdee7608986ba7c6393f7f79db5e69dcd197208534.117c81977c5979de8c088352e74ec6e70f5c66096c28b61d3c50101609b39690
2021-07-09 11:48:15,314 [INFO] Model config RobertaConfig {
  "architectures": [
    "RobertaForMaskedLM"
  ],
  "attention_probs_dropout_prob": 0.1,
  "bos_token_id": 0,
  "do_sample": false,
  "eos_token_id": 2,
  "eos_token_ids": null,
  "finetuning_task": null,
  "hidden_act": "gelu",
  "hidden_dropout_prob": 0.1,
  "hidden_size": 768,
  "id2label": {
    "0": "LABEL_0",
    "1": "LABEL_1"
  },
  "initializer_range": 0.02,
  "intermediate_size": 3072,
  "is_decoder": false,
  "label2id": {
    "LABEL_0": 0,
    "LABEL_1": 1
  },
  "layer_norm_eps": 1e-05,
  "length_penalty": 1.0,
  "max_length": 20,
  "max_position_embeddings": 514,
  "model_type": "roberta",
  "num_attention_heads": 12,
  "num_beams": 1,
  "num_hidden_layers": 12,
  "num_labels": 2,
  "num_return_sequences": 1,
  "output_attentions": false,
  "output_hidden_states": false,
  "output_past": true,
  "pad_token_id": 1,
  "pruned_heads": {},
  "repetition_penalty": 1.0,
  "temperature": 1.0,
  "top_k": 50,
  "top_p": 1.0,
  "torchscript": false,
  "type_vocab_size": 1,
  "use_bfloat16": false,
  "vocab_size": 50265
}

2021-07-09 11:48:16,210 [INFO] loading weights file https://s3.amazonaws.com/models.huggingface.co/bert/roberta-base-pytorch_model.bin from cache at /Users/ehwang/.cache/torch/transformers/228756ed15b6d200d7cb45aaef08c087e2706f54cb912863d2efe07c89584eb7.49b88ba7ec2c26a7558dda98ca3884c3b80fa31cf43a1b1f23aef3ff81ba344e
2021-07-09 11:48:18,735 [INFO] ======== Epoch 1 / 10 ========
2021-07-09 11:48:18,735 [INFO] Training start...
2021-07-09 11:55:19,406 [INFO] epoch: 1, loss: 568.986694
2021-07-09 11:55:19,407 [INFO] [valid-hieve] start... 
2021-07-09 12:00:29,847 [INFO] confusion_matrix: 
[[64  1  0 17]
 [ 7  0  0  1]
 [ 7  0  0  1]
 [ 2  0  0  0]]
2021-07-09 12:00:29,857 [INFO] classifiction_report: 
              precision    recall  f1-score   support

          00       0.80      0.78      0.79        82
          01       0.00      0.00      0.00         8
          10       0.00      0.00      0.00         8
          11       0.00      0.00      0.00         2

    accuracy                           0.64       100
   macro avg       0.20      0.20      0.20       100
weighted avg       0.66      0.64      0.65       100

2021-07-09 12:00:29,857 [INFO] macro f1 score: 0.0000
2021-07-09 12:00:29,857 [INFO] done!
2021-07-09 12:00:30,074 [INFO] # of 10 labels: 8
2021-07-09 12:00:30,424 [INFO] # of 01 labels: 8
2021-07-09 12:00:30,789 [INFO] # of 11 labels: 2
2021-07-09 12:00:30,938 [INFO] # of 00 labels: 82
2021-07-09 12:00:30,940 [INFO] [cv-valid-hieve] start... 
