2021-07-05 15:51:17,852 [INFO] {'data_dir': '../data', 'no_cuda': False, 'debug': True, 'log_batch_size': 7, 'epochs': 10, 'data_type': 'hieve', 'finetune': False, 'model': 'box', 'downsample': 0.001, 'learning_rate': 0.01, 'lambda_anno': 1.0, 'lambda_trans': 0.0, 'lambda_cross': 0.0, 'volume_temp': 1.0, 'intersection_temp': 0.0001, 'hieve_threshold': -0.6, 'matres_threshold': -0.5, 'mlp_size': 32, 'mlp_output_dim': 32, 'hieve_mlp_size': 64, 'matres_mlp_size': 32, 'proj_output_dim': 32, 'num_layers': 1, 'roberta_hidden_size': 1024, 'lstm_hidden_size': 256, 'lstm_input_size': 768, 'seed': 124892417, 'no_valid': False, 'loss_type': 0, 'patience': 8, 'eval_step': 1, 'eval_type': 'one', 'load_model': 0, 'saved_model': '/Users/ehwang/PycharmProjects/CE2ERE/src/model/matres_20210505163300_2ya6wb7v.pt', 'wandb_id': 'hwang7520/CE2ERE-src/2ya6wb7v', 'load_valid': 0, 'save_plot': 1, 'symm_train': 0, 'symm_eval': 1}
2021-07-05 15:51:17,852 [INFO] Requested CUDA but it is not available, running on CPU
2021-07-05 15:52:09,044 [INFO] HiEve Preprocessing took 0:00:51
2021-07-05 15:52:09,044 [INFO] HiEve training instance num: 5833, valid instance num: 8393, test instance num: 6305
2021-07-05 15:52:09,044 [INFO] debug mode on
2021-07-05 15:52:09,445 [INFO] hieve length debugging mode: %d
2021-07-05 15:52:10,399 [INFO] loading configuration file https://s3.amazonaws.com/models.huggingface.co/bert/roberta-base-config.json from cache at /Users/ehwang/.cache/torch/transformers/e1a2a406b5a05063c31f4dfdee7608986ba7c6393f7f79db5e69dcd197208534.117c81977c5979de8c088352e74ec6e70f5c66096c28b61d3c50101609b39690
2021-07-05 15:52:10,400 [INFO] Model config RobertaConfig {
  "architectures": [
    "RobertaForMaskedLM"
  ],
  "attention_probs_dropout_prob": 0.1,
  "bos_token_id": 0,
  "do_sample": false,
  "eos_token_id": 2,
  "eos_token_ids": null,
  "finetuning_task": null,
  "hidden_act": "gelu",
  "hidden_dropout_prob": 0.1,
  "hidden_size": 768,
  "id2label": {
    "0": "LABEL_0",
    "1": "LABEL_1"
  },
  "initializer_range": 0.02,
  "intermediate_size": 3072,
  "is_decoder": false,
  "label2id": {
    "LABEL_0": 0,
    "LABEL_1": 1
  },
  "layer_norm_eps": 1e-05,
  "length_penalty": 1.0,
  "max_length": 20,
  "max_position_embeddings": 514,
  "model_type": "roberta",
  "num_attention_heads": 12,
  "num_beams": 1,
  "num_hidden_layers": 12,
  "num_labels": 2,
  "num_return_sequences": 1,
  "output_attentions": false,
  "output_hidden_states": false,
  "output_past": true,
  "pad_token_id": 1,
  "pruned_heads": {},
  "repetition_penalty": 1.0,
  "temperature": 1.0,
  "top_k": 50,
  "top_p": 1.0,
  "torchscript": false,
  "type_vocab_size": 1,
  "use_bfloat16": false,
  "vocab_size": 50265
}

2021-07-05 15:52:11,344 [INFO] loading weights file https://s3.amazonaws.com/models.huggingface.co/bert/roberta-base-pytorch_model.bin from cache at /Users/ehwang/.cache/torch/transformers/228756ed15b6d200d7cb45aaef08c087e2706f54cb912863d2efe07c89584eb7.49b88ba7ec2c26a7558dda98ca3884c3b80fa31cf43a1b1f23aef3ff81ba344e
2021-07-05 15:52:14,092 [INFO] ======== Epoch 1 / 10 ========
2021-07-05 15:52:14,092 [INFO] Training start...
2021-07-05 15:56:46,977 [INFO] epoch: 1, loss: 165.140162
2021-07-05 15:56:46,978 [INFO] [valid-hieve] start... 
2021-07-05 15:59:53,493 [INFO] confusion_matrix: 
[[ 0  0  0  0]
 [19  0  0  6]
 [25  0  1 15]
 [27  0  1  6]]
2021-07-05 15:59:53,503 [INFO] classifiction_report: 
              precision    recall  f1-score   support

          00       0.00      0.00      0.00         0
          01       0.00      0.00      0.00        25
          10       0.50      0.02      0.05        41
          11       0.22      0.18      0.20        34

    accuracy                           0.07       100
   macro avg       0.18      0.05      0.06       100
weighted avg       0.28      0.07      0.09       100

2021-07-05 15:59:53,503 [INFO] macro f1 score: 0.0233
2021-07-05 15:59:53,503 [INFO] done!
2021-07-05 15:59:53,712 [INFO] # of 10 labels: 41
2021-07-05 15:59:53,907 [INFO] # of 01 labels: 25
2021-07-05 15:59:54,173 [INFO] # of 11 labels: 34
2021-07-05 15:59:54,340 [INFO] # of 00 labels: 0
2021-07-05 15:59:54,342 [INFO] [cv-valid-hieve] start... 
