2021-07-23 11:43:00,399 [INFO] {'data_dir': '../data', 'no_cuda': False, 'debug': True, 'log_batch_size': 7, 'epochs': 10, 'data_type': 'hieve', 'finetune': False, 'model': 'box', 'downsample': 0.05, 'learning_rate': 0.01, 'lambda_anno': 1.0, 'lambda_trans': 0.0, 'lambda_cross': 0.0, 'lambda_pair': 1.0, 'lambda_condi': 0.0, 'volume_temp': 1.0, 'intersection_temp': 0.0001, 'hieve_threshold': -0.6, 'matres_threshold': -0.5, 'mlp_size': 32, 'mlp_output_dim': 32, 'hieve_mlp_size': 64, 'matres_mlp_size': 32, 'proj_output_dim': 32, 'num_layers': 1, 'roberta_hidden_size': 1024, 'lstm_hidden_size': 256, 'lstm_input_size': 768, 'no_valid': False, 'loss_type': 0, 'patience': 8, 'eval_step': 1, 'eval_type': 'one', 'seed': 4129316710, 'load_model': 0, 'saved_model': '/Users/ehwang/PycharmProjects/CE2ERE/src/model/matres_20210505163300_2ya6wb7v.pt', 'wandb_id': 'hwang7520/CE2ERE-src/2ya6wb7v', 'save_plot': 1, 'symm_train': 0, 'symm_eval': 0, 'cv_valid': 0, 'model_save': 0, 'max_grad_norm': 5.0}
2021-07-23 11:43:00,399 [INFO] Requested CUDA but it is not available, running on CPU
2021-07-23 11:43:31,640 [INFO] HiEve Preprocessing took 0:00:31
2021-07-23 11:43:31,640 [INFO] HiEve training instance num: 7859, valid instance num: 7108, test instance num: 6336, cv-valid instance num: 15880, cv-test instance num: 10098, 
2021-07-23 11:43:31,640 [INFO] debug mode on
2021-07-23 11:43:31,890 [INFO] hieve length debugging mode: %d
2021-07-23 11:43:32,940 [INFO] loading configuration file https://s3.amazonaws.com/models.huggingface.co/bert/roberta-base-config.json from cache at /Users/ehwang/.cache/torch/transformers/e1a2a406b5a05063c31f4dfdee7608986ba7c6393f7f79db5e69dcd197208534.117c81977c5979de8c088352e74ec6e70f5c66096c28b61d3c50101609b39690
2021-07-23 11:43:32,941 [INFO] Model config RobertaConfig {
  "architectures": [
    "RobertaForMaskedLM"
  ],
  "attention_probs_dropout_prob": 0.1,
  "bos_token_id": 0,
  "do_sample": false,
  "eos_token_id": 2,
  "eos_token_ids": null,
  "finetuning_task": null,
  "hidden_act": "gelu",
  "hidden_dropout_prob": 0.1,
  "hidden_size": 768,
  "id2label": {
    "0": "LABEL_0",
    "1": "LABEL_1"
  },
  "initializer_range": 0.02,
  "intermediate_size": 3072,
  "is_decoder": false,
  "label2id": {
    "LABEL_0": 0,
    "LABEL_1": 1
  },
  "layer_norm_eps": 1e-05,
  "length_penalty": 1.0,
  "max_length": 20,
  "max_position_embeddings": 514,
  "model_type": "roberta",
  "num_attention_heads": 12,
  "num_beams": 1,
  "num_hidden_layers": 12,
  "num_labels": 2,
  "num_return_sequences": 1,
  "output_attentions": false,
  "output_hidden_states": false,
  "output_past": true,
  "pad_token_id": 1,
  "pruned_heads": {},
  "repetition_penalty": 1.0,
  "temperature": 1.0,
  "top_k": 50,
  "top_p": 1.0,
  "torchscript": false,
  "type_vocab_size": 1,
  "use_bfloat16": false,
  "vocab_size": 50265
}

2021-07-23 11:43:33,894 [INFO] loading weights file https://s3.amazonaws.com/models.huggingface.co/bert/roberta-base-pytorch_model.bin from cache at /Users/ehwang/.cache/torch/transformers/228756ed15b6d200d7cb45aaef08c087e2706f54cb912863d2efe07c89584eb7.49b88ba7ec2c26a7558dda98ca3884c3b80fa31cf43a1b1f23aef3ff81ba344e
2021-07-23 11:43:36,488 [INFO] ======== Epoch 1 / 10 ========
2021-07-23 11:43:36,488 [INFO] Training start...
2021-07-23 11:44:15,706 [INFO] epoch: 1, loss: 0.000000
2021-07-23 11:44:15,707 [INFO] [valid-hieve] start... 
2021-07-23 11:44:49,362 [INFO] confusion_matrix: 
[[ 0  0  0  6]
 [ 0  0  0 10]
 [ 0  0  0 79]
 [ 0  0  0  5]]
2021-07-23 11:44:49,371 [INFO] classifiction_report: 
              precision    recall  f1-score   support

          00       0.00      0.00      0.00         6
          01       0.00      0.00      0.00        10
          10       0.00      0.00      0.00        79
          11       0.05      1.00      0.10         5

    accuracy                           0.05       100
   macro avg       0.01      0.25      0.02       100
weighted avg       0.00      0.05      0.00       100

2021-07-23 11:44:49,371 [INFO] macro f1 score: 0.0000
2021-07-23 11:44:49,371 [INFO] done!
2021-07-23 11:44:49,560 [INFO] # of 10 labels: 79
2021-07-23 11:44:49,735 [INFO] # of 01 labels: 10
2021-07-23 11:44:49,889 [INFO] # of 11 labels: 5
2021-07-23 11:44:50,158 [INFO] # of 00 labels: 6
2021-07-23 11:44:50,159 [INFO] valid_metrics: {'[valid-hieve] Precision': 0.05, '[valid-hieve] Recall': 0.05319148936170213, '[valid-hieve] F1 Score': 0.051546391752577324, '[valid] Elapsed Time': 33.66375398635864}
2021-07-23 11:44:50,159 [INFO] cv_valid_metrics: {}
2021-07-23 11:44:50,159 [INFO] best epoch: 1, best f1 score: 0.051546
2021-07-23 11:44:50,160 [INFO] ======== Epoch 2 / 10 ========
2021-07-23 11:44:50,160 [INFO] Training start...
