2021-07-04 10:13:34,045 [INFO] {'data_dir': '../data', 'no_cuda': False, 'debug': True, 'log_batch_size': 7, 'epochs': 10, 'data_type': 'hieve', 'finetune': False, 'model': 'box', 'downsample': 0.01, 'learning_rate': 0.01, 'lambda_anno': 1.0, 'lambda_trans': 0.0, 'lambda_cross': 0.0, 'volume_temp': 1.0, 'intersection_temp': 0.0001, 'hieve_threshold': -0.6, 'matres_threshold': -0.5, 'mlp_size': 32, 'mlp_output_dim': 32, 'hieve_mlp_size': 64, 'matres_mlp_size': 32, 'proj_output_dim': 32, 'num_layers': 1, 'roberta_hidden_size': 1024, 'lstm_hidden_size': 256, 'lstm_input_size': 768, 'no_valid': False, 'loss_type': 0, 'patience': 8, 'eval_step': 1, 'eval_type': 'one', 'load_model': 0, 'saved_model': '/Users/ehwang/PycharmProjects/CE2ERE/src/model/matres_20210505163300_2ya6wb7v.pt', 'wandb_id': 'hwang7520/CE2ERE-src/2ya6wb7v', 'load_valid': 0, 'save_plot': 0}
2021-07-04 10:13:34,046 [INFO] Requested CUDA but it is not available, running on CPU
2021-07-04 10:14:05,412 [INFO] HiEve Preprocessing took 0:00:31
2021-07-04 10:14:05,412 [INFO] HiEve training instance num: 6446, valid instance num: 7670, test instance num: 5560
2021-07-04 10:14:05,412 [INFO] debug mode on
2021-07-04 10:14:05,647 [INFO] hieve length debugging mode: %d
2021-07-04 10:14:05,683 [DEBUG] Starting new HTTPS connection (1): s3.amazonaws.com:443
2021-07-04 10:14:06,512 [DEBUG] https://s3.amazonaws.com:443 "HEAD /models.huggingface.co/bert/roberta-base-config.json HTTP/1.1" 200 0
2021-07-04 10:14:06,518 [INFO] loading configuration file https://s3.amazonaws.com/models.huggingface.co/bert/roberta-base-config.json from cache at /Users/ehwang/.cache/torch/transformers/e1a2a406b5a05063c31f4dfdee7608986ba7c6393f7f79db5e69dcd197208534.117c81977c5979de8c088352e74ec6e70f5c66096c28b61d3c50101609b39690
2021-07-04 10:14:06,519 [INFO] Model config RobertaConfig {
  "architectures": [
    "RobertaForMaskedLM"
  ],
  "attention_probs_dropout_prob": 0.1,
  "bos_token_id": 0,
  "do_sample": false,
  "eos_token_id": 2,
  "eos_token_ids": null,
  "finetuning_task": null,
  "hidden_act": "gelu",
  "hidden_dropout_prob": 0.1,
  "hidden_size": 768,
  "id2label": {
    "0": "LABEL_0",
    "1": "LABEL_1"
  },
  "initializer_range": 0.02,
  "intermediate_size": 3072,
  "is_decoder": false,
  "label2id": {
    "LABEL_0": 0,
    "LABEL_1": 1
  },
  "layer_norm_eps": 1e-05,
  "length_penalty": 1.0,
  "max_length": 20,
  "max_position_embeddings": 514,
  "model_type": "roberta",
  "num_attention_heads": 12,
  "num_beams": 1,
  "num_hidden_layers": 12,
  "num_labels": 2,
  "num_return_sequences": 1,
  "output_attentions": false,
  "output_hidden_states": false,
  "output_past": true,
  "pad_token_id": 1,
  "pruned_heads": {},
  "repetition_penalty": 1.0,
  "temperature": 1.0,
  "top_k": 50,
  "top_p": 1.0,
  "torchscript": false,
  "type_vocab_size": 1,
  "use_bfloat16": false,
  "vocab_size": 50265
}

2021-07-04 10:14:06,523 [DEBUG] Starting new HTTPS connection (1): s3.amazonaws.com:443
2021-07-04 10:14:07,350 [DEBUG] https://s3.amazonaws.com:443 "HEAD /models.huggingface.co/bert/roberta-base-pytorch_model.bin HTTP/1.1" 200 0
2021-07-04 10:14:07,355 [INFO] loading weights file https://s3.amazonaws.com/models.huggingface.co/bert/roberta-base-pytorch_model.bin from cache at /Users/ehwang/.cache/torch/transformers/228756ed15b6d200d7cb45aaef08c087e2706f54cb912863d2efe07c89584eb7.49b88ba7ec2c26a7558dda98ca3884c3b80fa31cf43a1b1f23aef3ff81ba344e
2021-07-04 10:14:10,011 [INFO] ======== Epoch 1 / 10 ========
2021-07-04 10:14:10,011 [INFO] Training start...
2021-07-04 10:14:50,740 [INFO] epoch: 1, loss: 192.034742
2021-07-04 10:14:50,742 [INFO] [valid-hieve] start... 
2021-07-04 10:15:25,318 [INFO] confusion_matrix: 
[[ 5  0  0  0]
 [15  2  0  1]
 [44  0  1  1]
 [22  0  4  5]]
2021-07-04 10:15:25,324 [INFO] classifiction_report: 
              precision    recall  f1-score   support

          00       0.06      1.00      0.11         5
          01       1.00      0.11      0.20        18
          10       0.20      0.02      0.04        46
          11       0.71      0.16      0.26        31

    accuracy                           0.13       100
   macro avg       0.49      0.32      0.15       100
weighted avg       0.50      0.13      0.14       100

2021-07-04 10:15:25,325 [INFO] macro f1 score: 0.1196
2021-07-04 10:15:25,325 [INFO] done!
2021-07-04 10:15:25,328 [INFO] [cv-valid-hieve] start... 
2021-07-04 10:15:59,581 [INFO] [cv-valid-hieve] constraint-violation: {('10', '10', '01'): 0, ('10', '10', '11'): 0, ('10', '10', '00'): 0, ('10', '11', '01'): 0, ('10', '11', '11'): 1, ('10', '11', '00'): 2, ('10', '00', '01'): 0, ('10', '00', '11'): 0, ('01', '01', '10'): 0, ('01', '01', '11'): 0, ('01', '01', '00'): 0, ('01', '11', '10'): 0, ('01', '11', '11'): 0, ('01', '11', '00'): 0, ('01', '00', '10'): 1, ('01', '00', '11'): 0, ('11', '10', '01'): 0, ('11', '10', '11'): 0, ('11', '10', '00'): 1, ('11', '01', '10'): 0, ('11', '01', '11'): 0, ('11', '01', '00'): 0, ('11', '11', '10'): 0, ('11', '11', '01'): 0, ('11', '11', '00'): 1, ('11', '00', '10'): 0, ('11', '00', '01'): 0, ('11', '00', '11'): 2, ('00', '10', '01'): 0, ('00', '10', '11'): 0, ('00', '01', '10'): 0, ('00', '01', '11'): 0, ('00', '11', '10'): 0, ('00', '11', '01'): 0, ('00', '11', '11'): 2}
2021-07-04 10:15:59,581 [INFO] [cv-valid-hieve] all_cases: {('10', '10'): 0, ('10', '01'): 0, ('10', '11'): 3, ('10', '00'): 2, ('01', '10'): 0, ('01', '01'): 0, ('01', '11'): 0, ('01', '00'): 2, ('11', '10'): 1, ('11', '01'): 0, ('11', '11'): 3, ('11', '00'): 3, ('00', '10'): 3, ('00', '01'): 2, ('00', '11'): 19, ('00', '00'): 62}
2021-07-04 10:15:59,583 [INFO] confusion_matrix: 
[[ 5  0  0  0]
 [15  2  0  1]
 [44  0  1  1]
 [22  0  4  5]]
2021-07-04 10:15:59,589 [INFO] classifiction_report: 
              precision    recall  f1-score   support

          00       0.06      1.00      0.11         5
          01       1.00      0.11      0.20        18
          10       0.20      0.02      0.04        46
          11       0.71      0.16      0.26        31

    accuracy                           0.13       100
   macro avg       0.49      0.32      0.15       100
weighted avg       0.50      0.13      0.14       100

2021-07-04 10:15:59,589 [INFO] macro f1 score: 0.1196
2021-07-04 10:15:59,589 [INFO] done!
2021-07-04 10:15:59,592 [INFO] valid_metrics: {'[valid-hieve] Precision': 0.5714285714285714, '[valid-hieve] Recall': 0.08421052631578947, '[valid-hieve] F1 Score': 0.14678899082568805, '[valid] Elapsed Time': 34.5831139087677}
2021-07-04 10:15:59,593 [INFO] cv_valid_metrics: {'[cv-valid-hieve] Precision': 0.5714285714285714, '[cv-valid-hieve] Recall': 0.08421052631578947, '[cv-valid-hieve] F1 Score': 0.14678899082568805, '[cv-valid] Elapsed Time': 34.260706186294556}
2021-07-04 10:15:59,761 [INFO] model is saved here: ./model/hieve_20210704101410_31868enz.pt, best epoch: 1, best f1 score: 0.146789
2021-07-04 10:15:59,767 [INFO] ======== Epoch 2 / 10 ========
2021-07-04 10:15:59,767 [INFO] Training start...
2021-07-04 10:16:38,906 [INFO] epoch: 2, loss: 204.117624
2021-07-04 10:16:38,907 [INFO] [valid-hieve] start... 
2021-07-04 10:17:12,866 [INFO] confusion_matrix: 
[[ 1  0  0  4]
 [ 5  1  0 12]
 [ 2  2  7 35]
 [ 3  1  0 27]]
2021-07-04 10:17:12,873 [INFO] classifiction_report: 
              precision    recall  f1-score   support

          00       0.09      0.20      0.13         5
          01       0.25      0.06      0.09        18
          10       1.00      0.15      0.26        46
          11       0.35      0.87      0.50        31

    accuracy                           0.36       100
   macro avg       0.42      0.32      0.24       100
weighted avg       0.62      0.36      0.30       100

2021-07-04 10:17:12,873 [INFO] macro f1 score: 0.1775
2021-07-04 10:17:12,873 [INFO] done!
2021-07-04 10:17:12,877 [INFO] [cv-valid-hieve] start... 
2021-07-04 10:17:46,611 [INFO] [cv-valid-hieve] constraint-violation: {('10', '10', '01'): 0, ('10', '10', '11'): 0, ('10', '10', '00'): 0, ('10', '11', '01'): 0, ('10', '11', '11'): 1, ('10', '11', '00'): 0, ('10', '00', '01'): 0, ('10', '00', '11'): 4, ('01', '01', '10'): 0, ('01', '01', '11'): 0, ('01', '01', '00'): 0, ('01', '11', '10'): 0, ('01', '11', '11'): 3, ('01', '11', '00'): 1, ('01', '00', '10'): 0, ('01', '00', '11'): 0, ('11', '10', '01'): 0, ('11', '10', '11'): 1, ('11', '10', '00'): 0, ('11', '01', '10'): 0, ('11', '01', '11'): 3, ('11', '01', '00'): 0, ('11', '11', '10'): 1, ('11', '11', '01'): 4, ('11', '11', '00'): 3, ('11', '00', '10'): 0, ('11', '00', '01'): 1, ('11', '00', '11'): 2, ('00', '10', '01'): 0, ('00', '10', '11'): 0, ('00', '01', '10'): 0, ('00', '01', '11'): 0, ('00', '11', '10'): 0, ('00', '11', '01'): 2, ('00', '11', '11'): 2}
2021-07-04 10:17:46,611 [INFO] [cv-valid-hieve] all_cases: {('10', '10'): 0, ('10', '01'): 2, ('10', '11'): 1, ('10', '00'): 4, ('01', '10'): 0, ('01', '01'): 0, ('01', '11'): 4, ('01', '00'): 0, ('11', '10'): 2, ('11', '01'): 3, ('11', '11'): 66, ('11', '00'): 7, ('00', '10'): 0, ('00', '01'): 0, ('00', '11'): 7, ('00', '00'): 4}
2021-07-04 10:17:46,613 [INFO] confusion_matrix: 
[[ 1  0  0  4]
 [ 5  1  0 12]
 [ 2  2  7 35]
 [ 3  1  0 27]]
2021-07-04 10:17:46,619 [INFO] classifiction_report: 
              precision    recall  f1-score   support

          00       0.09      0.20      0.13         5
          01       0.25      0.06      0.09        18
          10       1.00      0.15      0.26        46
          11       0.35      0.87      0.50        31

    accuracy                           0.36       100
   macro avg       0.42      0.32      0.24       100
weighted avg       0.62      0.36      0.30       100

2021-07-04 10:17:46,619 [INFO] macro f1 score: 0.1775
2021-07-04 10:17:46,620 [INFO] done!
2021-07-04 10:17:46,623 [INFO] valid_metrics: {'[valid-hieve] Precision': 0.39325842696629215, '[valid-hieve] Recall': 0.3684210526315789, '[valid-hieve] F1 Score': 0.3804347826086957, '[valid] Elapsed Time': 33.966055154800415}
2021-07-04 10:17:46,623 [INFO] cv_valid_metrics: {'[cv-valid-hieve] Precision': 0.39325842696629215, '[cv-valid-hieve] Recall': 0.3684210526315789, '[cv-valid-hieve] F1 Score': 0.3804347826086957, '[cv-valid] Elapsed Time': 33.74318313598633}
2021-07-04 10:17:46,818 [INFO] model is saved here: ./model/hieve_20210704101410_31868enz.pt, best epoch: 2, best f1 score: 0.380435
2021-07-04 10:17:46,818 [INFO] ======== Epoch 3 / 10 ========
2021-07-04 10:17:46,818 [INFO] Training start...
2021-07-04 10:18:26,600 [INFO] epoch: 3, loss: 134.474535
2021-07-04 10:18:26,601 [INFO] [valid-hieve] start... 
2021-07-04 10:19:01,162 [INFO] confusion_matrix: 
[[ 2  0  1  2]
 [ 9  0  0  9]
 [12  0  5 29]
 [ 5  0  0 26]]
2021-07-04 10:19:01,171 [INFO] classifiction_report: 
              precision    recall  f1-score   support

          00       0.07      0.40      0.12         5
          01       0.00      0.00      0.00        18
          10       0.83      0.11      0.19        46
          11       0.39      0.84      0.54        31

    accuracy                           0.33       100
   macro avg       0.32      0.34      0.21       100
weighted avg       0.51      0.33      0.26       100

2021-07-04 10:19:01,171 [INFO] macro f1 score: 0.0962
2021-07-04 10:19:01,171 [INFO] done!
2021-07-04 10:19:01,175 [INFO] [cv-valid-hieve] start... 
2021-07-04 10:19:35,297 [INFO] [cv-valid-hieve] constraint-violation: {('10', '10', '01'): 0, ('10', '10', '11'): 0, ('10', '10', '00'): 0, ('10', '11', '01'): 0, ('10', '11', '11'): 0, ('10', '11', '00'): 1, ('10', '00', '01'): 0, ('10', '00', '11'): 5, ('01', '01', '10'): 0, ('01', '01', '11'): 0, ('01', '01', '00'): 0, ('01', '11', '10'): 0, ('01', '11', '11'): 0, ('01', '11', '00'): 0, ('01', '00', '10'): 0, ('01', '00', '11'): 0, ('11', '10', '01'): 0, ('11', '10', '11'): 1, ('11', '10', '00'): 0, ('11', '01', '10'): 0, ('11', '01', '11'): 0, ('11', '01', '00'): 0, ('11', '11', '10'): 2, ('11', '11', '01'): 0, ('11', '11', '00'): 2, ('11', '00', '10'): 0, ('11', '00', '01'): 0, ('11', '00', '11'): 0, ('00', '10', '01'): 0, ('00', '10', '11'): 0, ('00', '01', '10'): 0, ('00', '01', '11'): 1, ('00', '11', '10'): 0, ('00', '11', '01'): 0, ('00', '11', '11'): 0}
2021-07-04 10:19:35,298 [INFO] [cv-valid-hieve] all_cases: {('10', '10'): 0, ('10', '01'): 0, ('10', '11'): 1, ('10', '00'): 5, ('01', '10'): 0, ('01', '01'): 0, ('01', '11'): 0, ('01', '00'): 0, ('11', '10'): 1, ('11', '01'): 0, ('11', '11'): 57, ('11', '00'): 8, ('00', '10'): 0, ('00', '01'): 1, ('00', '11'): 11, ('00', '00'): 16}
2021-07-04 10:19:35,299 [INFO] confusion_matrix: 
[[ 2  0  1  2]
 [ 9  0  0  9]
 [12  0  5 29]
 [ 5  0  0 26]]
2021-07-04 10:19:35,305 [INFO] classifiction_report: 
              precision    recall  f1-score   support

          00       0.07      0.40      0.12         5
          01       0.00      0.00      0.00        18
          10       0.83      0.11      0.19        46
          11       0.39      0.84      0.54        31

    accuracy                           0.33       100
   macro avg       0.32      0.34      0.21       100
weighted avg       0.51      0.33      0.26       100

2021-07-04 10:19:35,305 [INFO] macro f1 score: 0.0962
2021-07-04 10:19:35,305 [INFO] done!
2021-07-04 10:19:35,308 [INFO] valid_metrics: {'[valid-hieve] Precision': 0.4305555555555556, '[valid-hieve] Recall': 0.3263157894736842, '[valid-hieve] F1 Score': 0.3712574850299401, '[valid] Elapsed Time': 34.569812059402466}
2021-07-04 10:19:35,308 [INFO] cv_valid_metrics: {'[cv-valid-hieve] Precision': 0.4305555555555556, '[cv-valid-hieve] Recall': 0.3263157894736842, '[cv-valid-hieve] F1 Score': 0.3712574850299401, '[cv-valid] Elapsed Time': 34.13010311126709}
2021-07-04 10:19:35,309 [INFO] ======== Epoch 4 / 10 ========
2021-07-04 10:19:35,309 [INFO] Training start...
2021-07-04 10:20:20,444 [INFO] epoch: 4, loss: 132.100374
2021-07-04 10:20:20,445 [INFO] [valid-hieve] start... 
2021-07-04 10:20:59,496 [INFO] confusion_matrix: 
[[ 3  0  2  0]
 [ 2 10  0  6]
 [24  0 14  8]
 [ 5  2  0 24]]
2021-07-04 10:20:59,502 [INFO] classifiction_report: 
              precision    recall  f1-score   support

          00       0.09      0.60      0.15         5
          01       0.83      0.56      0.67        18
          10       0.88      0.30      0.45        46
          11       0.63      0.77      0.70        31

    accuracy                           0.51       100
   macro avg       0.61      0.56      0.49       100
weighted avg       0.75      0.51      0.55       100

2021-07-04 10:20:59,502 [INFO] macro f1 score: 0.5591
2021-07-04 10:20:59,502 [INFO] done!
2021-07-04 10:20:59,506 [INFO] [cv-valid-hieve] start... 
2021-07-04 10:21:35,475 [INFO] [cv-valid-hieve] constraint-violation: {('10', '10', '01'): 0, ('10', '10', '11'): 0, ('10', '10', '00'): 0, ('10', '11', '01'): 0, ('10', '11', '11'): 5, ('10', '11', '00'): 3, ('10', '00', '01'): 0, ('10', '00', '11'): 0, ('01', '01', '10'): 0, ('01', '01', '11'): 0, ('01', '01', '00'): 0, ('01', '11', '10'): 0, ('01', '11', '11'): 1, ('01', '11', '00'): 0, ('01', '00', '10'): 0, ('01', '00', '11'): 1, ('11', '10', '01'): 0, ('11', '10', '11'): 2, ('11', '10', '00'): 1, ('11', '01', '10'): 0, ('11', '01', '11'): 0, ('11', '01', '00'): 0, ('11', '11', '10'): 4, ('11', '11', '01'): 1, ('11', '11', '00'): 1, ('11', '00', '10'): 0, ('11', '00', '01'): 0, ('11', '00', '11'): 0, ('00', '10', '01'): 0, ('00', '10', '11'): 0, ('00', '01', '10'): 2, ('00', '01', '11'): 9, ('00', '11', '10'): 2, ('00', '11', '01'): 0, ('00', '11', '11'): 2}
2021-07-04 10:21:35,475 [INFO] [cv-valid-hieve] all_cases: {('10', '10'): 0, ('10', '01'): 5, ('10', '11'): 10, ('10', '00'): 1, ('01', '10'): 1, ('01', '01'): 0, ('01', '11'): 10, ('01', '00'): 1, ('11', '10'): 6, ('11', '01'): 3, ('11', '11'): 27, ('11', '00'): 2, ('00', '10'): 0, ('00', '01'): 12, ('00', '11'): 12, ('00', '00'): 10}
2021-07-04 10:21:35,477 [INFO] confusion_matrix: 
[[ 3  0  2  0]
 [ 2 10  0  6]
 [24  0 14  8]
 [ 5  2  0 24]]
2021-07-04 10:21:35,483 [INFO] classifiction_report: 
              precision    recall  f1-score   support

          00       0.09      0.60      0.15         5
          01       0.83      0.56      0.67        18
          10       0.88      0.30      0.45        46
          11       0.63      0.77      0.70        31

    accuracy                           0.51       100
   macro avg       0.61      0.56      0.49       100
weighted avg       0.75      0.51      0.55       100

2021-07-04 10:21:35,484 [INFO] macro f1 score: 0.5591
2021-07-04 10:21:35,484 [INFO] done!
2021-07-04 10:21:35,487 [INFO] valid_metrics: {'[valid-hieve] Precision': 0.7272727272727273, '[valid-hieve] Recall': 0.5052631578947369, '[valid-hieve] F1 Score': 0.5962732919254659, '[valid] Elapsed Time': 39.056867837905884}
2021-07-04 10:21:35,488 [INFO] cv_valid_metrics: {'[cv-valid-hieve] Precision': 0.7272727272727273, '[cv-valid-hieve] Recall': 0.5052631578947369, '[cv-valid-hieve] F1 Score': 0.5962732919254659, '[cv-valid] Elapsed Time': 35.97817826271057}
2021-07-04 10:21:35,690 [INFO] model is saved here: ./model/hieve_20210704101410_31868enz.pt, best epoch: 4, best f1 score: 0.596273
2021-07-04 10:21:35,691 [INFO] ======== Epoch 5 / 10 ========
2021-07-04 10:21:35,691 [INFO] Training start...
2021-07-04 10:22:20,681 [INFO] epoch: 5, loss: 118.360017
2021-07-04 10:22:20,682 [INFO] [valid-hieve] start... 
2021-07-04 10:23:04,566 [INFO] confusion_matrix: 
[[ 2  1  2  0]
 [ 2 12  0  4]
 [26  0 14  6]
 [ 0  2 11 18]]
2021-07-04 10:23:04,572 [INFO] classifiction_report: 
              precision    recall  f1-score   support

          00       0.07      0.40      0.11         5
          01       0.80      0.67      0.73        18
          10       0.52      0.30      0.38        46
          11       0.64      0.58      0.61        31

    accuracy                           0.46       100
   macro avg       0.51      0.49      0.46       100
weighted avg       0.59      0.46      0.50       100

2021-07-04 10:23:04,573 [INFO] macro f1 score: 0.5554
2021-07-04 10:23:04,573 [INFO] done!
2021-07-04 10:23:04,576 [INFO] [cv-valid-hieve] start... 
2021-07-04 10:23:42,805 [INFO] [cv-valid-hieve] constraint-violation: {('10', '10', '01'): 0, ('10', '10', '11'): 0, ('10', '10', '00'): 1, ('10', '11', '01'): 0, ('10', '11', '11'): 4, ('10', '11', '00'): 3, ('10', '00', '01'): 0, ('10', '00', '11'): 0, ('01', '01', '10'): 0, ('01', '01', '11'): 0, ('01', '01', '00'): 0, ('01', '11', '10'): 0, ('01', '11', '11'): 0, ('01', '11', '00'): 1, ('01', '00', '10'): 0, ('01', '00', '11'): 0, ('11', '10', '01'): 0, ('11', '10', '11'): 1, ('11', '10', '00'): 1, ('11', '01', '10'): 0, ('11', '01', '11'): 0, ('11', '01', '00'): 0, ('11', '11', '10'): 0, ('11', '11', '01'): 0, ('11', '11', '00'): 0, ('11', '00', '10'): 2, ('11', '00', '01'): 0, ('11', '00', '11'): 0, ('00', '10', '01'): 0, ('00', '10', '11'): 0, ('00', '01', '10'): 5, ('00', '01', '11'): 0, ('00', '11', '10'): 3, ('00', '11', '01'): 0, ('00', '11', '11'): 5}
2021-07-04 10:23:42,805 [INFO] [cv-valid-hieve] all_cases: {('10', '10'): 1, ('10', '01'): 12, ('10', '11'): 13, ('10', '00'): 1, ('01', '10'): 3, ('01', '01'): 0, ('01', '11'): 12, ('01', '00'): 0, ('11', '10'): 7, ('11', '01'): 3, ('11', '11'): 15, ('11', '00'): 3, ('00', '10'): 2, ('00', '01'): 7, ('00', '11'): 14, ('00', '00'): 7}
2021-07-04 10:23:42,807 [INFO] confusion_matrix: 
[[ 2  1  2  0]
 [ 2 12  0  4]
 [26  0 14  6]
 [ 0  2 11 18]]
2021-07-04 10:23:42,814 [INFO] classifiction_report: 
              precision    recall  f1-score   support

          00       0.07      0.40      0.11         5
          01       0.80      0.67      0.73        18
          10       0.52      0.30      0.38        46
          11       0.64      0.58      0.61        31

    accuracy                           0.46       100
   macro avg       0.51      0.49      0.46       100
weighted avg       0.59      0.46      0.50       100

2021-07-04 10:23:42,814 [INFO] macro f1 score: 0.5554
2021-07-04 10:23:42,815 [INFO] done!
2021-07-04 10:23:42,818 [INFO] valid_metrics: {'[valid-hieve] Precision': 0.6285714285714286, '[valid-hieve] Recall': 0.4631578947368421, '[valid-hieve] F1 Score': 0.5333333333333333, '[valid] Elapsed Time': 43.890525817871094}
2021-07-04 10:23:42,818 [INFO] cv_valid_metrics: {'[cv-valid-hieve] Precision': 0.6285714285714286, '[cv-valid-hieve] Recall': 0.4631578947368421, '[cv-valid-hieve] F1 Score': 0.5333333333333333, '[cv-valid] Elapsed Time': 38.23834490776062}
2021-07-04 10:23:42,819 [INFO] ======== Epoch 6 / 10 ========
2021-07-04 10:23:42,819 [INFO] Training start...
2021-07-04 10:24:28,572 [INFO] epoch: 6, loss: 106.065472
2021-07-04 10:24:28,573 [INFO] [valid-hieve] start... 
2021-07-04 10:25:08,218 [INFO] confusion_matrix: 
[[ 2  1  2  0]
 [ 0 15  0  3]
 [12  1 27  6]
 [ 0  2 11 18]]
2021-07-04 10:25:08,225 [INFO] classifiction_report: 
              precision    recall  f1-score   support

          00       0.14      0.40      0.21         5
          01       0.79      0.83      0.81        18
          10       0.68      0.59      0.63        46
          11       0.67      0.58      0.62        31

    accuracy                           0.62       100
   macro avg       0.57      0.60      0.57       100
weighted avg       0.67      0.62      0.64       100

2021-07-04 10:25:08,225 [INFO] macro f1 score: 0.7194
2021-07-04 10:25:08,225 [INFO] done!
2021-07-04 10:25:08,229 [INFO] [cv-valid-hieve] start... 
2021-07-04 10:25:43,380 [INFO] [cv-valid-hieve] constraint-violation: {('10', '10', '01'): 0, ('10', '10', '11'): 0, ('10', '10', '00'): 0, ('10', '11', '01'): 0, ('10', '11', '11'): 4, ('10', '11', '00'): 0, ('10', '00', '01'): 0, ('10', '00', '11'): 0, ('01', '01', '10'): 0, ('01', '01', '11'): 0, ('01', '01', '00'): 0, ('01', '11', '10'): 0, ('01', '11', '11'): 1, ('01', '11', '00'): 0, ('01', '00', '10'): 0, ('01', '00', '11'): 0, ('11', '10', '01'): 0, ('11', '10', '11'): 2, ('11', '10', '00'): 0, ('11', '01', '10'): 0, ('11', '01', '11'): 0, ('11', '01', '00'): 0, ('11', '11', '10'): 1, ('11', '11', '01'): 0, ('11', '11', '00'): 0, ('11', '00', '10'): 0, ('11', '00', '01'): 0, ('11', '00', '11'): 0, ('00', '10', '01'): 0, ('00', '10', '11'): 0, ('00', '01', '10'): 4, ('00', '01', '11'): 0, ('00', '11', '10'): 3, ('00', '11', '01'): 0, ('00', '11', '11'): 2}
2021-07-04 10:25:43,381 [INFO] [cv-valid-hieve] all_cases: {('10', '10'): 2, ('10', '01'): 20, ('10', '11'): 16, ('10', '00'): 2, ('01', '10'): 6, ('01', '01'): 0, ('01', '11'): 13, ('01', '00'): 0, ('11', '10'): 9, ('11', '01'): 3, ('11', '11'): 14, ('11', '00'): 1, ('00', '10'): 1, ('00', '01'): 4, ('00', '11'): 6, ('00', '00'): 3}
2021-07-04 10:25:43,382 [INFO] confusion_matrix: 
[[ 2  1  2  0]
 [ 0 15  0  3]
 [12  1 27  6]
 [ 0  2 11 18]]
2021-07-04 10:25:43,388 [INFO] classifiction_report: 
              precision    recall  f1-score   support

          00       0.14      0.40      0.21         5
          01       0.79      0.83      0.81        18
          10       0.68      0.59      0.63        46
          11       0.67      0.58      0.62        31

    accuracy                           0.62       100
   macro avg       0.57      0.60      0.57       100
weighted avg       0.67      0.62      0.64       100

2021-07-04 10:25:43,388 [INFO] macro f1 score: 0.7194
2021-07-04 10:25:43,388 [INFO] done!
2021-07-04 10:25:43,391 [INFO] valid_metrics: {'[valid-hieve] Precision': 0.6976744186046512, '[valid-hieve] Recall': 0.631578947368421, '[valid-hieve] F1 Score': 0.6629834254143646, '[valid] Elapsed Time': 39.65196418762207}
2021-07-04 10:25:43,392 [INFO] cv_valid_metrics: {'[cv-valid-hieve] Precision': 0.6976744186046512, '[cv-valid-hieve] Recall': 0.631578947368421, '[cv-valid-hieve] F1 Score': 0.6629834254143646, '[cv-valid] Elapsed Time': 35.15974140167236}
2021-07-04 10:25:43,581 [INFO] model is saved here: ./model/hieve_20210704101410_31868enz.pt, best epoch: 6, best f1 score: 0.662983
2021-07-04 10:25:43,582 [INFO] ======== Epoch 7 / 10 ========
2021-07-04 10:25:43,582 [INFO] Training start...
2021-07-04 10:26:26,801 [INFO] epoch: 7, loss: 92.473991
2021-07-04 10:26:26,802 [INFO] [valid-hieve] start... 
2021-07-04 10:27:01,257 [INFO] confusion_matrix: 
[[ 1  2  2  0]
 [ 0 16  0  2]
 [ 0  0 41  5]
 [ 0  2 11 18]]
2021-07-04 10:27:01,262 [INFO] classifiction_report: 
              precision    recall  f1-score   support

          00       1.00      0.20      0.33         5
          01       0.80      0.89      0.84        18
          10       0.76      0.89      0.82        46
          11       0.72      0.58      0.64        31

    accuracy                           0.76       100
   macro avg       0.82      0.64      0.66       100
weighted avg       0.77      0.76      0.74       100

2021-07-04 10:27:01,263 [INFO] macro f1 score: 0.8311
2021-07-04 10:27:01,263 [INFO] done!
2021-07-04 10:27:01,266 [INFO] [cv-valid-hieve] start... 
2021-07-04 10:27:34,754 [INFO] [cv-valid-hieve] constraint-violation: {('10', '10', '01'): 0, ('10', '10', '11'): 0, ('10', '10', '00'): 0, ('10', '11', '01'): 0, ('10', '11', '11'): 2, ('10', '11', '00'): 0, ('10', '00', '01'): 0, ('10', '00', '11'): 0, ('01', '01', '10'): 0, ('01', '01', '11'): 0, ('01', '01', '00'): 0, ('01', '11', '10'): 0, ('01', '11', '11'): 3, ('01', '11', '00'): 0, ('01', '00', '10'): 0, ('01', '00', '11'): 0, ('11', '10', '01'): 0, ('11', '10', '11'): 1, ('11', '10', '00'): 0, ('11', '01', '10'): 0, ('11', '01', '11'): 0, ('11', '01', '00'): 0, ('11', '11', '10'): 1, ('11', '11', '01'): 1, ('11', '11', '00'): 0, ('11', '00', '10'): 0, ('11', '00', '01'): 0, ('11', '00', '11'): 0, ('00', '10', '01'): 0, ('00', '10', '11'): 0, ('00', '01', '10'): 0, ('00', '01', '11'): 0, ('00', '11', '10'): 0, ('00', '11', '01'): 0, ('00', '11', '11'): 1}
2021-07-04 10:27:34,755 [INFO] [cv-valid-hieve] all_cases: {('10', '10'): 4, ('10', '01'): 25, ('10', '11'): 24, ('10', '00'): 1, ('01', '10'): 4, ('01', '01'): 0, ('01', '11'): 16, ('01', '00'): 0, ('11', '10'): 11, ('11', '01'): 3, ('11', '11'): 11, ('11', '00'): 0, ('00', '10'): 0, ('00', '01'): 0, ('00', '11'): 1, ('00', '00'): 0}
2021-07-04 10:27:34,756 [INFO] confusion_matrix: 
[[ 1  2  2  0]
 [ 0 16  0  2]
 [ 0  0 41  5]
 [ 0  2 11 18]]
2021-07-04 10:27:34,762 [INFO] classifiction_report: 
              precision    recall  f1-score   support

          00       1.00      0.20      0.33         5
          01       0.80      0.89      0.84        18
          10       0.76      0.89      0.82        46
          11       0.72      0.58      0.64        31

    accuracy                           0.76       100
   macro avg       0.82      0.64      0.66       100
weighted avg       0.77      0.76      0.74       100

2021-07-04 10:27:34,762 [INFO] macro f1 score: 0.8311
2021-07-04 10:27:34,762 [INFO] done!
2021-07-04 10:27:34,765 [INFO] valid_metrics: {'[valid-hieve] Precision': 0.7575757575757576, '[valid-hieve] Recall': 0.7894736842105263, '[valid-hieve] F1 Score': 0.7731958762886598, '[valid] Elapsed Time': 34.46094107627869}
2021-07-04 10:27:34,765 [INFO] cv_valid_metrics: {'[cv-valid-hieve] Precision': 0.7575757575757576, '[cv-valid-hieve] Recall': 0.7894736842105263, '[cv-valid-hieve] F1 Score': 0.7731958762886598, '[cv-valid] Elapsed Time': 33.49602723121643}
2021-07-04 10:27:34,937 [INFO] model is saved here: ./model/hieve_20210704101410_31868enz.pt, best epoch: 7, best f1 score: 0.773196
2021-07-04 10:27:34,938 [INFO] ======== Epoch 8 / 10 ========
2021-07-04 10:27:34,938 [INFO] Training start...
2021-07-04 10:28:14,202 [INFO] epoch: 8, loss: 77.631092
2021-07-04 10:28:14,203 [INFO] [valid-hieve] start... 
2021-07-04 10:28:48,312 [INFO] confusion_matrix: 
[[ 1  2  2  0]
 [ 0 17  0  1]
 [ 0  1 42  3]
 [ 0  2  5 24]]
2021-07-04 10:28:48,318 [INFO] classifiction_report: 
              precision    recall  f1-score   support

          00       1.00      0.20      0.33         5
          01       0.77      0.94      0.85        18
          10       0.86      0.91      0.88        46
          11       0.86      0.77      0.81        31

    accuracy                           0.84       100
   macro avg       0.87      0.71      0.72       100
weighted avg       0.85      0.84      0.83       100

2021-07-04 10:28:48,318 [INFO] macro f1 score: 0.8671
2021-07-04 10:28:48,318 [INFO] done!
2021-07-04 10:28:48,322 [INFO] [cv-valid-hieve] start... 
2021-07-04 10:29:21,818 [INFO] [cv-valid-hieve] constraint-violation: {('10', '10', '01'): 0, ('10', '10', '11'): 0, ('10', '10', '00'): 0, ('10', '11', '01'): 0, ('10', '11', '11'): 0, ('10', '11', '00'): 0, ('10', '00', '01'): 0, ('10', '00', '11'): 0, ('01', '01', '10'): 0, ('01', '01', '11'): 0, ('01', '01', '00'): 0, ('01', '11', '10'): 0, ('01', '11', '11'): 1, ('01', '11', '00'): 0, ('01', '00', '10'): 0, ('01', '00', '11'): 0, ('11', '10', '01'): 0, ('11', '10', '11'): 0, ('11', '10', '00'): 0, ('11', '01', '10'): 0, ('11', '01', '11'): 0, ('11', '01', '00'): 0, ('11', '11', '10'): 5, ('11', '11', '01'): 0, ('11', '11', '00'): 0, ('11', '00', '10'): 0, ('11', '00', '01'): 0, ('11', '00', '11'): 0, ('00', '10', '01'): 0, ('00', '10', '11'): 0, ('00', '01', '10'): 0, ('00', '01', '11'): 0, ('00', '11', '10'): 0, ('00', '11', '01'): 0, ('00', '11', '11'): 0}
2021-07-04 10:29:21,818 [INFO] [cv-valid-hieve] all_cases: {('10', '10'): 5, ('10', '01'): 29, ('10', '11'): 14, ('10', '00'): 1, ('01', '10'): 9, ('01', '01'): 0, ('01', '11'): 13, ('01', '00'): 0, ('11', '10'): 11, ('11', '01'): 4, ('11', '11'): 13, ('11', '00'): 0, ('00', '10'): 0, ('00', '01'): 1, ('00', '11'): 0, ('00', '00'): 0}
2021-07-04 10:29:21,819 [INFO] confusion_matrix: 
[[ 1  2  2  0]
 [ 0 17  0  1]
 [ 0  1 42  3]
 [ 0  2  5 24]]
2021-07-04 10:29:21,825 [INFO] classifiction_report: 
              precision    recall  f1-score   support

          00       1.00      0.20      0.33         5
          01       0.77      0.94      0.85        18
          10       0.86      0.91      0.88        46
          11       0.86      0.77      0.81        31

    accuracy                           0.84       100
   macro avg       0.87      0.71      0.72       100
weighted avg       0.85      0.84      0.83       100

2021-07-04 10:29:21,825 [INFO] macro f1 score: 0.8671
2021-07-04 10:29:21,826 [INFO] done!
2021-07-04 10:29:21,829 [INFO] valid_metrics: {'[valid-hieve] Precision': 0.8383838383838383, '[valid-hieve] Recall': 0.8736842105263158, '[valid-hieve] F1 Score': 0.8556701030927836, '[valid] Elapsed Time': 34.11515522003174}
2021-07-04 10:29:21,829 [INFO] cv_valid_metrics: {'[cv-valid-hieve] Precision': 0.8383838383838383, '[cv-valid-hieve] Recall': 0.8736842105263158, '[cv-valid-hieve] F1 Score': 0.8556701030927836, '[cv-valid] Elapsed Time': 33.504047870635986}
2021-07-04 10:29:22,052 [INFO] model is saved here: ./model/hieve_20210704101410_31868enz.pt, best epoch: 8, best f1 score: 0.855670
2021-07-04 10:29:22,053 [INFO] ======== Epoch 9 / 10 ========
2021-07-04 10:29:22,053 [INFO] Training start...
2021-07-04 10:30:01,271 [INFO] epoch: 9, loss: 71.236065
2021-07-04 10:30:01,272 [INFO] [valid-hieve] start... 
2021-07-04 10:30:34,937 [INFO] confusion_matrix: 
[[ 1  2  2  0]
 [ 0 16  0  2]
 [ 0  1 43  2]
 [ 0  2  3 26]]
2021-07-04 10:30:34,943 [INFO] classifiction_report: 
              precision    recall  f1-score   support

          00       1.00      0.20      0.33         5
          01       0.76      0.89      0.82        18
          10       0.90      0.93      0.91        46
          11       0.87      0.84      0.85        31

    accuracy                           0.86       100
   macro avg       0.88      0.72      0.73       100
weighted avg       0.87      0.86      0.85       100

2021-07-04 10:30:34,944 [INFO] macro f1 score: 0.8677
2021-07-04 10:30:34,944 [INFO] done!
2021-07-04 10:30:34,947 [INFO] [cv-valid-hieve] start... 
