2021-06-27 06:22:12,026 [INFO] {'data_dir': '../data', 'no_cuda': False, 'debug': True, 'log_batch_size': 7, 'epochs': 10, 'data_type': 'hieve', 'finetune': False, 'model': 'box', 'downsample': 0.4, 'learning_rate': 0.01, 'lambda_anno': 1.0, 'lambda_trans': 0.0, 'lambda_cross': 0.0, 'volume_temp': 1.0, 'intersection_temp': 0.0001, 'hieve_threshold': -0.5902, 'matres_threshold': -0.5, 'mlp_size': 32, 'mlp_output_dim': 32, 'hieve_mlp_size': 64, 'matres_mlp_size': 32, 'proj_output_dim': 32, 'num_layers': 1, 'roberta_hidden_size': 1024, 'lstm_hidden_size': 256, 'lstm_input_size': 768, 'seed': 10, 'no_valid': False, 'loss_type': 0, 'patience': 8, 'eval_step': 1, 'eval_type': 'one', 'load_model': 0, 'saved_model': '/Users/ehwang/PycharmProjects/CE2ERE/src/model/matres_20210505163300_2ya6wb7v.pt', 'wandb_id': 'hwang7520/CE2ERE-src/2ya6wb7v', 'load_valid': 0}
2021-06-27 06:22:12,026 [INFO] Requested CUDA but it is not available, running on CPU
2021-06-27 06:22:44,215 [INFO] HiEve Preprocessing took 0:00:32
2021-06-27 06:22:44,215 [INFO] HiEve training instance num: 31090, valid instance num: 7107, test instance num: 6314
2021-06-27 06:22:44,215 [INFO] debug mode on
2021-06-27 06:22:44,825 [DEBUG] Starting new HTTPS connection (1): s3.amazonaws.com:443
2021-06-27 06:22:45,665 [DEBUG] https://s3.amazonaws.com:443 "HEAD /models.huggingface.co/bert/roberta-base-config.json HTTP/1.1" 200 0
2021-06-27 06:22:45,670 [INFO] loading configuration file https://s3.amazonaws.com/models.huggingface.co/bert/roberta-base-config.json from cache at /Users/ehwang/.cache/torch/transformers/e1a2a406b5a05063c31f4dfdee7608986ba7c6393f7f79db5e69dcd197208534.117c81977c5979de8c088352e74ec6e70f5c66096c28b61d3c50101609b39690
2021-06-27 06:22:45,670 [INFO] Model config RobertaConfig {
  "architectures": [
    "RobertaForMaskedLM"
  ],
  "attention_probs_dropout_prob": 0.1,
  "bos_token_id": 0,
  "do_sample": false,
  "eos_token_id": 2,
  "eos_token_ids": null,
  "finetuning_task": null,
  "hidden_act": "gelu",
  "hidden_dropout_prob": 0.1,
  "hidden_size": 768,
  "id2label": {
    "0": "LABEL_0",
    "1": "LABEL_1"
  },
  "initializer_range": 0.02,
  "intermediate_size": 3072,
  "is_decoder": false,
  "label2id": {
    "LABEL_0": 0,
    "LABEL_1": 1
  },
  "layer_norm_eps": 1e-05,
  "length_penalty": 1.0,
  "max_length": 20,
  "max_position_embeddings": 514,
  "model_type": "roberta",
  "num_attention_heads": 12,
  "num_beams": 1,
  "num_hidden_layers": 12,
  "num_labels": 2,
  "num_return_sequences": 1,
  "output_attentions": false,
  "output_hidden_states": false,
  "output_past": true,
  "pad_token_id": 1,
  "pruned_heads": {},
  "repetition_penalty": 1.0,
  "temperature": 1.0,
  "top_k": 50,
  "top_p": 1.0,
  "torchscript": false,
  "type_vocab_size": 1,
  "use_bfloat16": false,
  "vocab_size": 50265
}

2021-06-27 06:22:45,675 [DEBUG] Starting new HTTPS connection (1): s3.amazonaws.com:443
2021-06-27 06:22:46,508 [DEBUG] https://s3.amazonaws.com:443 "HEAD /models.huggingface.co/bert/roberta-base-pytorch_model.bin HTTP/1.1" 200 0
2021-06-27 06:22:46,513 [INFO] loading weights file https://s3.amazonaws.com/models.huggingface.co/bert/roberta-base-pytorch_model.bin from cache at /Users/ehwang/.cache/torch/transformers/228756ed15b6d200d7cb45aaef08c087e2706f54cb912863d2efe07c89584eb7.49b88ba7ec2c26a7558dda98ca3884c3b80fa31cf43a1b1f23aef3ff81ba344e
2021-06-27 06:22:49,481 [INFO] ======== Epoch 1 / 10 ========
2021-06-27 06:22:49,482 [INFO] Training start...
2021-06-27 06:23:40,628 [INFO] epoch: 1, loss: 266.798584
2021-06-27 06:23:40,629 [INFO] [valid-hieve] start... 
2021-06-27 06:24:25,659 [INFO] confusion_matrix: 
[[22  0  0  0]
 [12  0  0  7]
 [35  0  7  0]
 [17  0  0  0]]
2021-06-27 06:24:25,670 [INFO] classifiction_report: 
              precision    recall  f1-score   support

          00       0.26      1.00      0.41        22
          01       0.00      0.00      0.00        19
          10       1.00      0.17      0.29        42
          11       0.00      0.00      0.00        17

    accuracy                           0.29       100
   macro avg       0.31      0.29      0.17       100
weighted avg       0.48      0.29      0.21       100

2021-06-27 06:24:25,670 [INFO] macro f1 score: 0.1429
2021-06-27 06:24:25,670 [INFO] done!
2021-06-27 06:24:25,743 [DEBUG] findfont: Matching :family=sans-serif:style=normal:variant=normal:weight=normal:stretch=normal:size=10.0.
2021-06-27 06:24:25,743 [DEBUG] findfont: score(<Font 'STIXNonUnicode' (STIXNonUni.ttf) normal normal regular normal>) = 10.05
2021-06-27 06:24:25,743 [DEBUG] findfont: score(<Font 'DejaVu Serif' (DejaVuSerif-Bold.ttf) normal normal 700 normal>) = 10.335
2021-06-27 06:24:25,743 [DEBUG] findfont: score(<Font 'DejaVu Sans' (DejaVuSans-BoldOblique.ttf) oblique normal 700 normal>) = 1.335
2021-06-27 06:24:25,744 [DEBUG] findfont: score(<Font 'cmmi10' (cmmi10.ttf) normal normal 400 normal>) = 10.05
2021-06-27 06:24:25,744 [DEBUG] findfont: score(<Font 'cmr10' (cmr10.ttf) normal normal 400 normal>) = 10.05
2021-06-27 06:24:25,744 [DEBUG] findfont: score(<Font 'DejaVu Serif' (DejaVuSerif.ttf) normal normal 400 normal>) = 10.05
2021-06-27 06:24:25,745 [DEBUG] findfont: score(<Font 'STIXSizeOneSym' (STIXSizOneSymReg.ttf) normal normal regular normal>) = 10.05
2021-06-27 06:24:25,745 [DEBUG] findfont: score(<Font 'DejaVu Sans Mono' (DejaVuSansMono-Bold.ttf) normal normal 700 normal>) = 10.335
2021-06-27 06:24:25,745 [DEBUG] findfont: score(<Font 'DejaVu Sans Mono' (DejaVuSansMono-BoldOblique.ttf) oblique normal 700 normal>) = 11.335
2021-06-27 06:24:25,745 [DEBUG] findfont: score(<Font 'STIXGeneral' (STIXGeneralItalic.ttf) italic normal 400 normal>) = 11.05
2021-06-27 06:24:25,746 [DEBUG] findfont: score(<Font 'STIXSizeThreeSym' (STIXSizThreeSymBol.ttf) normal normal 700 normal>) = 10.335
2021-06-27 06:24:25,746 [DEBUG] findfont: score(<Font 'STIXNonUnicode' (STIXNonUniIta.ttf) italic normal 400 normal>) = 11.05
2021-06-27 06:24:25,746 [DEBUG] findfont: score(<Font 'STIXSizeFourSym' (STIXSizFourSymBol.ttf) normal normal 700 normal>) = 10.335
2021-06-27 06:24:25,746 [DEBUG] findfont: score(<Font 'DejaVu Sans' (DejaVuSans-Bold.ttf) normal normal 700 normal>) = 0.33499999999999996
2021-06-27 06:24:25,746 [DEBUG] findfont: score(<Font 'STIXSizeOneSym' (STIXSizOneSymBol.ttf) normal normal 700 normal>) = 10.335
2021-06-27 06:24:25,747 [DEBUG] findfont: score(<Font 'DejaVu Sans' (DejaVuSans-Oblique.ttf) oblique normal 400 normal>) = 1.05
2021-06-27 06:24:25,747 [DEBUG] findfont: score(<Font 'STIXNonUnicode' (STIXNonUniBol.ttf) normal normal 700 normal>) = 10.335
2021-06-27 06:24:25,747 [DEBUG] findfont: score(<Font 'STIXSizeFiveSym' (STIXSizFiveSymReg.ttf) normal normal regular normal>) = 10.05
2021-06-27 06:24:25,747 [DEBUG] findfont: score(<Font 'cmtt10' (cmtt10.ttf) normal normal 400 normal>) = 10.05
2021-06-27 06:24:25,748 [DEBUG] findfont: score(<Font 'cmb10' (cmb10.ttf) normal normal 400 normal>) = 10.05
2021-06-27 06:24:25,748 [DEBUG] findfont: score(<Font 'cmss10' (cmss10.ttf) normal normal 400 normal>) = 10.05
2021-06-27 06:24:25,748 [DEBUG] findfont: score(<Font 'DejaVu Sans Display' (DejaVuSansDisplay.ttf) normal normal 400 normal>) = 10.05
2021-06-27 06:24:25,748 [DEBUG] findfont: score(<Font 'DejaVu Serif Display' (DejaVuSerifDisplay.ttf) normal normal 400 normal>) = 10.05
2021-06-27 06:24:25,749 [DEBUG] findfont: score(<Font 'STIXSizeFourSym' (STIXSizFourSymReg.ttf) normal normal regular normal>) = 10.05
2021-06-27 06:24:25,749 [DEBUG] findfont: score(<Font 'DejaVu Serif' (DejaVuSerif-Italic.ttf) italic normal 400 normal>) = 11.05
2021-06-27 06:24:25,749 [DEBUG] findfont: score(<Font 'STIXGeneral' (STIXGeneral.ttf) normal normal regular normal>) = 10.05
2021-06-27 06:24:25,750 [DEBUG] findfont: score(<Font 'STIXSizeThreeSym' (STIXSizThreeSymReg.ttf) normal normal regular normal>) = 10.05
2021-06-27 06:24:25,750 [DEBUG] findfont: score(<Font 'STIXNonUnicode' (STIXNonUniBolIta.ttf) italic normal 700 normal>) = 11.335
2021-06-27 06:24:25,750 [DEBUG] findfont: score(<Font 'cmsy10' (cmsy10.ttf) normal normal 400 normal>) = 10.05
2021-06-27 06:24:25,750 [DEBUG] findfont: score(<Font 'DejaVu Sans Mono' (DejaVuSansMono-Oblique.ttf) oblique normal 400 normal>) = 11.05
2021-06-27 06:24:25,751 [DEBUG] findfont: score(<Font 'DejaVu Serif' (DejaVuSerif-BoldItalic.ttf) italic normal 700 normal>) = 11.335
2021-06-27 06:24:25,751 [DEBUG] findfont: score(<Font 'DejaVu Sans Mono' (DejaVuSansMono.ttf) normal normal 400 normal>) = 10.05
2021-06-27 06:24:25,751 [DEBUG] findfont: score(<Font 'cmex10' (cmex10.ttf) normal normal 400 normal>) = 10.05
2021-06-27 06:24:25,752 [DEBUG] findfont: score(<Font 'STIXGeneral' (STIXGeneralBolIta.ttf) italic normal 700 normal>) = 11.335
2021-06-27 06:24:25,752 [DEBUG] findfont: score(<Font 'STIXSizeTwoSym' (STIXSizTwoSymReg.ttf) normal normal regular normal>) = 10.05
2021-06-27 06:24:25,752 [DEBUG] findfont: score(<Font 'STIXGeneral' (STIXGeneralBol.ttf) normal normal 700 normal>) = 10.335
2021-06-27 06:24:25,752 [DEBUG] findfont: score(<Font 'STIXSizeTwoSym' (STIXSizTwoSymBol.ttf) normal normal 700 normal>) = 10.335
2021-06-27 06:24:25,753 [DEBUG] findfont: score(<Font 'DejaVu Sans' (DejaVuSans.ttf) normal normal 400 normal>) = 0.05
2021-06-27 06:24:25,753 [DEBUG] findfont: score(<Font 'Noto Sans Linear A' (NotoSansLinearA-Regular.ttf) normal normal regular normal>) = 10.05
2021-06-27 06:24:25,754 [DEBUG] findfont: score(<Font 'Noto Sans Avestan' (NotoSansAvestan-Regular.ttf) normal normal regular normal>) = 10.05
2021-06-27 06:24:25,754 [DEBUG] findfont: score(<Font 'STIXSizeFourSym' (STIXSizFourSymBol.otf) normal normal 700 normal>) = 10.335
2021-06-27 06:24:25,754 [DEBUG] findfont: score(<Font 'Noto Sans Lisu' (NotoSansLisu-Regular.ttf) normal normal regular normal>) = 10.05
2021-06-27 06:24:25,754 [DEBUG] findfont: score(<Font 'Geeza Pro' (GeezaPro.ttc) normal normal regular normal>) = 10.05
2021-06-27 06:24:25,755 [DEBUG] findfont: score(<Font 'Arial Narrow' (Arial Narrow Italic.ttf) italic normal 400 condensed>) = 11.25
2021-06-27 06:24:25,755 [DEBUG] findfont: score(<Font 'Rockwell' (Rockwell.ttc) normal normal 400 normal>) = 10.05
2021-06-27 06:24:25,755 [DEBUG] findfont: score(<Font 'Arial Rounded MT Bold' (Arial Rounded Bold.ttf) normal normal bold normal>) = 10.335
2021-06-27 06:24:25,755 [DEBUG] findfont: score(<Font 'Noto Sans Wancho' (NotoSansWancho-Regular.ttf) normal normal regular normal>) = 10.05
2021-06-27 06:24:25,756 [DEBUG] findfont: score(<Font 'KufiStandardGK' (KufiStandardGK.ttc) normal normal regular normal>) = 10.05
2021-06-27 06:24:25,756 [DEBUG] findfont: score(<Font 'STIXSizeTwoSym' (STIXSizTwoSymReg.otf) normal normal regular normal>) = 10.05
2021-06-27 06:24:25,756 [DEBUG] findfont: score(<Font 'Hiragino Sans' (ヒラギノ角ゴシック W8.ttc) normal normal 700 normal>) = 10.335
2021-06-27 06:24:25,756 [DEBUG] findfont: score(<Font 'Lucida Grande' (LucidaGrande.ttc) normal normal 400 normal>) = 2.777272727272727
2021-06-27 06:24:25,757 [DEBUG] findfont: score(<Font 'Noto Sans Palmyrene' (NotoSansPalmyrene-Regular.ttf) normal normal regular normal>) = 10.05
2021-06-27 06:24:25,757 [DEBUG] findfont: score(<Font 'Noto Sans Old Persian' (NotoSansOldPersian-Regular.ttf) normal normal regular normal>) = 10.05
2021-06-27 06:24:25,757 [DEBUG] findfont: score(<Font 'Helvetica' (Helvetica.ttc) normal normal 400 normal>) = 7.322727272727273
2021-06-27 06:24:25,757 [DEBUG] findfont: score(<Font 'DecoType Naskh' (DecoTypeNaskh.ttc) normal normal regular normal>) = 10.05
2021-06-27 06:24:25,758 [DEBUG] findfont: score(<Font 'Noto Sans New Tai Lue' (NotoSansNewTaiLue-Regular.ttf) normal normal regular normal>) = 10.05
2021-06-27 06:24:25,758 [DEBUG] findfont: score(<Font 'Arial Narrow' (Arial Narrow Bold Italic.ttf) italic normal 700 condensed>) = 11.535
2021-06-27 06:24:25,758 [DEBUG] findfont: score(<Font 'Palatino' (Palatino.ttc) normal normal 400 normal>) = 10.05
2021-06-27 06:24:25,758 [DEBUG] findfont: score(<Font 'Noto Sans Mahajani' (NotoSansMahajani-Regular.ttf) normal normal regular normal>) = 10.05
2021-06-27 06:24:25,759 [DEBUG] findfont: score(<Font 'Hiragino Mincho ProN' (ヒラギノ明朝 ProN.ttc) normal normal 400 normal>) = 10.05
2021-06-27 06:24:25,759 [DEBUG] findfont: score(<Font 'STIXVariants' (STIXVar.otf) normal normal regular normal>) = 10.05
2021-06-27 06:24:25,759 [DEBUG] findfont: score(<Font 'Muna' (Muna.ttc) normal normal regular normal>) = 10.05
2021-06-27 06:24:25,760 [DEBUG] findfont: score(<Font 'Waseem' (Waseem.ttc) normal normal regular normal>) = 10.05
2021-06-27 06:24:25,760 [DEBUG] findfont: score(<Font 'Hiragino Sans' (ヒラギノ角ゴシック W6.ttc) normal normal 700 normal>) = 10.335
2021-06-27 06:24:25,760 [DEBUG] findfont: score(<Font 'STIXNonUnicode' (STIXNonUniBol.otf) normal normal 700 normal>) = 10.335
2021-06-27 06:24:25,760 [DEBUG] findfont: score(<Font 'Chalkboard' (Chalkboard.ttc) normal normal 400 normal>) = 10.05
2021-06-27 06:24:25,760 [DEBUG] findfont: score(<Font 'Verdana' (Verdana Bold Italic.ttf) italic normal 700 normal>) = 4.971363636363637
2021-06-27 06:24:25,761 [DEBUG] findfont: score(<Font 'Noto Sans Chakma' (NotoSansChakma-Regular.ttf) normal normal regular normal>) = 10.05
2021-06-27 06:24:25,761 [DEBUG] findfont: score(<Font 'Noto Sans Meetei Mayek' (NotoSansMeeteiMayek-Regular.ttf) normal normal regular normal>) = 10.05
2021-06-27 06:24:25,761 [DEBUG] findfont: score(<Font 'Heiti TC' (STHeiti Medium.ttc) normal normal 700 normal>) = 10.335
2021-06-27 06:24:25,761 [DEBUG] findfont: score(<Font 'Noto Sans Tifinagh' (NotoSansTifinagh-Regular.ttf) normal normal regular normal>) = 10.05
2021-06-27 06:24:25,762 [DEBUG] findfont: score(<Font 'Noto Sans Old Italic' (NotoSansOldItalic-Regular.ttf) italic normal regular normal>) = 11.05
2021-06-27 06:24:25,762 [DEBUG] findfont: score(<Font 'Herculanum' (Herculanum.ttf) normal normal 400 normal>) = 10.05
2021-06-27 06:24:25,763 [DEBUG] findfont: score(<Font 'Noto Sans Siddham' (NotoSansSiddham-Regular.ttf) normal normal regular normal>) = 10.05
2021-06-27 06:24:25,763 [DEBUG] findfont: score(<Font 'Charter' (Charter.ttc) normal normal roman normal>) = 10.145
2021-06-27 06:24:25,763 [DEBUG] findfont: score(<Font 'Copperplate' (Copperplate.ttc) normal normal 400 normal>) = 10.05
2021-06-27 06:24:25,763 [DEBUG] findfont: score(<Font 'Devanagari Sangam MN' (Devanagari Sangam MN.ttc) normal normal 400 normal>) = 10.05
2021-06-27 06:24:25,764 [DEBUG] findfont: score(<Font 'Noto Sans Vai' (NotoSansVai-Regular.ttf) normal normal regular normal>) = 10.05
2021-06-27 06:24:25,764 [DEBUG] findfont: score(<Font 'Noto Sans Yi' (NotoSansYi-Regular.ttf) normal normal regular normal>) = 10.05
2021-06-27 06:24:25,764 [DEBUG] findfont: score(<Font 'Georgia' (Georgia Bold.ttf) normal normal 700 normal>) = 10.335
2021-06-27 06:24:25,764 [DEBUG] findfont: score(<Font '.Aqua Kana' (AquaKana.ttc) normal normal 400 normal>) = 10.05
2021-06-27 06:24:25,765 [DEBUG] findfont: score(<Font 'Academy Engraved LET' (Academy Engraved LET Fonts.ttf) normal normal 400 normal>) = 10.05
2021-06-27 06:24:25,765 [DEBUG] findfont: score(<Font 'Brush Script MT' (Brush Script.ttf) italic normal 400 normal>) = 11.05
2021-06-27 06:24:25,765 [DEBUG] findfont: score(<Font 'Noto Sans Gothic' (NotoSansGothic-Regular.ttf) normal normal regular normal>) = 10.05
2021-06-27 06:24:25,766 [DEBUG] findfont: score(<Font 'Noto Sans Oriya' (NotoSansOriya.ttc) normal normal 400 normal>) = 10.05
2021-06-27 06:24:25,766 [DEBUG] findfont: score(<Font 'Noto Sans Kayah Li' (NotoSansKayahLi-Regular.ttf) normal normal regular normal>) = 10.05
2021-06-27 06:24:25,766 [DEBUG] findfont: score(<Font 'Noto Sans Kannada' (NotoSansKannada.ttc) normal normal black normal>) = 10.525
2021-06-27 06:24:25,766 [DEBUG] findfont: score(<Font 'Kohinoor Telugu' (KohinoorTelugu.ttc) normal normal 400 normal>) = 10.05
2021-06-27 06:24:25,767 [DEBUG] findfont: score(<Font 'Comic Sans MS' (Comic Sans MS Bold.ttf) normal normal 700 normal>) = 10.335
2021-06-27 06:24:25,767 [DEBUG] findfont: score(<Font 'STIXNonUnicode' (STIXNonUniBolIta.otf) italic normal 700 normal>) = 11.335
2021-06-27 06:24:25,767 [DEBUG] findfont: score(<Font 'STIXSizeFiveSym' (STIXSizFiveSymReg.otf) normal normal regular normal>) = 10.05
2021-06-27 06:24:25,768 [DEBUG] findfont: score(<Font 'Arial Narrow' (Arial Narrow Bold.ttf) normal normal 700 condensed>) = 10.535
2021-06-27 06:24:25,768 [DEBUG] findfont: score(<Font 'Euphemia UCAS' (EuphemiaCAS.ttc) normal normal 400 normal>) = 10.05
2021-06-27 06:24:25,768 [DEBUG] findfont: score(<Font 'DIN Condensed' (DIN Condensed Bold.ttf) normal normal 700 condensed>) = 10.535
2021-06-27 06:24:25,768 [DEBUG] findfont: score(<Font 'System Font' (SFNS.ttf) normal normal 400 normal>) = 10.05
2021-06-27 06:24:25,769 [DEBUG] findfont: score(<Font 'STIXGeneral' (STIXGeneral.otf) normal normal regular normal>) = 10.05
2021-06-27 06:24:25,769 [DEBUG] findfont: score(<Font 'STIXIntegralsUp' (STIXIntUpReg.otf) normal normal regular normal>) = 10.05
2021-06-27 06:24:25,769 [DEBUG] findfont: score(<Font 'STIXSizeFourSym' (STIXSizFourSymReg.otf) normal normal regular normal>) = 10.05
2021-06-27 06:24:25,770 [DEBUG] findfont: score(<Font 'Noto Sans Syriac' (NotoSansSyriac-Regular.ttf) normal normal regular normal>) = 10.05
2021-06-27 06:24:25,770 [DEBUG] findfont: score(<Font 'Noto Sans Manichaean' (NotoSansManichaean-Regular.ttf) normal normal regular normal>) = 10.05
2021-06-27 06:24:25,770 [DEBUG] findfont: score(<Font 'Seravek' (Seravek.ttc) normal normal 400 normal>) = 10.05
2021-06-27 06:24:25,770 [DEBUG] findfont: score(<Font 'Apple SD Gothic Neo' (AppleSDGothicNeo.ttc) normal normal regular normal>) = 10.05
2021-06-27 06:24:25,770 [DEBUG] findfont: score(<Font 'STIXIntegralsUpSm' (STIXIntUpSmReg.otf) normal normal regular normal>) = 10.05
2021-06-27 06:24:25,771 [DEBUG] findfont: score(<Font 'Noto Sans Hanunoo' (NotoSansHanunoo-Regular.ttf) normal normal regular normal>) = 10.05
2021-06-27 06:24:25,771 [DEBUG] findfont: score(<Font 'Athelas' (Athelas.ttc) normal normal regular normal>) = 10.05
2021-06-27 06:24:25,771 [DEBUG] findfont: score(<Font 'Noto Sans Elbasan' (NotoSansElbasan-Regular.ttf) normal normal regular normal>) = 10.05
2021-06-27 06:24:25,771 [DEBUG] findfont: score(<Font 'Bodoni 72 Oldstyle' (Bodoni 72 OS.ttc) normal normal book normal>) = 10.05
2021-06-27 06:24:25,772 [DEBUG] findfont: score(<Font 'Oriya MN' (Oriya MN.ttc) normal normal 400 normal>) = 10.05
2021-06-27 06:24:25,772 [DEBUG] findfont: score(<Font 'Tamil Sangam MN' (Tamil Sangam MN.ttc) normal normal 400 normal>) = 10.05
2021-06-27 06:24:25,772 [DEBUG] findfont: score(<Font 'Kannada Sangam MN' (Kannada Sangam MN.ttc) normal normal 400 normal>) = 10.05
2021-06-27 06:24:25,772 [DEBUG] findfont: score(<Font 'Apple Braille' (Apple Braille Pinpoint 8 Dot.ttf) normal normal 400 normal>) = 10.05
2021-06-27 06:24:25,773 [DEBUG] findfont: score(<Font 'Noto Sans Myanmar' (NotoSansMyanmar.ttc) normal normal black normal>) = 10.525
2021-06-27 06:24:25,773 [DEBUG] findfont: score(<Font 'Verdana' (Verdana Italic.ttf) italic normal 400 normal>) = 4.6863636363636365
2021-06-27 06:24:25,773 [DEBUG] findfont: score(<Font 'Lao MN' (Lao MN.ttc) normal normal 400 normal>) = 10.05
2021-06-27 06:24:25,773 [DEBUG] findfont: score(<Font 'Noto Sans Buginese' (NotoSansBuginese-Regular.ttf) normal normal regular normal>) = 10.05
2021-06-27 06:24:25,774 [DEBUG] findfont: score(<Font 'Sathu' (Sathu.ttf) normal normal 400 normal>) = 10.05
2021-06-27 06:24:25,774 [DEBUG] findfont: score(<Font 'Noto Sans Linear B' (NotoSansLinearB-Regular.ttf) normal normal regular normal>) = 10.05
2021-06-27 06:24:25,774 [DEBUG] findfont: score(<Font 'Symbol' (Symbol.ttf) normal normal 400 normal>) = 10.05
2021-06-27 06:24:25,775 [DEBUG] findfont: score(<Font 'Trebuchet MS' (Trebuchet MS.ttf) normal normal 400 normal>) = 10.05
2021-06-27 06:24:25,775 [DEBUG] findfont: score(<Font 'Noto Sans Lycian' (NotoSansLycian-Regular.ttf) normal normal regular normal>) = 10.05
2021-06-27 06:24:25,775 [DEBUG] findfont: score(<Font 'American Typewriter' (AmericanTypewriter.ttc) normal normal 400 normal>) = 10.05
2021-06-27 06:24:25,776 [DEBUG] findfont: score(<Font 'Avenir Next' (Avenir Next.ttc) normal normal 700 normal>) = 10.335
2021-06-27 06:24:25,776 [DEBUG] findfont: score(<Font 'STIXSizeOneSym' (STIXSizOneSymBol.otf) normal normal 700 normal>) = 10.335
2021-06-27 06:24:25,776 [DEBUG] findfont: score(<Font 'Noto Sans Inscriptional Pahlavi' (NotoSansInscriptionalPahlavi-Regular.ttf) normal normal regular normal>) = 10.05
2021-06-27 06:24:25,776 [DEBUG] findfont: score(<Font 'Noto Sans Runic' (NotoSansRunic-Regular.ttf) normal normal regular normal>) = 10.05
2021-06-27 06:24:25,777 [DEBUG] findfont: score(<Font 'Noto Sans Imperial Aramaic' (NotoSansImperialAramaic-Regular.ttf) normal normal regular normal>) = 10.05
2021-06-27 06:24:25,777 [DEBUG] findfont: score(<Font 'Noto Sans Pau Cin Hau' (NotoSansPauCinHau-Regular.ttf) normal normal regular normal>) = 10.05
2021-06-27 06:24:25,777 [DEBUG] findfont: score(<Font 'Kohinoor Devanagari' (Kohinoor.ttc) normal normal regular normal>) = 10.05
2021-06-27 06:24:25,777 [DEBUG] findfont: score(<Font 'Tahoma' (Tahoma.ttf) normal normal 400 normal>) = 10.05
2021-06-27 06:24:25,778 [DEBUG] findfont: score(<Font 'Arial Black' (Arial Black.ttf) normal normal black normal>) = 10.525
2021-06-27 06:24:25,778 [DEBUG] findfont: score(<Font 'Apple Symbols' (Apple Symbols.ttf) normal normal 400 normal>) = 10.05
2021-06-27 06:24:25,778 [DEBUG] findfont: score(<Font 'Noto Sans Bamum' (NotoSansBamum-Regular.ttf) normal normal regular normal>) = 10.05
2021-06-27 06:24:25,778 [DEBUG] findfont: score(<Font 'STIXNonUnicode' (STIXNonUniIta.otf) italic normal 400 normal>) = 11.05
2021-06-27 06:24:25,779 [DEBUG] findfont: score(<Font 'Noto Sans Newa' (NotoSansNewa-Regular.ttf) normal normal regular normal>) = 10.05
2021-06-27 06:24:25,779 [DEBUG] findfont: score(<Font 'AppleGothic' (AppleGothic.ttf) normal normal regular normal>) = 10.05
2021-06-27 06:24:25,779 [DEBUG] findfont: score(<Font 'Hiragino Sans' (ヒラギノ角ゴシック W0.ttc) normal normal 400 normal>) = 10.05
2021-06-27 06:24:25,780 [DEBUG] findfont: score(<Font 'PT Mono' (PTMono.ttc) normal normal 700 normal>) = 10.335
2021-06-27 06:24:25,780 [DEBUG] findfont: score(<Font 'Noto Sans Coptic' (NotoSansCoptic-Regular.ttf) normal normal regular normal>) = 10.05
2021-06-27 06:24:25,780 [DEBUG] findfont: score(<Font 'Zapf Dingbats' (ZapfDingbats.ttf) normal normal 400 normal>) = 10.05
2021-06-27 06:24:25,780 [DEBUG] findfont: score(<Font 'Baghdad' (Baghdad.ttc) normal normal regular normal>) = 10.05
2021-06-27 06:24:25,781 [DEBUG] findfont: score(<Font '.SF Compact Rounded' (SFCompactRounded.ttf) normal normal 400 normal>) = 10.05
2021-06-27 06:24:25,781 [DEBUG] findfont: score(<Font 'Arial Unicode MS' (Arial Unicode.ttf) normal normal 400 normal>) = 10.05
2021-06-27 06:24:25,781 [DEBUG] findfont: score(<Font 'Cochin' (Cochin.ttc) normal normal 400 normal>) = 10.05
2021-06-27 06:24:25,781 [DEBUG] findfont: score(<Font 'Noto Sans Old Hungarian' (NotoSansOldHungarian-Regular.ttf) normal normal regular normal>) = 10.05
2021-06-27 06:24:25,782 [DEBUG] findfont: score(<Font '.SF NS Mono' (SFNSMono.ttf) normal normal light normal>) = 10.24
2021-06-27 06:24:25,782 [DEBUG] findfont: score(<Font 'Sinhala MN' (Sinhala MN.ttc) normal normal 400 normal>) = 10.05
2021-06-27 06:24:25,782 [DEBUG] findfont: score(<Font 'Nadeem' (Nadeem.ttc) normal normal regular normal>) = 10.05
2021-06-27 06:24:25,782 [DEBUG] findfont: score(<Font 'Trebuchet MS' (Trebuchet MS Italic.ttf) italic normal 400 normal>) = 11.05
2021-06-27 06:24:25,783 [DEBUG] findfont: score(<Font 'Hoefler Text' (Hoefler Text Ornaments.ttf) normal normal 400 normal>) = 10.05
2021-06-27 06:24:25,783 [DEBUG] findfont: score(<Font 'Gill Sans' (GillSans.ttc) normal normal 400 normal>) = 10.05
2021-06-27 06:24:25,784 [DEBUG] findfont: score(<Font 'STIXIntegralsUpD' (STIXIntUpDReg.otf) normal normal regular normal>) = 10.05
2021-06-27 06:24:25,784 [DEBUG] findfont: score(<Font 'Noto Sans Phoenician' (NotoSansPhoenician-Regular.ttf) normal normal regular normal>) = 10.05
2021-06-27 06:24:25,784 [DEBUG] findfont: score(<Font 'Noto Sans Ogham' (NotoSansOgham-Regular.ttf) normal normal regular normal>) = 10.05
2021-06-27 06:24:25,784 [DEBUG] findfont: score(<Font 'Noto Sans Mende Kikakui' (NotoSansMendeKikakui-Regular.ttf) normal normal regular normal>) = 10.05
2021-06-27 06:24:25,784 [DEBUG] findfont: score(<Font 'Diwan Kufi' (Diwan Kufi.ttc) normal normal regular normal>) = 10.05
2021-06-27 06:24:25,785 [DEBUG] findfont: score(<Font 'Noto Sans Tagbanwa' (NotoSansTagbanwa-Regular.ttf) normal normal regular normal>) = 10.05
2021-06-27 06:24:25,785 [DEBUG] findfont: score(<Font 'Helvetica Neue' (HelveticaNeue.ttc) normal normal 400 normal>) = 10.05
2021-06-27 06:24:25,786 [DEBUG] findfont: score(<Font 'Bradley Hand' (Bradley Hand Bold.ttf) normal normal bold normal>) = 10.335
2021-06-27 06:24:25,786 [DEBUG] findfont: score(<Font 'Noto Sans Rejang' (NotoSansRejang-Regular.ttf) normal normal regular normal>) = 10.05
2021-06-27 06:24:25,786 [DEBUG] findfont: score(<Font 'Verdana' (Verdana.ttf) normal normal 400 normal>) = 3.6863636363636365
2021-06-27 06:24:25,787 [DEBUG] findfont: score(<Font 'Devanagari MT' (DevanagariMT.ttc) normal normal 400 normal>) = 10.05
2021-06-27 06:24:25,787 [DEBUG] findfont: score(<Font 'Arial Hebrew' (ArialHB.ttc) normal normal 400 normal>) = 10.05
2021-06-27 06:24:25,787 [DEBUG] findfont: score(<Font '.Arabic UI Text' (ArabicUIText.ttc) normal normal regular normal>) = 10.05
2021-06-27 06:24:25,788 [DEBUG] findfont: score(<Font 'Noto Sans Pahawh Hmong' (NotoSansPahawhHmong-Regular.ttf) normal normal regular normal>) = 10.05
2021-06-27 06:24:25,788 [DEBUG] findfont: score(<Font 'Wingdings 2' (Wingdings 2.ttf) normal normal 400 normal>) = 10.05
2021-06-27 06:24:25,788 [DEBUG] findfont: score(<Font 'STIXIntegralsD' (STIXIntDReg.otf) normal normal regular normal>) = 10.05
2021-06-27 06:24:25,788 [DEBUG] findfont: score(<Font 'STIXIntegralsD' (STIXIntDBol.otf) normal normal 700 normal>) = 10.335
2021-06-27 06:24:25,789 [DEBUG] findfont: score(<Font 'Noto Sans Duployan' (NotoSansDuployan-Regular.ttf) normal normal regular normal>) = 10.05
2021-06-27 06:24:25,789 [DEBUG] findfont: score(<Font 'Trattatello' (Trattatello.ttf) normal normal 400 normal>) = 10.05
2021-06-27 06:24:25,789 [DEBUG] findfont: score(<Font 'Noto Sans Old Turkic' (NotoSansOldTurkic-Regular.ttf) normal normal regular normal>) = 10.05
2021-06-27 06:24:25,789 [DEBUG] findfont: score(<Font 'Arial' (Arial Bold Italic.ttf) italic normal 700 normal>) = 7.698636363636363
2021-06-27 06:24:25,790 [DEBUG] findfont: score(<Font 'Gurmukhi Sangam MN' (Gurmukhi Sangam MN.ttc) normal normal 400 normal>) = 10.05
2021-06-27 06:24:25,790 [DEBUG] findfont: score(<Font 'Noto Sans Takri' (NotoSansTakri-Regular.ttf) normal normal regular normal>) = 10.05
2021-06-27 06:24:25,790 [DEBUG] findfont: score(<Font 'Kohinoor Gujarati' (KohinoorGujarati.ttc) normal normal bold normal>) = 10.335
2021-06-27 06:24:25,790 [DEBUG] findfont: score(<Font 'Noto Sans Samaritan' (NotoSansSamaritan-Regular.ttf) normal normal regular normal>) = 10.05
2021-06-27 06:24:25,791 [DEBUG] findfont: score(<Font 'Wingdings' (Wingdings.ttf) normal normal 400 normal>) = 10.05
2021-06-27 06:24:25,791 [DEBUG] findfont: score(<Font 'Noto Sans Batak' (NotoSansBatak-Regular.ttf) normal normal regular normal>) = 10.05
2021-06-27 06:24:25,791 [DEBUG] findfont: score(<Font 'Khmer MN' (Khmer MN.ttc) normal normal 400 normal>) = 10.05
2021-06-27 06:24:25,791 [DEBUG] findfont: score(<Font 'Noto Sans Buhid' (NotoSansBuhid-Regular.ttf) normal normal regular normal>) = 10.05
2021-06-27 06:24:25,792 [DEBUG] findfont: score(<Font 'Hoefler Text' (Hoefler Text.ttc) normal normal 400 normal>) = 10.05
2021-06-27 06:24:25,792 [DEBUG] findfont: score(<Font 'Myanmar MN' (Myanmar MN.ttc) normal normal 400 normal>) = 10.05
2021-06-27 06:24:25,792 [DEBUG] findfont: score(<Font 'PT Serif Caption' (PTSerifCaption.ttc) normal normal 400 normal>) = 10.05
2021-06-27 06:24:25,792 [DEBUG] findfont: score(<Font 'Sinhala Sangam MN' (Sinhala Sangam MN.ttc) normal normal 400 normal>) = 10.05
2021-06-27 06:24:25,793 [DEBUG] findfont: score(<Font 'Bangla MN' (Bangla MN.ttc) normal normal 400 normal>) = 10.05
2021-06-27 06:24:25,793 [DEBUG] findfont: score(<Font 'Silom' (Silom.ttf) normal normal 400 normal>) = 10.05
2021-06-27 06:24:25,793 [DEBUG] findfont: score(<Font 'Kokonor' (Kokonor.ttf) normal normal regular normal>) = 10.05
2021-06-27 06:24:25,793 [DEBUG] findfont: score(<Font 'STIXSizeThreeSym' (STIXSizThreeSymReg.otf) normal normal regular normal>) = 10.05
2021-06-27 06:24:25,794 [DEBUG] findfont: score(<Font 'InaiMathi' (InaiMathi-MN.ttc) normal normal 400 normal>) = 10.05
2021-06-27 06:24:25,794 [DEBUG] findfont: score(<Font 'Mishafi Gold' (Mishafi Gold.ttf) normal normal regular normal>) = 10.05
2021-06-27 06:24:25,794 [DEBUG] findfont: score(<Font 'Krungthep' (Krungthep.ttf) normal normal 400 normal>) = 10.05
2021-06-27 06:24:25,795 [DEBUG] findfont: score(<Font 'Times New Roman' (Times New Roman Bold Italic.ttf) italic normal 700 normal>) = 11.335
2021-06-27 06:24:25,795 [DEBUG] findfont: score(<Font 'Impact' (Impact.ttf) normal normal 400 normal>) = 10.05
2021-06-27 06:24:25,795 [DEBUG] findfont: score(<Font 'Noto Sans Limbu' (NotoSansLimbu-Regular.ttf) normal normal regular normal>) = 10.05
2021-06-27 06:24:25,795 [DEBUG] findfont: score(<Font 'Courier New' (Courier New Italic.ttf) italic normal 400 normal>) = 11.05
2021-06-27 06:24:25,796 [DEBUG] findfont: score(<Font 'Kailasa' (Kailasa.ttc) normal normal regular normal>) = 10.05
2021-06-27 06:24:25,796 [DEBUG] findfont: score(<Font 'Baskerville' (Baskerville.ttc) normal normal 400 normal>) = 10.05
2021-06-27 06:24:25,796 [DEBUG] findfont: score(<Font 'Apple Braille' (Apple Braille Outline 8 Dot.ttf) normal normal 400 normal>) = 10.05
2021-06-27 06:24:25,797 [DEBUG] findfont: score(<Font 'Damascus' (Damascus.ttc) normal normal regular normal>) = 10.05
2021-06-27 06:24:25,797 [DEBUG] findfont: score(<Font 'Party LET' (PartyLET-plain.ttf) normal normal 400 normal>) = 10.05
2021-06-27 06:24:25,797 [DEBUG] findfont: score(<Font 'Tamil MN' (Tamil MN.ttc) normal normal 400 normal>) = 10.05
2021-06-27 06:24:25,797 [DEBUG] findfont: score(<Font 'Noto Sans Cypriot' (NotoSansCypriot-Regular.ttf) normal normal regular normal>) = 10.05
2021-06-27 06:24:25,798 [DEBUG] findfont: score(<Font 'Georgia' (Georgia Bold Italic.ttf) italic normal 700 normal>) = 11.335
2021-06-27 06:24:25,798 [DEBUG] findfont: score(<Font 'STIXSizeOneSym' (STIXSizOneSymReg.otf) normal normal regular normal>) = 10.05
2021-06-27 06:24:25,798 [DEBUG] findfont: score(<Font 'Gurmukhi MN' (Gurmukhi MN.ttc) normal normal 400 normal>) = 10.05
2021-06-27 06:24:25,798 [DEBUG] findfont: score(<Font 'Ayuthaya' (Ayuthaya.ttf) normal normal 400 normal>) = 10.05
2021-06-27 06:24:25,799 [DEBUG] findfont: score(<Font 'Noto Sans Multani' (NotoSansMultani-Regular.ttf) normal normal regular normal>) = 10.05
2021-06-27 06:24:25,799 [DEBUG] findfont: score(<Font 'Times' (Times.ttc) normal normal roman normal>) = 10.145
2021-06-27 06:24:25,799 [DEBUG] findfont: score(<Font 'Andale Mono' (Andale Mono.ttf) normal normal 400 normal>) = 10.05
2021-06-27 06:24:25,799 [DEBUG] findfont: score(<Font 'System Font' (SFNSItalic.ttf) italic normal regular normal>) = 11.05
2021-06-27 06:24:25,800 [DEBUG] findfont: score(<Font 'Telugu Sangam MN' (Telugu Sangam MN.ttc) normal normal 400 normal>) = 10.05
2021-06-27 06:24:25,800 [DEBUG] findfont: score(<Font 'PT Sans' (PTSans.ttc) normal normal 400 normal>) = 10.05
2021-06-27 06:24:25,800 [DEBUG] findfont: score(<Font 'Wingdings 3' (Wingdings 3.ttf) normal normal 400 normal>) = 10.05
2021-06-27 06:24:25,801 [DEBUG] findfont: score(<Font 'Noto Sans Old South Arabian' (NotoSansOldSouthArabian-Regular.ttf) normal normal regular normal>) = 10.05
2021-06-27 06:24:25,801 [DEBUG] findfont: score(<Font 'Noto Sans Bassa Vah' (NotoSansBassaVah-Regular.ttf) normal normal regular normal>) = 10.05
2021-06-27 06:24:25,801 [DEBUG] findfont: score(<Font 'Noto Sans Kaithi' (NotoSansKaithi-Regular.ttf) normal normal regular normal>) = 10.05
2021-06-27 06:24:25,802 [DEBUG] findfont: score(<Font 'Chalkboard SE' (ChalkboardSE.ttc) normal normal light normal>) = 10.24
2021-06-27 06:24:25,802 [DEBUG] findfont: score(<Font 'Big Caslon' (BigCaslon.ttf) normal normal medium normal>) = 10.145
2021-06-27 06:24:25,802 [DEBUG] findfont: score(<Font 'Times New Roman' (Times New Roman.ttf) normal normal roman normal>) = 10.145
2021-06-27 06:24:25,803 [DEBUG] findfont: score(<Font 'Shree Devanagari 714' (Shree714.ttc) normal normal 400 normal>) = 10.05
2021-06-27 06:24:25,803 [DEBUG] findfont: score(<Font 'Bodoni 72 Smallcaps' (Bodoni 72 Smallcaps Book.ttf) normal normal book normal>) = 10.05
2021-06-27 06:24:25,803 [DEBUG] findfont: score(<Font 'Sukhumvit Set' (SukhumvitSet.ttc) normal normal 400 normal>) = 10.05
2021-06-27 06:24:25,804 [DEBUG] findfont: score(<Font 'Noto Sans Thaana' (NotoSansThaana-Regular.ttf) normal normal regular normal>) = 10.05
2021-06-27 06:24:25,804 [DEBUG] findfont: score(<Font 'Snell Roundhand' (SnellRoundhand.ttc) normal normal 400 normal>) = 10.05
2021-06-27 06:24:25,804 [DEBUG] findfont: score(<Font 'Noto Sans NKo' (NotoSansNKo-Regular.ttf) normal normal regular normal>) = 10.05
2021-06-27 06:24:25,804 [DEBUG] findfont: score(<Font 'Oriya Sangam MN' (Oriya Sangam MN.ttc) normal normal 400 normal>) = 10.05
2021-06-27 06:24:25,804 [DEBUG] findfont: score(<Font 'Microsoft Sans Serif' (Microsoft Sans Serif.ttf) normal normal 400 normal>) = 10.05
2021-06-27 06:24:25,805 [DEBUG] findfont: score(<Font 'Arial' (Arial Italic.ttf) italic normal 400 normal>) = 7.413636363636363
2021-06-27 06:24:25,805 [DEBUG] findfont: score(<Font 'Malayalam Sangam MN' (Malayalam Sangam MN.ttc) normal normal 400 normal>) = 10.05
2021-06-27 06:24:25,805 [DEBUG] findfont: score(<Font '.New York' (NewYorkItalic.ttf) italic normal 400 normal>) = 11.05
2021-06-27 06:24:25,806 [DEBUG] findfont: score(<Font 'Noto Sans Javanese' (NotoSansJavanese-Regular.otf) normal normal regular normal>) = 10.05
2021-06-27 06:24:25,806 [DEBUG] findfont: score(<Font 'STIXIntegralsUpD' (STIXIntUpDBol.otf) normal normal 700 normal>) = 10.335
2021-06-27 06:24:25,806 [DEBUG] findfont: score(<Font 'Noto Sans Khojki' (NotoSansKhojki-Regular.ttf) normal normal regular normal>) = 10.05
2021-06-27 06:24:25,806 [DEBUG] findfont: score(<Font 'Hiragino Sans GB' (Hiragino Sans GB.ttc) normal normal 400 normal>) = 10.05
2021-06-27 06:24:25,806 [DEBUG] findfont: score(<Font 'Diwan Thuluth' (Diwan Thuluth.ttf) normal normal regular normal>) = 10.05
2021-06-27 06:24:25,807 [DEBUG] findfont: score(<Font 'Sana' (Sana.ttc) normal normal regular normal>) = 10.05
2021-06-27 06:24:25,807 [DEBUG] findfont: score(<Font 'Noto Sans Osmanya' (NotoSansOsmanya-Regular.ttf) normal normal regular normal>) = 10.05
2021-06-27 06:24:25,807 [DEBUG] findfont: score(<Font 'Bodoni Ornaments' (Bodoni Ornaments.ttf) normal normal 400 normal>) = 10.05
2021-06-27 06:24:25,807 [DEBUG] findfont: score(<Font 'Apple Chancery' (Apple Chancery.ttf) normal normal 400 normal>) = 10.05
2021-06-27 06:24:25,808 [DEBUG] findfont: score(<Font 'Arial Unicode MS' (Arial Unicode.ttf) normal normal 400 normal>) = 10.05
2021-06-27 06:24:25,808 [DEBUG] findfont: score(<Font '.SF Compact' (SFCompact.ttf) normal normal 400 normal>) = 10.05
2021-06-27 06:24:25,808 [DEBUG] findfont: score(<Font 'Arial Narrow' (Arial Narrow.ttf) normal normal 400 condensed>) = 10.25
2021-06-27 06:24:25,809 [DEBUG] findfont: score(<Font 'Kannada MN' (Kannada MN.ttc) normal normal 400 normal>) = 10.05
2021-06-27 06:24:25,809 [DEBUG] findfont: score(<Font 'Bodoni 72' (Bodoni 72.ttc) normal normal book normal>) = 10.05
2021-06-27 06:24:25,810 [DEBUG] findfont: score(<Font 'Noto Sans Marchen' (NotoSansMarchen-Regular.ttf) normal normal regular normal>) = 10.05
2021-06-27 06:24:25,810 [DEBUG] findfont: score(<Font 'Noto Nastaliq Urdu' (NotoNastaliq.ttc) normal normal 400 normal>) = 10.05
2021-06-27 06:24:25,810 [DEBUG] findfont: score(<Font 'PingFang HK' (PingFang.ttc) normal normal regular normal>) = 10.05
2021-06-27 06:24:25,810 [DEBUG] findfont: score(<Font 'Raanana' (Raanana.ttc) normal normal 400 normal>) = 10.05
2021-06-27 06:24:25,810 [DEBUG] findfont: score(<Font 'Farisi' (Farisi.ttf) normal normal regular normal>) = 10.05
2021-06-27 06:24:25,811 [DEBUG] findfont: score(<Font 'Mshtakan' (Mshtakan.ttc) normal normal 400 normal>) = 10.05
2021-06-27 06:24:25,811 [DEBUG] findfont: score(<Font 'Hiragino Maru Gothic Pro' (ヒラギノ丸ゴ ProN W4.ttc) normal normal 400 normal>) = 10.05
2021-06-27 06:24:25,811 [DEBUG] findfont: score(<Font 'Al Nile' (Al Nile.ttc) normal normal 400 normal>) = 10.05
2021-06-27 06:24:25,811 [DEBUG] findfont: score(<Font 'Skia' (Skia.ttf) normal normal 400 normal>) = 10.05
2021-06-27 06:24:25,812 [DEBUG] findfont: score(<Font 'Noto Sans Adlam' (NotoSansAdlam-Regular.ttf) normal normal regular normal>) = 10.05
2021-06-27 06:24:25,812 [DEBUG] findfont: score(<Font 'Noto Serif Myanmar' (NotoSerifMyanmar.ttc) normal normal black normal>) = 10.525
2021-06-27 06:24:25,812 [DEBUG] findfont: score(<Font 'Mukta Mahee' (MuktaMahee.ttc) normal normal regular normal>) = 10.05
2021-06-27 06:24:25,813 [DEBUG] findfont: score(<Font 'Noto Sans Armenian' (NotoSansArmenian.ttc) normal normal black normal>) = 10.525
2021-06-27 06:24:25,813 [DEBUG] findfont: score(<Font 'Bangla Sangam MN' (Bangla Sangam MN.ttc) normal normal 400 normal>) = 10.05
2021-06-27 06:24:25,813 [DEBUG] findfont: score(<Font 'STIXIntegralsSm' (STIXIntSmReg.otf) normal normal regular normal>) = 10.05
2021-06-27 06:24:25,813 [DEBUG] findfont: score(<Font 'Noto Sans Nabataean' (NotoSansNabataean-Regular.ttf) normal normal regular normal>) = 10.05
2021-06-27 06:24:25,814 [DEBUG] findfont: score(<Font 'Noto Sans Egyptian Hieroglyphs' (NotoSansEgyptianHieroglyphs-Regular.ttf) normal normal regular normal>) = 10.05
2021-06-27 06:24:25,814 [DEBUG] findfont: score(<Font 'Phosphate' (Phosphate.ttc) normal normal 400 normal>) = 10.05
2021-06-27 06:24:25,814 [DEBUG] findfont: score(<Font 'Papyrus' (Papyrus.ttc) normal normal 400 condensed>) = 10.25
2021-06-27 06:24:25,814 [DEBUG] findfont: score(<Font 'SignPainter' (SignPainter.ttc) normal normal 400 normal>) = 10.05
2021-06-27 06:24:25,815 [DEBUG] findfont: score(<Font 'Noto Sans Glagolitic' (NotoSansGlagolitic-Regular.ttf) normal normal regular normal>) = 10.05
2021-06-27 06:24:25,815 [DEBUG] findfont: score(<Font 'Galvji' (Galvji.ttc) normal normal 400 normal>) = 10.05
2021-06-27 06:24:25,815 [DEBUG] findfont: score(<Font 'Noto Sans Tirhuta' (NotoSansTirhuta-Regular.ttf) normal normal regular normal>) = 10.05
2021-06-27 06:24:25,815 [DEBUG] findfont: score(<Font 'Webdings' (Webdings.ttf) normal normal 400 normal>) = 10.05
2021-06-27 06:24:25,816 [DEBUG] findfont: score(<Font 'Gurmukhi MT' (Gurmukhi.ttf) normal normal 400 normal>) = 10.05
2021-06-27 06:24:25,816 [DEBUG] findfont: score(<Font 'Noto Sans Lepcha' (NotoSansLepcha-Regular.ttf) normal normal regular normal>) = 10.05
2021-06-27 06:24:25,816 [DEBUG] findfont: score(<Font 'Trebuchet MS' (Trebuchet MS Bold.ttf) normal normal 700 normal>) = 10.335
2021-06-27 06:24:25,817 [DEBUG] findfont: score(<Font 'Noto Sans Tai Tham' (NotoSansTaiTham-Regular.ttf) normal normal 400 normal>) = 10.05
2021-06-27 06:24:25,817 [DEBUG] findfont: score(<Font 'STIXIntegralsSm' (STIXIntSmBol.otf) normal normal 700 normal>) = 10.335
2021-06-27 06:24:25,817 [DEBUG] findfont: score(<Font 'STIXNonUnicode' (STIXNonUni.otf) normal normal regular normal>) = 10.05
2021-06-27 06:24:25,817 [DEBUG] findfont: score(<Font 'Noto Sans Old Permic' (NotoSansOldPermic-Regular.ttf) normal normal regular normal>) = 10.05
2021-06-27 06:24:25,818 [DEBUG] findfont: score(<Font 'Hiragino Sans' (ヒラギノ角ゴシック W7.ttc) normal normal 700 normal>) = 10.335
2021-06-27 06:24:25,818 [DEBUG] findfont: score(<Font 'Apple Braille' (Apple Braille Outline 6 Dot.ttf) normal normal 400 normal>) = 10.05
2021-06-27 06:24:25,818 [DEBUG] findfont: score(<Font 'Noto Sans Osage' (NotoSansOsage-Regular.ttf) normal normal regular normal>) = 10.05
2021-06-27 06:24:25,819 [DEBUG] findfont: score(<Font 'Gujarati MT' (GujaratiMT.ttc) normal normal 400 normal>) = 10.05
2021-06-27 06:24:25,819 [DEBUG] findfont: score(<Font 'Futura' (Futura.ttc) normal normal medium normal>) = 10.145
2021-06-27 06:24:25,819 [DEBUG] findfont: score(<Font 'Farah' (Farah.ttc) normal normal regular normal>) = 10.05
2021-06-27 06:24:25,819 [DEBUG] findfont: score(<Font 'Noto Sans Saurashtra' (NotoSansSaurashtra-Regular.ttf) normal normal regular normal>) = 10.05
2021-06-27 06:24:25,819 [DEBUG] findfont: score(<Font 'Noto Sans Caucasian Albanian' (NotoSansCaucasianAlbanian-Regular.ttf) normal normal regular normal>) = 10.05
2021-06-27 06:24:25,820 [DEBUG] findfont: score(<Font 'Georgia' (Georgia.ttf) normal normal 400 normal>) = 10.05
2021-06-27 06:24:25,820 [DEBUG] findfont: score(<Font 'Trebuchet MS' (Trebuchet MS Bold Italic.ttf) italic normal 700 normal>) = 11.335
2021-06-27 06:24:25,820 [DEBUG] findfont: score(<Font 'Plantagenet Cherokee' (PlantagenetCherokee.ttf) normal normal 400 normal>) = 10.05
2021-06-27 06:24:25,820 [DEBUG] findfont: score(<Font 'Superclarendon' (SuperClarendon.ttc) normal normal regular normal>) = 10.05
2021-06-27 06:24:25,821 [DEBUG] findfont: score(<Font 'Hiragino Sans' (ヒラギノ角ゴシック W9.ttc) normal normal 700 normal>) = 10.335
2021-06-27 06:24:25,821 [DEBUG] findfont: score(<Font 'Verdana' (Verdana Bold.ttf) normal normal 700 normal>) = 3.9713636363636367
2021-06-27 06:24:25,821 [DEBUG] findfont: score(<Font 'Menlo' (Menlo.ttc) normal normal regular normal>) = 10.05
2021-06-27 06:24:25,821 [DEBUG] findfont: score(<Font 'Avenir Next Condensed' (Avenir Next Condensed.ttc) normal normal 700 condensed>) = 10.535
2021-06-27 06:24:25,821 [DEBUG] findfont: score(<Font 'DIN Alternate' (DIN Alternate Bold.ttf) normal normal 700 normal>) = 10.335
2021-06-27 06:24:25,821 [DEBUG] findfont: score(<Font 'Hiragino Sans' (ヒラギノ角ゴシック W2.ttc) normal normal 400 normal>) = 10.05
2021-06-27 06:24:25,821 [DEBUG] findfont: score(<Font '.New York' (NewYork.ttf) normal normal 400 normal>) = 10.05
2021-06-27 06:24:25,822 [DEBUG] findfont: score(<Font 'Courier New' (Courier New.ttf) normal normal 400 normal>) = 10.05
2021-06-27 06:24:25,822 [DEBUG] findfont: score(<Font 'Apple Braille' (Apple Braille.ttf) normal normal 400 normal>) = 10.05
2021-06-27 06:24:25,822 [DEBUG] findfont: score(<Font 'Hiragino Sans' (ヒラギノ角ゴシック W4.ttc) normal normal 400 normal>) = 10.05
2021-06-27 06:24:25,822 [DEBUG] findfont: score(<Font 'Arial' (Arial Bold.ttf) normal normal 700 normal>) = 6.698636363636363
2021-06-27 06:24:25,822 [DEBUG] findfont: score(<Font 'Noto Sans Ol Chiki' (NotoSansOlChiki-Regular.ttf) normal normal regular normal>) = 10.05
2021-06-27 06:24:25,822 [DEBUG] findfont: score(<Font 'STIXGeneral' (STIXGeneralItalic.otf) italic normal 400 normal>) = 11.05
2021-06-27 06:24:25,822 [DEBUG] findfont: score(<Font 'Songti SC' (Songti.ttc) normal normal black normal>) = 10.525
2021-06-27 06:24:25,823 [DEBUG] findfont: score(<Font '.SF NS Mono' (SFNSMonoItalic.ttf) italic normal light normal>) = 11.24
2021-06-27 06:24:25,823 [DEBUG] findfont: score(<Font 'Noto Sans Mongolian' (NotoSansMongolian-Regular.ttf) normal normal 400 normal>) = 10.05
2021-06-27 06:24:25,823 [DEBUG] findfont: score(<Font 'Apple Braille' (Apple Braille Pinpoint 6 Dot.ttf) normal normal 400 normal>) = 10.05
2021-06-27 06:24:25,823 [DEBUG] findfont: score(<Font 'STIXIntegralsUpSm' (STIXIntUpSmBol.otf) normal normal 700 normal>) = 10.335
2021-06-27 06:24:25,824 [DEBUG] findfont: score(<Font 'Kefa' (Kefa.ttc) normal normal regular normal>) = 10.05
2021-06-27 06:24:25,824 [DEBUG] findfont: score(<Font 'Noto Sans Lydian' (NotoSansLydian-Regular.ttf) normal normal regular normal>) = 10.05
2021-06-27 06:24:25,824 [DEBUG] findfont: score(<Font 'Courier New' (Courier New Bold Italic.ttf) italic normal 700 normal>) = 11.335
2021-06-27 06:24:25,824 [DEBUG] findfont: score(<Font 'STIXIntegralsUp' (STIXIntUpBol.otf) normal normal 700 normal>) = 10.335
2021-06-27 06:24:25,824 [DEBUG] findfont: score(<Font 'Times New Roman' (Times New Roman Bold.ttf) normal normal 700 normal>) = 10.335
2021-06-27 06:24:25,825 [DEBUG] findfont: score(<Font 'Noto Sans Ugaritic' (NotoSansUgaritic-Regular.ttf) normal normal regular normal>) = 10.05
2021-06-27 06:24:25,825 [DEBUG] findfont: score(<Font 'Noto Sans Modi' (NotoSansModi-Regular.ttf) normal normal regular normal>) = 10.05
2021-06-27 06:24:25,825 [DEBUG] findfont: score(<Font 'Noto Sans Cham' (NotoSansCham-Regular.ttf) normal normal regular normal>) = 10.05
2021-06-27 06:24:25,825 [DEBUG] findfont: score(<Font 'Noto Sans Warang Citi' (NotoSansWarangCiti-Regular.ttf) normal normal regular normal>) = 10.05
2021-06-27 06:24:25,825 [DEBUG] findfont: score(<Font '.Arabic UI Display' (ArabicUIDisplay.ttc) normal normal black normal>) = 10.525
2021-06-27 06:24:25,826 [DEBUG] findfont: score(<Font 'Al Bayan' (AlBayan.ttc) normal normal 400 normal>) = 10.05
2021-06-27 06:24:25,826 [DEBUG] findfont: score(<Font 'Noto Sans Sharada' (NotoSansSharada-Regular.ttf) normal normal regular normal>) = 10.05
2021-06-27 06:24:25,826 [DEBUG] findfont: score(<Font 'Noto Sans Shavian' (NotoSansShavian-Regular.ttf) normal normal regular normal>) = 10.05
2021-06-27 06:24:25,826 [DEBUG] findfont: score(<Font 'Noto Sans Brahmi' (NotoSansBrahmi-Regular.ttf) normal normal regular normal>) = 10.05
2021-06-27 06:24:25,826 [DEBUG] findfont: score(<Font 'Khmer Sangam MN' (Khmer Sangam MN.ttf) normal normal 400 normal>) = 10.05
2021-06-27 06:24:25,827 [DEBUG] findfont: score(<Font 'Noto Sans Khudawadi' (NotoSansKhudawadi-Regular.ttf) normal normal regular normal>) = 10.05
2021-06-27 06:24:25,827 [DEBUG] findfont: score(<Font 'Noto Sans Bhaiksuki' (NotoSansBhaiksuki-Regular.ttf) normal normal regular normal>) = 10.05
2021-06-27 06:24:25,827 [DEBUG] findfont: score(<Font '.SF Compact' (SFCompactItalic.ttf) italic normal 400 normal>) = 11.05
2021-06-27 06:24:25,827 [DEBUG] findfont: score(<Font 'STIXGeneral' (STIXGeneralBol.otf) normal normal 700 normal>) = 10.335
2021-06-27 06:24:25,827 [DEBUG] findfont: score(<Font 'Telugu MN' (Telugu MN.ttc) normal normal 400 normal>) = 10.05
2021-06-27 06:24:25,828 [DEBUG] findfont: score(<Font 'Noto Serif Balinese' (NotoSerifBalinese-Regular.ttf) normal normal regular normal>) = 10.05
2021-06-27 06:24:25,828 [DEBUG] findfont: score(<Font 'Noto Sans Syloti Nagri' (NotoSansSylotiNagri-Regular.ttf) normal normal regular normal>) = 10.05
2021-06-27 06:24:25,828 [DEBUG] findfont: score(<Font 'Tahoma' (Tahoma Bold.ttf) normal normal 700 normal>) = 10.335
2021-06-27 06:24:25,828 [DEBUG] findfont: score(<Font 'Noto Sans Tai Viet' (NotoSansTaiViet-Regular.ttf) normal normal regular normal>) = 10.05
2021-06-27 06:24:25,828 [DEBUG] findfont: score(<Font 'Optima' (Optima.ttc) normal normal regular normal>) = 10.05
2021-06-27 06:24:25,829 [DEBUG] findfont: score(<Font 'Comic Sans MS' (Comic Sans MS.ttf) normal normal 400 normal>) = 10.05
2021-06-27 06:24:25,829 [DEBUG] findfont: score(<Font 'Noto Sans Old North Arabian' (NotoSansOldNorthArabian-Regular.ttf) normal normal regular normal>) = 10.05
2021-06-27 06:24:25,829 [DEBUG] findfont: score(<Font 'Noto Sans Inscriptional Parthian' (NotoSansInscriptionalParthian-Regular.ttf) normal normal regular normal>) = 10.05
2021-06-27 06:24:25,829 [DEBUG] findfont: score(<Font 'Malayalam MN' (Malayalam MN.ttc) normal normal 400 normal>) = 10.05
2021-06-27 06:24:25,829 [DEBUG] findfont: score(<Font '.LastResort' (LastResort.otf) normal normal 400 normal>) = 10.05
2021-06-27 06:24:25,829 [DEBUG] findfont: score(<Font 'Noto Sans PhagsPa' (NotoSansPhagsPa-Regular.ttf) normal normal regular normal>) = 10.05
2021-06-27 06:24:25,830 [DEBUG] findfont: score(<Font 'Savoye LET' (Savoye LET.ttc) normal normal 400 normal>) = 10.05
2021-06-27 06:24:25,830 [DEBUG] findfont: score(<Font 'Corsiva Hebrew' (Corsiva.ttc) normal normal 400 normal>) = 10.05
2021-06-27 06:24:25,830 [DEBUG] findfont: score(<Font 'Noto Sans Tai Le' (NotoSansTaiLe-Regular.ttf) normal normal regular normal>) = 10.05
2021-06-27 06:24:25,830 [DEBUG] findfont: score(<Font 'Avenir' (Avenir.ttc) normal normal book normal>) = 10.05
2021-06-27 06:24:25,831 [DEBUG] findfont: score(<Font 'Kohinoor Bangla' (KohinoorBangla.ttc) normal normal 400 normal>) = 10.05
2021-06-27 06:24:25,831 [DEBUG] findfont: score(<Font 'Noto Sans Hatran' (NotoSansHatran-Regular.ttf) normal normal regular normal>) = 10.05
2021-06-27 06:24:25,831 [DEBUG] findfont: score(<Font 'Marion' (Marion.ttc) normal normal regular normal>) = 10.05
2021-06-27 06:24:25,832 [DEBUG] findfont: score(<Font 'Noto Sans Sora Sompeng' (NotoSansSoraSompeng-Regular.ttf) normal normal regular normal>) = 10.05
2021-06-27 06:24:25,832 [DEBUG] findfont: score(<Font 'STIXVariants' (STIXVarBol.otf) normal normal 700 normal>) = 10.335
2021-06-27 06:24:25,832 [DEBUG] findfont: score(<Font 'Luminari' (Luminari.ttf) normal normal 400 normal>) = 10.05
2021-06-27 06:24:25,832 [DEBUG] findfont: score(<Font '.SF NS Rounded' (SFNSRounded.ttf) normal normal 400 normal>) = 10.05
2021-06-27 06:24:25,832 [DEBUG] findfont: score(<Font 'New Peninim MT' (NewPeninimMT.ttc) normal normal 400 normal>) = 10.05
2021-06-27 06:24:25,832 [DEBUG] findfont: score(<Font 'Beirut' (Beirut.ttc) normal normal regular normal>) = 10.05
2021-06-27 06:24:25,833 [DEBUG] findfont: score(<Font 'Didot' (Didot.ttc) normal normal 400 normal>) = 10.05
2021-06-27 06:24:25,833 [DEBUG] findfont: score(<Font 'Noto Serif Ahom' (NotoSerifAhom-Regular.ttf) normal normal regular normal>) = 10.05
2021-06-27 06:24:25,833 [DEBUG] findfont: score(<Font 'Noto Sans Tagalog' (NotoSansTagalog-Regular.ttf) normal normal regular normal>) = 10.05
2021-06-27 06:24:25,833 [DEBUG] findfont: score(<Font 'Gujarati Sangam MN' (Gujarati Sangam MN.ttc) normal normal 400 normal>) = 10.05
2021-06-27 06:24:25,833 [DEBUG] findfont: score(<Font 'Chalkduster' (Chalkduster.ttf) normal normal 400 normal>) = 10.05
2021-06-27 06:24:25,834 [DEBUG] findfont: score(<Font 'Courier New' (Courier New Bold.ttf) normal normal 700 normal>) = 10.335
2021-06-27 06:24:25,834 [DEBUG] findfont: score(<Font 'Al Tarikh' (Al Tarikh.ttc) normal normal regular normal>) = 10.05
2021-06-27 06:24:25,834 [DEBUG] findfont: score(<Font 'Hiragino Sans' (ヒラギノ角ゴシック W5.ttc) normal normal 700 normal>) = 10.335
2021-06-27 06:24:25,835 [DEBUG] findfont: score(<Font 'Noto Sans Sundanese' (NotoSansSundanese-Regular.ttf) normal normal regular normal>) = 10.05
2021-06-27 06:24:25,835 [DEBUG] findfont: score(<Font 'STIXSizeTwoSym' (STIXSizTwoSymBol.otf) normal normal 700 normal>) = 10.335
2021-06-27 06:24:25,835 [DEBUG] findfont: score(<Font 'AppleMyungjo' (AppleMyungjo.ttf) normal normal regular normal>) = 10.05
2021-06-27 06:24:25,835 [DEBUG] findfont: score(<Font 'STIXSizeThreeSym' (STIXSizThreeSymBol.otf) normal normal 700 normal>) = 10.335
2021-06-27 06:24:25,835 [DEBUG] findfont: score(<Font 'Mishafi' (Mishafi.ttf) normal normal regular normal>) = 10.05
2021-06-27 06:24:25,836 [DEBUG] findfont: score(<Font 'Noto Sans Carian' (NotoSansCarian-Regular.ttf) normal normal regular normal>) = 10.05
2021-06-27 06:24:25,836 [DEBUG] findfont: score(<Font 'ITF Devanagari' (ITFDevanagari.ttc) normal normal book normal>) = 10.05
2021-06-27 06:24:25,836 [DEBUG] findfont: score(<Font 'Myanmar Sangam MN' (Myanmar Sangam MN.ttc) normal normal 400 normal>) = 10.05
2021-06-27 06:24:25,836 [DEBUG] findfont: score(<Font 'Marker Felt' (MarkerFelt.ttc) normal normal 400 normal>) = 10.05
2021-06-27 06:24:25,836 [DEBUG] findfont: score(<Font 'Noto Sans Mro' (NotoSansMro-Regular.ttf) normal normal regular normal>) = 10.05
2021-06-27 06:24:25,837 [DEBUG] findfont: score(<Font 'STIXGeneral' (STIXGeneralBolIta.otf) italic normal 700 normal>) = 11.335
2021-06-27 06:24:25,837 [DEBUG] findfont: score(<Font 'Thonburi' (Thonburi.ttc) normal normal 400 normal>) = 10.05
2021-06-27 06:24:25,837 [DEBUG] findfont: score(<Font 'Hiragino Sans' (ヒラギノ角ゴシック W1.ttc) normal normal 400 normal>) = 10.05
2021-06-27 06:24:25,837 [DEBUG] findfont: score(<Font 'Hiragino Sans' (ヒラギノ角ゴシック W3.ttc) normal normal 400 normal>) = 10.05
2021-06-27 06:24:25,837 [DEBUG] findfont: score(<Font 'PT Serif' (PTSerif.ttc) normal normal 400 normal>) = 10.05
2021-06-27 06:24:25,838 [DEBUG] findfont: score(<Font 'Iowan Old Style' (Iowan Old Style.ttc) normal normal roman normal>) = 10.145
2021-06-27 06:24:25,838 [DEBUG] findfont: score(<Font 'Arial' (Arial.ttf) normal normal 400 normal>) = 6.413636363636363
2021-06-27 06:24:25,838 [DEBUG] findfont: score(<Font 'Noto Sans Miao' (NotoSansMiao-Regular.ttf) normal normal regular normal>) = 10.05
2021-06-27 06:24:25,838 [DEBUG] findfont: score(<Font 'Georgia' (Georgia Italic.ttf) italic normal 400 normal>) = 11.05
2021-06-27 06:24:25,838 [DEBUG] findfont: score(<Font '.Keyboard' (Keyboard.ttf) normal normal 400 normal>) = 10.05
2021-06-27 06:24:25,839 [DEBUG] findfont: score(<Font 'Noto Sans Mandaic' (NotoSansMandaic-Regular.ttf) normal normal regular normal>) = 10.05
2021-06-27 06:24:25,839 [DEBUG] findfont: score(<Font 'Noto Sans Kharoshthi' (NotoSansKharoshthi-Regular.ttf) normal normal regular normal>) = 10.05
2021-06-27 06:24:25,839 [DEBUG] findfont: score(<Font 'Noto Sans Cuneiform' (NotoSansCuneiform-Regular.ttf) normal normal regular normal>) = 10.05
2021-06-27 06:24:25,839 [DEBUG] findfont: score(<Font 'Lao Sangam MN' (Lao Sangam MN.ttf) normal normal 400 normal>) = 10.05
2021-06-27 06:24:25,839 [DEBUG] findfont: score(<Font 'Times New Roman' (Times New Roman Italic.ttf) italic normal roman normal>) = 11.145
2021-06-27 06:24:25,840 [DEBUG] findfont: score(<Font 'Noto Sans Hanifi Rohingya' (NotoSansHanifiRohingya-Regular.ttf) normal normal regular normal>) = 10.05
2021-06-27 06:24:25,840 [DEBUG] findfont: score(<Font 'Noto Sans Meroitic' (NotoSansMeroitic-Regular.ttf) normal normal regular normal>) = 10.05
2021-06-27 06:24:25,840 [DEBUG] findfont: score(<Font 'Heiti TC' (STHeiti Light.ttc) normal normal light normal>) = 10.24
2021-06-27 06:24:25,840 [DEBUG] findfont: score(<Font 'Noteworthy' (Noteworthy.ttc) normal normal light normal>) = 10.24
2021-06-27 06:24:25,840 [DEBUG] findfont: score(<Font 'Noto Sans Psalter Pahlavi' (NotoSansPsalterPahlavi-Regular.ttf) normal normal regular normal>) = 10.05
2021-06-27 06:24:25,840 [DEBUG] findfont: score(<Font 'Zapfino' (Zapfino.ttf) normal normal 400 normal>) = 10.05
2021-06-27 06:24:25,841 [DEBUG] findfont: Matching :family=sans-serif:style=normal:variant=normal:weight=normal:stretch=normal:size=10.0 to DejaVu Sans ('/Users/ehwang/opt/anaconda3/envs/conda-env/lib/python3.7/site-packages/matplotlib/mpl-data/fonts/ttf/DejaVuSans.ttf') with score of 0.050000.
