2021-07-04 09:57:12,933 [INFO] {'data_dir': '../data', 'no_cuda': False, 'debug': True, 'log_batch_size': 7, 'epochs': 10, 'data_type': 'hieve', 'finetune': False, 'model': 'box', 'downsample': 0.01, 'learning_rate': 0.01, 'lambda_anno': 1.0, 'lambda_trans': 0.0, 'lambda_cross': 0.0, 'volume_temp': 1.0, 'intersection_temp': 0.0001, 'hieve_threshold': -0.02, 'matres_threshold': -0.5, 'mlp_size': 32, 'mlp_output_dim': 32, 'hieve_mlp_size': 64, 'matres_mlp_size': 32, 'proj_output_dim': 32, 'num_layers': 1, 'roberta_hidden_size': 1024, 'lstm_hidden_size': 256, 'lstm_input_size': 768, 'no_valid': False, 'loss_type': 0, 'patience': 8, 'eval_step': 1, 'eval_type': 'one', 'load_model': 0, 'saved_model': '/Users/ehwang/PycharmProjects/CE2ERE/src/model/matres_20210505163300_2ya6wb7v.pt', 'wandb_id': 'hwang7520/CE2ERE-src/2ya6wb7v', 'load_valid': 0, 'save_plot': 0}
2021-07-04 09:57:12,934 [INFO] Requested CUDA but it is not available, running on CPU
2021-07-04 09:57:48,747 [INFO] HiEve Preprocessing took 0:00:36
2021-07-04 09:57:48,747 [INFO] HiEve training instance num: 6446, valid instance num: 7670, test instance num: 5560
2021-07-04 09:57:48,747 [INFO] debug mode on
2021-07-04 09:57:48,971 [INFO] hieve length debugging mode: %d
2021-07-04 09:57:49,006 [DEBUG] Starting new HTTPS connection (1): s3.amazonaws.com:443
2021-07-04 09:57:49,922 [DEBUG] https://s3.amazonaws.com:443 "HEAD /models.huggingface.co/bert/roberta-base-config.json HTTP/1.1" 200 0
2021-07-04 09:57:49,928 [INFO] loading configuration file https://s3.amazonaws.com/models.huggingface.co/bert/roberta-base-config.json from cache at /Users/ehwang/.cache/torch/transformers/e1a2a406b5a05063c31f4dfdee7608986ba7c6393f7f79db5e69dcd197208534.117c81977c5979de8c088352e74ec6e70f5c66096c28b61d3c50101609b39690
2021-07-04 09:57:49,928 [INFO] Model config RobertaConfig {
  "architectures": [
    "RobertaForMaskedLM"
  ],
  "attention_probs_dropout_prob": 0.1,
  "bos_token_id": 0,
  "do_sample": false,
  "eos_token_id": 2,
  "eos_token_ids": null,
  "finetuning_task": null,
  "hidden_act": "gelu",
  "hidden_dropout_prob": 0.1,
  "hidden_size": 768,
  "id2label": {
    "0": "LABEL_0",
    "1": "LABEL_1"
  },
  "initializer_range": 0.02,
  "intermediate_size": 3072,
  "is_decoder": false,
  "label2id": {
    "LABEL_0": 0,
    "LABEL_1": 1
  },
  "layer_norm_eps": 1e-05,
  "length_penalty": 1.0,
  "max_length": 20,
  "max_position_embeddings": 514,
  "model_type": "roberta",
  "num_attention_heads": 12,
  "num_beams": 1,
  "num_hidden_layers": 12,
  "num_labels": 2,
  "num_return_sequences": 1,
  "output_attentions": false,
  "output_hidden_states": false,
  "output_past": true,
  "pad_token_id": 1,
  "pruned_heads": {},
  "repetition_penalty": 1.0,
  "temperature": 1.0,
  "top_k": 50,
  "top_p": 1.0,
  "torchscript": false,
  "type_vocab_size": 1,
  "use_bfloat16": false,
  "vocab_size": 50265
}

2021-07-04 09:57:49,931 [DEBUG] Starting new HTTPS connection (1): s3.amazonaws.com:443
2021-07-04 09:57:51,100 [DEBUG] https://s3.amazonaws.com:443 "HEAD /models.huggingface.co/bert/roberta-base-pytorch_model.bin HTTP/1.1" 200 0
2021-07-04 09:57:51,105 [INFO] loading weights file https://s3.amazonaws.com/models.huggingface.co/bert/roberta-base-pytorch_model.bin from cache at /Users/ehwang/.cache/torch/transformers/228756ed15b6d200d7cb45aaef08c087e2706f54cb912863d2efe07c89584eb7.49b88ba7ec2c26a7558dda98ca3884c3b80fa31cf43a1b1f23aef3ff81ba344e
2021-07-04 09:57:54,048 [INFO] ======== Epoch 1 / 10 ========
2021-07-04 09:57:54,049 [INFO] Training start...
2021-07-04 09:58:38,359 [INFO] epoch: 1, loss: 192.034742
2021-07-04 09:58:38,360 [INFO] [valid-hieve] start... 
2021-07-04 09:59:18,606 [INFO] confusion_matrix: 
[[ 5  0  0  0]
 [18  0  0  0]
 [46  0  0  0]
 [31  0  0  0]]
2021-07-04 09:59:18,617 [INFO] classifiction_report: 
              precision    recall  f1-score   support

          00       0.05      1.00      0.10         5
          01       0.00      0.00      0.00        18
          10       0.00      0.00      0.00        46
          11       0.00      0.00      0.00        31

    accuracy                           0.05       100
   macro avg       0.01      0.25      0.02       100
weighted avg       0.00      0.05      0.00       100

2021-07-04 09:59:18,617 [INFO] macro f1 score: 0.0000
2021-07-04 09:59:18,617 [INFO] done!
2021-07-04 09:59:18,622 [INFO] [cv-valid-hieve] start... 
2021-07-04 09:59:55,462 [INFO] [cv-valid-hieve] constraint-violation: {('10', '10', '01'): 0, ('10', '10', '11'): 0, ('10', '10', '00'): 0, ('10', '11', '01'): 0, ('10', '11', '11'): 0, ('10', '11', '00'): 0, ('10', '00', '01'): 0, ('10', '00', '11'): 0, ('01', '01', '10'): 0, ('01', '01', '11'): 0, ('01', '01', '00'): 0, ('01', '11', '10'): 0, ('01', '11', '11'): 0, ('01', '11', '00'): 0, ('01', '00', '10'): 0, ('01', '00', '11'): 0, ('11', '10', '01'): 0, ('11', '10', '11'): 0, ('11', '10', '00'): 0, ('11', '01', '10'): 0, ('11', '01', '11'): 0, ('11', '01', '00'): 0, ('11', '11', '10'): 0, ('11', '11', '01'): 0, ('11', '11', '00'): 0, ('11', '00', '10'): 0, ('11', '00', '01'): 0, ('11', '00', '11'): 0, ('00', '10', '01'): 0, ('00', '10', '11'): 0, ('00', '01', '10'): 0, ('00', '01', '11'): 0, ('00', '11', '10'): 0, ('00', '11', '01'): 0, ('00', '11', '11'): 0}
2021-07-04 09:59:55,462 [INFO] [cv-valid-hieve] all_cases: {('10', '10'): 0, ('10', '01'): 0, ('10', '11'): 0, ('10', '00'): 0, ('01', '10'): 0, ('01', '01'): 0, ('01', '11'): 0, ('01', '00'): 0, ('11', '10'): 0, ('11', '01'): 0, ('11', '11'): 0, ('11', '00'): 0, ('00', '10'): 0, ('00', '01'): 0, ('00', '11'): 0, ('00', '00'): 100}
2021-07-04 09:59:55,464 [INFO] confusion_matrix: 
[[ 5  0  0  0]
 [18  0  0  0]
 [46  0  0  0]
 [31  0  0  0]]
2021-07-04 09:59:55,471 [INFO] classifiction_report: 
              precision    recall  f1-score   support

          00       0.05      1.00      0.10         5
          01       0.00      0.00      0.00        18
          10       0.00      0.00      0.00        46
          11       0.00      0.00      0.00        31

    accuracy                           0.05       100
   macro avg       0.01      0.25      0.02       100
weighted avg       0.00      0.05      0.00       100

2021-07-04 09:59:55,471 [INFO] macro f1 score: 0.0000
2021-07-04 09:59:55,471 [INFO] done!
2021-07-04 09:59:55,474 [INFO] valid_metrics: {'[valid-hieve] Precision': nan, '[valid-hieve] Recall': 0.0, '[valid-hieve] F1 Score': nan, '[valid] Elapsed Time': 40.2577850818634}
2021-07-04 09:59:55,474 [INFO] cv_valid_metrics: {'[cv-valid-hieve] Precision': nan, '[cv-valid-hieve] Recall': 0.0, '[cv-valid-hieve] F1 Score': nan, '[cv-valid] Elapsed Time': 36.849318742752075}
2021-07-04 09:59:55,475 [INFO] ======== Epoch 2 / 10 ========
2021-07-04 09:59:55,475 [INFO] Training start...
2021-07-04 10:00:41,183 [INFO] epoch: 2, loss: 204.117624
2021-07-04 10:00:41,184 [INFO] [valid-hieve] start... 
2021-07-04 10:01:16,950 [INFO] confusion_matrix: 
[[ 5  0  0  0]
 [18  0  0  0]
 [46  0  0  0]
 [31  0  0  0]]
2021-07-04 10:01:16,957 [INFO] classifiction_report: 
              precision    recall  f1-score   support

          00       0.05      1.00      0.10         5
          01       0.00      0.00      0.00        18
          10       0.00      0.00      0.00        46
          11       0.00      0.00      0.00        31

    accuracy                           0.05       100
   macro avg       0.01      0.25      0.02       100
weighted avg       0.00      0.05      0.00       100

2021-07-04 10:01:16,957 [INFO] macro f1 score: 0.0000
2021-07-04 10:01:16,957 [INFO] done!
2021-07-04 10:01:16,961 [INFO] [cv-valid-hieve] start... 
2021-07-04 10:01:52,403 [INFO] [cv-valid-hieve] constraint-violation: {('10', '10', '01'): 0, ('10', '10', '11'): 0, ('10', '10', '00'): 0, ('10', '11', '01'): 0, ('10', '11', '11'): 0, ('10', '11', '00'): 0, ('10', '00', '01'): 0, ('10', '00', '11'): 0, ('01', '01', '10'): 0, ('01', '01', '11'): 0, ('01', '01', '00'): 0, ('01', '11', '10'): 0, ('01', '11', '11'): 0, ('01', '11', '00'): 0, ('01', '00', '10'): 0, ('01', '00', '11'): 0, ('11', '10', '01'): 0, ('11', '10', '11'): 0, ('11', '10', '00'): 0, ('11', '01', '10'): 0, ('11', '01', '11'): 0, ('11', '01', '00'): 0, ('11', '11', '10'): 0, ('11', '11', '01'): 0, ('11', '11', '00'): 0, ('11', '00', '10'): 0, ('11', '00', '01'): 0, ('11', '00', '11'): 0, ('00', '10', '01'): 0, ('00', '10', '11'): 0, ('00', '01', '10'): 0, ('00', '01', '11'): 0, ('00', '11', '10'): 0, ('00', '11', '01'): 0, ('00', '11', '11'): 0}
2021-07-04 10:01:52,403 [INFO] [cv-valid-hieve] all_cases: {('10', '10'): 0, ('10', '01'): 0, ('10', '11'): 0, ('10', '00'): 0, ('01', '10'): 0, ('01', '01'): 0, ('01', '11'): 0, ('01', '00'): 0, ('11', '10'): 0, ('11', '01'): 0, ('11', '11'): 0, ('11', '00'): 0, ('00', '10'): 0, ('00', '01'): 0, ('00', '11'): 0, ('00', '00'): 100}
2021-07-04 10:01:52,405 [INFO] confusion_matrix: 
[[ 5  0  0  0]
 [18  0  0  0]
 [46  0  0  0]
 [31  0  0  0]]
2021-07-04 10:01:52,411 [INFO] classifiction_report: 
              precision    recall  f1-score   support

          00       0.05      1.00      0.10         5
          01       0.00      0.00      0.00        18
          10       0.00      0.00      0.00        46
          11       0.00      0.00      0.00        31

    accuracy                           0.05       100
   macro avg       0.01      0.25      0.02       100
weighted avg       0.00      0.05      0.00       100

2021-07-04 10:01:52,412 [INFO] macro f1 score: 0.0000
2021-07-04 10:01:52,412 [INFO] done!
2021-07-04 10:01:52,415 [INFO] valid_metrics: {'[valid-hieve] Precision': nan, '[valid-hieve] Recall': 0.0, '[valid-hieve] F1 Score': nan, '[valid] Elapsed Time': 35.7727370262146}
2021-07-04 10:01:52,415 [INFO] cv_valid_metrics: {'[cv-valid-hieve] Precision': nan, '[cv-valid-hieve] Recall': 0.0, '[cv-valid-hieve] F1 Score': nan, '[cv-valid] Elapsed Time': 35.451194763183594}
2021-07-04 10:01:52,416 [INFO] ======== Epoch 3 / 10 ========
2021-07-04 10:01:52,416 [INFO] Training start...
2021-07-04 10:02:33,257 [INFO] epoch: 3, loss: 134.474535
2021-07-04 10:02:33,258 [INFO] [valid-hieve] start... 
2021-07-04 10:03:08,677 [INFO] confusion_matrix: 
[[ 5  0  0  0]
 [18  0  0  0]
 [46  0  0  0]
 [31  0  0  0]]
2021-07-04 10:03:08,683 [INFO] classifiction_report: 
              precision    recall  f1-score   support

          00       0.05      1.00      0.10         5
          01       0.00      0.00      0.00        18
          10       0.00      0.00      0.00        46
          11       0.00      0.00      0.00        31

    accuracy                           0.05       100
   macro avg       0.01      0.25      0.02       100
weighted avg       0.00      0.05      0.00       100

2021-07-04 10:03:08,683 [INFO] macro f1 score: 0.0000
2021-07-04 10:03:08,683 [INFO] done!
2021-07-04 10:03:08,687 [INFO] [cv-valid-hieve] start... 
2021-07-04 10:03:45,389 [INFO] [cv-valid-hieve] constraint-violation: {('10', '10', '01'): 0, ('10', '10', '11'): 0, ('10', '10', '00'): 0, ('10', '11', '01'): 0, ('10', '11', '11'): 0, ('10', '11', '00'): 0, ('10', '00', '01'): 0, ('10', '00', '11'): 0, ('01', '01', '10'): 0, ('01', '01', '11'): 0, ('01', '01', '00'): 0, ('01', '11', '10'): 0, ('01', '11', '11'): 0, ('01', '11', '00'): 0, ('01', '00', '10'): 0, ('01', '00', '11'): 0, ('11', '10', '01'): 0, ('11', '10', '11'): 0, ('11', '10', '00'): 0, ('11', '01', '10'): 0, ('11', '01', '11'): 0, ('11', '01', '00'): 0, ('11', '11', '10'): 0, ('11', '11', '01'): 0, ('11', '11', '00'): 0, ('11', '00', '10'): 0, ('11', '00', '01'): 0, ('11', '00', '11'): 0, ('00', '10', '01'): 0, ('00', '10', '11'): 0, ('00', '01', '10'): 0, ('00', '01', '11'): 0, ('00', '11', '10'): 0, ('00', '11', '01'): 0, ('00', '11', '11'): 0}
2021-07-04 10:03:45,390 [INFO] [cv-valid-hieve] all_cases: {('10', '10'): 0, ('10', '01'): 0, ('10', '11'): 0, ('10', '00'): 0, ('01', '10'): 0, ('01', '01'): 0, ('01', '11'): 0, ('01', '00'): 0, ('11', '10'): 0, ('11', '01'): 0, ('11', '11'): 0, ('11', '00'): 0, ('00', '10'): 0, ('00', '01'): 0, ('00', '11'): 0, ('00', '00'): 100}
2021-07-04 10:03:45,391 [INFO] confusion_matrix: 
[[ 5  0  0  0]
 [18  0  0  0]
 [46  0  0  0]
 [31  0  0  0]]
2021-07-04 10:03:45,397 [INFO] classifiction_report: 
              precision    recall  f1-score   support

          00       0.05      1.00      0.10         5
          01       0.00      0.00      0.00        18
          10       0.00      0.00      0.00        46
          11       0.00      0.00      0.00        31

    accuracy                           0.05       100
   macro avg       0.01      0.25      0.02       100
weighted avg       0.00      0.05      0.00       100

2021-07-04 10:03:45,397 [INFO] macro f1 score: 0.0000
2021-07-04 10:03:45,397 [INFO] done!
2021-07-04 10:03:45,400 [INFO] valid_metrics: {'[valid-hieve] Precision': nan, '[valid-hieve] Recall': 0.0, '[valid-hieve] F1 Score': nan, '[valid] Elapsed Time': 35.42526292800903}
2021-07-04 10:03:45,401 [INFO] cv_valid_metrics: {'[cv-valid-hieve] Precision': nan, '[cv-valid-hieve] Recall': 0.0, '[cv-valid-hieve] F1 Score': nan, '[cv-valid] Elapsed Time': 36.710756063461304}
2021-07-04 10:03:45,401 [INFO] ======== Epoch 4 / 10 ========
2021-07-04 10:03:45,401 [INFO] Training start...
2021-07-04 10:04:26,472 [INFO] epoch: 4, loss: 132.100374
2021-07-04 10:04:26,473 [INFO] [valid-hieve] start... 
2021-07-04 10:05:01,389 [INFO] confusion_matrix: 
[[ 5  0  0  0]
 [18  0  0  0]
 [46  0  0  0]
 [31  0  0  0]]
2021-07-04 10:05:01,396 [INFO] classifiction_report: 
              precision    recall  f1-score   support

          00       0.05      1.00      0.10         5
          01       0.00      0.00      0.00        18
          10       0.00      0.00      0.00        46
          11       0.00      0.00      0.00        31

    accuracy                           0.05       100
   macro avg       0.01      0.25      0.02       100
weighted avg       0.00      0.05      0.00       100

2021-07-04 10:05:01,396 [INFO] macro f1 score: 0.0000
2021-07-04 10:05:01,396 [INFO] done!
2021-07-04 10:05:01,399 [INFO] [cv-valid-hieve] start... 
2021-07-04 10:05:34,767 [INFO] [cv-valid-hieve] constraint-violation: {('10', '10', '01'): 0, ('10', '10', '11'): 0, ('10', '10', '00'): 0, ('10', '11', '01'): 0, ('10', '11', '11'): 0, ('10', '11', '00'): 0, ('10', '00', '01'): 0, ('10', '00', '11'): 0, ('01', '01', '10'): 0, ('01', '01', '11'): 0, ('01', '01', '00'): 0, ('01', '11', '10'): 0, ('01', '11', '11'): 0, ('01', '11', '00'): 0, ('01', '00', '10'): 0, ('01', '00', '11'): 0, ('11', '10', '01'): 0, ('11', '10', '11'): 0, ('11', '10', '00'): 0, ('11', '01', '10'): 0, ('11', '01', '11'): 0, ('11', '01', '00'): 0, ('11', '11', '10'): 0, ('11', '11', '01'): 0, ('11', '11', '00'): 0, ('11', '00', '10'): 0, ('11', '00', '01'): 0, ('11', '00', '11'): 0, ('00', '10', '01'): 0, ('00', '10', '11'): 0, ('00', '01', '10'): 0, ('00', '01', '11'): 0, ('00', '11', '10'): 0, ('00', '11', '01'): 0, ('00', '11', '11'): 0}
2021-07-04 10:05:34,767 [INFO] [cv-valid-hieve] all_cases: {('10', '10'): 0, ('10', '01'): 0, ('10', '11'): 0, ('10', '00'): 0, ('01', '10'): 0, ('01', '01'): 0, ('01', '11'): 0, ('01', '00'): 0, ('11', '10'): 0, ('11', '01'): 0, ('11', '11'): 0, ('11', '00'): 0, ('00', '10'): 0, ('00', '01'): 0, ('00', '11'): 0, ('00', '00'): 100}
2021-07-04 10:05:34,768 [INFO] confusion_matrix: 
[[ 5  0  0  0]
 [18  0  0  0]
 [46  0  0  0]
 [31  0  0  0]]
2021-07-04 10:05:34,774 [INFO] classifiction_report: 
              precision    recall  f1-score   support

          00       0.05      1.00      0.10         5
          01       0.00      0.00      0.00        18
          10       0.00      0.00      0.00        46
          11       0.00      0.00      0.00        31

    accuracy                           0.05       100
   macro avg       0.01      0.25      0.02       100
weighted avg       0.00      0.05      0.00       100

2021-07-04 10:05:34,774 [INFO] macro f1 score: 0.0000
2021-07-04 10:05:34,775 [INFO] done!
2021-07-04 10:05:34,777 [INFO] valid_metrics: {'[valid-hieve] Precision': nan, '[valid-hieve] Recall': 0.0, '[valid-hieve] F1 Score': nan, '[valid] Elapsed Time': 34.92327284812927}
2021-07-04 10:05:34,778 [INFO] cv_valid_metrics: {'[cv-valid-hieve] Precision': nan, '[cv-valid-hieve] Recall': 0.0, '[cv-valid-hieve] F1 Score': nan, '[cv-valid] Elapsed Time': 33.37531876564026}
2021-07-04 10:05:34,778 [INFO] ======== Epoch 5 / 10 ========
2021-07-04 10:05:34,778 [INFO] Training start...
2021-07-04 10:06:13,775 [INFO] epoch: 5, loss: 118.360017
2021-07-04 10:06:13,776 [INFO] [valid-hieve] start... 
2021-07-04 10:06:47,669 [INFO] confusion_matrix: 
[[ 5  0  0  0]
 [18  0  0  0]
 [46  0  0  0]
 [31  0  0  0]]
2021-07-04 10:06:47,676 [INFO] classifiction_report: 
              precision    recall  f1-score   support

          00       0.05      1.00      0.10         5
          01       0.00      0.00      0.00        18
          10       0.00      0.00      0.00        46
          11       0.00      0.00      0.00        31

    accuracy                           0.05       100
   macro avg       0.01      0.25      0.02       100
weighted avg       0.00      0.05      0.00       100

2021-07-04 10:06:47,676 [INFO] macro f1 score: 0.0000
2021-07-04 10:06:47,676 [INFO] done!
2021-07-04 10:06:47,680 [INFO] [cv-valid-hieve] start... 
2021-07-04 10:07:21,244 [INFO] [cv-valid-hieve] constraint-violation: {('10', '10', '01'): 0, ('10', '10', '11'): 0, ('10', '10', '00'): 0, ('10', '11', '01'): 0, ('10', '11', '11'): 0, ('10', '11', '00'): 0, ('10', '00', '01'): 0, ('10', '00', '11'): 0, ('01', '01', '10'): 0, ('01', '01', '11'): 0, ('01', '01', '00'): 0, ('01', '11', '10'): 0, ('01', '11', '11'): 0, ('01', '11', '00'): 0, ('01', '00', '10'): 0, ('01', '00', '11'): 0, ('11', '10', '01'): 0, ('11', '10', '11'): 0, ('11', '10', '00'): 0, ('11', '01', '10'): 0, ('11', '01', '11'): 0, ('11', '01', '00'): 0, ('11', '11', '10'): 0, ('11', '11', '01'): 0, ('11', '11', '00'): 0, ('11', '00', '10'): 0, ('11', '00', '01'): 0, ('11', '00', '11'): 0, ('00', '10', '01'): 0, ('00', '10', '11'): 0, ('00', '01', '10'): 0, ('00', '01', '11'): 0, ('00', '11', '10'): 0, ('00', '11', '01'): 0, ('00', '11', '11'): 0}
2021-07-04 10:07:21,244 [INFO] [cv-valid-hieve] all_cases: {('10', '10'): 0, ('10', '01'): 0, ('10', '11'): 0, ('10', '00'): 0, ('01', '10'): 0, ('01', '01'): 0, ('01', '11'): 0, ('01', '00'): 0, ('11', '10'): 0, ('11', '01'): 0, ('11', '11'): 0, ('11', '00'): 0, ('00', '10'): 0, ('00', '01'): 0, ('00', '11'): 0, ('00', '00'): 100}
2021-07-04 10:07:21,246 [INFO] confusion_matrix: 
[[ 5  0  0  0]
 [18  0  0  0]
 [46  0  0  0]
 [31  0  0  0]]
2021-07-04 10:07:21,251 [INFO] classifiction_report: 
              precision    recall  f1-score   support

          00       0.05      1.00      0.10         5
          01       0.00      0.00      0.00        18
          10       0.00      0.00      0.00        46
          11       0.00      0.00      0.00        31

    accuracy                           0.05       100
   macro avg       0.01      0.25      0.02       100
weighted avg       0.00      0.05      0.00       100

2021-07-04 10:07:21,252 [INFO] macro f1 score: 0.0000
2021-07-04 10:07:21,252 [INFO] done!
2021-07-04 10:07:21,255 [INFO] valid_metrics: {'[valid-hieve] Precision': nan, '[valid-hieve] Recall': 0.0, '[valid-hieve] F1 Score': nan, '[valid] Elapsed Time': 33.90094709396362}
2021-07-04 10:07:21,255 [INFO] cv_valid_metrics: {'[cv-valid-hieve] Precision': nan, '[cv-valid-hieve] Recall': 0.0, '[cv-valid-hieve] F1 Score': nan, '[cv-valid] Elapsed Time': 33.57172608375549}
2021-07-04 10:07:21,255 [INFO] ======== Epoch 6 / 10 ========
2021-07-04 10:07:21,256 [INFO] Training start...
2021-07-04 10:08:00,145 [INFO] epoch: 6, loss: 106.065472
2021-07-04 10:08:00,146 [INFO] [valid-hieve] start... 
2021-07-04 10:08:33,829 [INFO] confusion_matrix: 
[[ 5  0  0  0]
 [18  0  0  0]
 [46  0  0  0]
 [31  0  0  0]]
2021-07-04 10:08:33,836 [INFO] classifiction_report: 
              precision    recall  f1-score   support

          00       0.05      1.00      0.10         5
          01       0.00      0.00      0.00        18
          10       0.00      0.00      0.00        46
          11       0.00      0.00      0.00        31

    accuracy                           0.05       100
   macro avg       0.01      0.25      0.02       100
weighted avg       0.00      0.05      0.00       100

2021-07-04 10:08:33,836 [INFO] macro f1 score: 0.0000
2021-07-04 10:08:33,836 [INFO] done!
2021-07-04 10:08:33,839 [INFO] [cv-valid-hieve] start... 
2021-07-04 10:09:08,283 [INFO] [cv-valid-hieve] constraint-violation: {('10', '10', '01'): 0, ('10', '10', '11'): 0, ('10', '10', '00'): 0, ('10', '11', '01'): 0, ('10', '11', '11'): 0, ('10', '11', '00'): 0, ('10', '00', '01'): 0, ('10', '00', '11'): 0, ('01', '01', '10'): 0, ('01', '01', '11'): 0, ('01', '01', '00'): 0, ('01', '11', '10'): 0, ('01', '11', '11'): 0, ('01', '11', '00'): 0, ('01', '00', '10'): 0, ('01', '00', '11'): 0, ('11', '10', '01'): 0, ('11', '10', '11'): 0, ('11', '10', '00'): 0, ('11', '01', '10'): 0, ('11', '01', '11'): 0, ('11', '01', '00'): 0, ('11', '11', '10'): 0, ('11', '11', '01'): 0, ('11', '11', '00'): 0, ('11', '00', '10'): 0, ('11', '00', '01'): 0, ('11', '00', '11'): 0, ('00', '10', '01'): 0, ('00', '10', '11'): 0, ('00', '01', '10'): 0, ('00', '01', '11'): 0, ('00', '11', '10'): 0, ('00', '11', '01'): 0, ('00', '11', '11'): 0}
2021-07-04 10:09:08,283 [INFO] [cv-valid-hieve] all_cases: {('10', '10'): 0, ('10', '01'): 0, ('10', '11'): 0, ('10', '00'): 0, ('01', '10'): 0, ('01', '01'): 0, ('01', '11'): 0, ('01', '00'): 0, ('11', '10'): 0, ('11', '01'): 0, ('11', '11'): 0, ('11', '00'): 0, ('00', '10'): 0, ('00', '01'): 0, ('00', '11'): 0, ('00', '00'): 100}
2021-07-04 10:09:08,285 [INFO] confusion_matrix: 
[[ 5  0  0  0]
 [18  0  0  0]
 [46  0  0  0]
 [31  0  0  0]]
2021-07-04 10:09:08,292 [INFO] classifiction_report: 
              precision    recall  f1-score   support

          00       0.05      1.00      0.10         5
          01       0.00      0.00      0.00        18
          10       0.00      0.00      0.00        46
          11       0.00      0.00      0.00        31

    accuracy                           0.05       100
   macro avg       0.01      0.25      0.02       100
weighted avg       0.00      0.05      0.00       100

2021-07-04 10:09:08,292 [INFO] macro f1 score: 0.0000
2021-07-04 10:09:08,292 [INFO] done!
2021-07-04 10:09:08,295 [INFO] valid_metrics: {'[valid-hieve] Precision': nan, '[valid-hieve] Recall': 0.0, '[valid-hieve] F1 Score': nan, '[valid] Elapsed Time': 33.68974995613098}
2021-07-04 10:09:08,295 [INFO] cv_valid_metrics: {'[cv-valid-hieve] Precision': nan, '[cv-valid-hieve] Recall': 0.0, '[cv-valid-hieve] F1 Score': nan, '[cv-valid] Elapsed Time': 34.45279002189636}
2021-07-04 10:09:08,296 [INFO] ======== Epoch 7 / 10 ========
2021-07-04 10:09:08,296 [INFO] Training start...
