2021-07-05 16:08:26,343 [INFO] {'data_dir': '../data', 'no_cuda': False, 'debug': True, 'log_batch_size': 7, 'epochs': 10, 'data_type': 'hieve', 'finetune': False, 'model': 'box', 'downsample': 0.001, 'learning_rate': 0.01, 'lambda_anno': 1.0, 'lambda_trans': 0.0, 'lambda_cross': 0.0, 'volume_temp': 1.0, 'intersection_temp': 0.0001, 'hieve_threshold': -0.6, 'matres_threshold': -0.5, 'mlp_size': 32, 'mlp_output_dim': 32, 'hieve_mlp_size': 64, 'matres_mlp_size': 32, 'proj_output_dim': 32, 'num_layers': 1, 'roberta_hidden_size': 1024, 'lstm_hidden_size': 256, 'lstm_input_size': 768, 'seed': 2696701948, 'no_valid': False, 'loss_type': 0, 'patience': 8, 'eval_step': 1, 'eval_type': 'one', 'load_model': 0, 'saved_model': '/Users/ehwang/PycharmProjects/CE2ERE/src/model/matres_20210505163300_2ya6wb7v.pt', 'wandb_id': 'hwang7520/CE2ERE-src/2ya6wb7v', 'load_valid': 0, 'save_plot': 1, 'symm_train': 0, 'symm_eval': 1}
2021-07-05 16:08:26,343 [INFO] Requested CUDA but it is not available, running on CPU
2021-07-05 16:09:16,744 [INFO] HiEve Preprocessing took 0:00:50
2021-07-05 16:09:16,744 [INFO] HiEve training instance num: 5835, valid instance num: 8449, test instance num: 6183
2021-07-05 16:09:16,744 [INFO] debug mode on
2021-07-05 16:09:17,146 [INFO] hieve length debugging mode: %d
2021-07-05 16:09:18,057 [INFO] loading configuration file https://s3.amazonaws.com/models.huggingface.co/bert/roberta-base-config.json from cache at /Users/ehwang/.cache/torch/transformers/e1a2a406b5a05063c31f4dfdee7608986ba7c6393f7f79db5e69dcd197208534.117c81977c5979de8c088352e74ec6e70f5c66096c28b61d3c50101609b39690
2021-07-05 16:09:18,058 [INFO] Model config RobertaConfig {
  "architectures": [
    "RobertaForMaskedLM"
  ],
  "attention_probs_dropout_prob": 0.1,
  "bos_token_id": 0,
  "do_sample": false,
  "eos_token_id": 2,
  "eos_token_ids": null,
  "finetuning_task": null,
  "hidden_act": "gelu",
  "hidden_dropout_prob": 0.1,
  "hidden_size": 768,
  "id2label": {
    "0": "LABEL_0",
    "1": "LABEL_1"
  },
  "initializer_range": 0.02,
  "intermediate_size": 3072,
  "is_decoder": false,
  "label2id": {
    "LABEL_0": 0,
    "LABEL_1": 1
  },
  "layer_norm_eps": 1e-05,
  "length_penalty": 1.0,
  "max_length": 20,
  "max_position_embeddings": 514,
  "model_type": "roberta",
  "num_attention_heads": 12,
  "num_beams": 1,
  "num_hidden_layers": 12,
  "num_labels": 2,
  "num_return_sequences": 1,
  "output_attentions": false,
  "output_hidden_states": false,
  "output_past": true,
  "pad_token_id": 1,
  "pruned_heads": {},
  "repetition_penalty": 1.0,
  "temperature": 1.0,
  "top_k": 50,
  "top_p": 1.0,
  "torchscript": false,
  "type_vocab_size": 1,
  "use_bfloat16": false,
  "vocab_size": 50265
}

2021-07-05 16:09:18,937 [INFO] loading weights file https://s3.amazonaws.com/models.huggingface.co/bert/roberta-base-pytorch_model.bin from cache at /Users/ehwang/.cache/torch/transformers/228756ed15b6d200d7cb45aaef08c087e2706f54cb912863d2efe07c89584eb7.49b88ba7ec2c26a7558dda98ca3884c3b80fa31cf43a1b1f23aef3ff81ba344e
2021-07-05 16:09:21,633 [INFO] ======== Epoch 1 / 10 ========
2021-07-05 16:09:21,633 [INFO] Training start...
2021-07-05 16:13:29,083 [INFO] epoch: 1, loss: 195.908538
2021-07-05 16:13:29,086 [INFO] [valid-hieve] start... 
2021-07-05 16:16:16,471 [INFO] confusion_matrix: 
[[ 2  0  0  0]
 [20  0  0  5]
 [33  0  0  7]
 [28  0  0  5]]
2021-07-05 16:16:16,482 [INFO] classifiction_report: 
              precision    recall  f1-score   support

          00       0.02      1.00      0.05         2
          01       0.00      0.00      0.00        25
          10       0.00      0.00      0.00        40
          11       0.29      0.15      0.20        33

    accuracy                           0.07       100
   macro avg       0.08      0.29      0.06       100
weighted avg       0.10      0.07      0.07       100

2021-07-05 16:16:16,483 [INFO] macro f1 score: 0.0000
2021-07-05 16:16:16,483 [INFO] done!
2021-07-05 16:16:16,714 [INFO] # of 10 labels: 40
2021-07-05 16:16:16,893 [INFO] # of 01 labels: 25
2021-07-05 16:16:17,112 [INFO] # of 11 labels: 33
2021-07-05 16:16:17,287 [INFO] # of 00 labels: 2
2021-07-05 16:16:17,288 [INFO] [cv-valid-hieve] start... 
2021-07-05 16:19:03,751 [INFO] [cv-valid-hieve] constraint-violation: {('10', '10', '01'): 0, ('10', '10', '11'): 0, ('10', '10', '00'): 0, ('10', '11', '01'): 0, ('10', '11', '11'): 0, ('10', '11', '00'): 0, ('10', '00', '01'): 0, ('10', '00', '11'): 0, ('01', '01', '10'): 0, ('01', '01', '11'): 0, ('01', '01', '00'): 0, ('01', '11', '10'): 0, ('01', '11', '11'): 0, ('01', '11', '00'): 0, ('01', '00', '10'): 0, ('01', '00', '11'): 0, ('11', '10', '01'): 0, ('11', '10', '11'): 0, ('11', '10', '00'): 0, ('11', '01', '10'): 0, ('11', '01', '11'): 0, ('11', '01', '00'): 0, ('11', '11', '10'): 0, ('11', '11', '01'): 0, ('11', '11', '00'): 2, ('11', '00', '10'): 0, ('11', '00', '01'): 0, ('11', '00', '11'): 0, ('00', '10', '01'): 0, ('00', '10', '11'): 0, ('00', '01', '10'): 0, ('00', '01', '11'): 0, ('00', '11', '10'): 0, ('00', '11', '01'): 0, ('00', '11', '11'): 0}
2021-07-05 16:19:03,751 [INFO] [cv-valid-hieve] all_cases: {('10', '10'): 0, ('10', '01'): 0, ('10', '11'): 0, ('10', '00'): 0, ('01', '10'): 0, ('01', '01'): 0, ('01', '11'): 0, ('01', '00'): 0, ('11', '10'): 0, ('11', '01'): 0, ('11', '11'): 5, ('11', '00'): 12, ('00', '10'): 1, ('00', '01'): 0, ('00', '11'): 12, ('00', '00'): 70}
2021-07-05 16:19:03,753 [INFO] confusion_matrix: 
[[ 2  0  0  0]
 [20  0  0  5]
 [33  0  0  7]
 [28  0  0  5]]
2021-07-05 16:19:03,760 [INFO] classifiction_report: 
              precision    recall  f1-score   support

          00       0.02      1.00      0.05         2
          01       0.00      0.00      0.00        25
          10       0.00      0.00      0.00        40
          11       0.29      0.15      0.20        33

    accuracy                           0.07       100
   macro avg       0.08      0.29      0.06       100
weighted avg       0.10      0.07      0.07       100

2021-07-05 16:19:03,760 [INFO] macro f1 score: 0.0000
2021-07-05 16:19:03,760 [INFO] done!
2021-07-05 16:19:03,761 [INFO] valid_metrics: {'[valid-hieve] Precision': 0.29411764705882354, '[valid-hieve] Recall': 0.05102040816326531, '[valid-hieve] F1 Score': 0.08695652173913045, '[valid] Elapsed Time': 167.39680194854736}
2021-07-05 16:19:03,761 [INFO] cv_valid_metrics: {'[cv-valid-hieve] Precision': 0.29411764705882354, '[cv-valid-hieve] Recall': 0.05102040816326531, '[cv-valid-hieve] F1 Score': 0.08695652173913045, '[cv-valid] Elapsed Time': 166.47174501419067}
2021-07-05 16:19:03,921 [INFO] model is saved here: ./model/hieve_20210705160921_25dmsb4h.pt, best epoch: 1, best f1 score: 0.086957
2021-07-05 16:19:03,921 [INFO] ======== Epoch 2 / 10 ========
2021-07-05 16:19:03,921 [INFO] Training start...
2021-07-05 16:22:51,076 [INFO] epoch: 2, loss: 245.688556
2021-07-05 16:22:51,079 [INFO] [valid-hieve] start... 
2021-07-05 16:25:37,413 [INFO] confusion_matrix: 
[[ 0  0  0  2]
 [11  0  0 14]
 [17  0  0 23]
 [13  0  0 20]]
2021-07-05 16:25:37,422 [INFO] classifiction_report: 
              precision    recall  f1-score   support

          00       0.00      0.00      0.00         2
          01       0.00      0.00      0.00        25
          10       0.00      0.00      0.00        40
          11       0.34      0.61      0.43        33

    accuracy                           0.20       100
   macro avg       0.08      0.15      0.11       100
weighted avg       0.11      0.20      0.14       100

2021-07-05 16:25:37,422 [INFO] macro f1 score: 0.0000
2021-07-05 16:25:37,423 [INFO] done!
2021-07-05 16:25:37,627 [INFO] # of 10 labels: 40
2021-07-05 16:25:37,817 [INFO] # of 01 labels: 25
2021-07-05 16:25:38,021 [INFO] # of 11 labels: 33
2021-07-05 16:25:38,192 [INFO] # of 00 labels: 2
2021-07-05 16:25:38,193 [INFO] [cv-valid-hieve] start... 
2021-07-05 16:28:24,064 [INFO] [cv-valid-hieve] constraint-violation: {('10', '10', '01'): 0, ('10', '10', '11'): 0, ('10', '10', '00'): 0, ('10', '11', '01'): 0, ('10', '11', '11'): 0, ('10', '11', '00'): 0, ('10', '00', '01'): 0, ('10', '00', '11'): 0, ('01', '01', '10'): 0, ('01', '01', '11'): 0, ('01', '01', '00'): 0, ('01', '11', '10'): 0, ('01', '11', '11'): 0, ('01', '11', '00'): 0, ('01', '00', '10'): 0, ('01', '00', '11'): 0, ('11', '10', '01'): 0, ('11', '10', '11'): 0, ('11', '10', '00'): 0, ('11', '01', '10'): 0, ('11', '01', '11'): 0, ('11', '01', '00'): 0, ('11', '11', '10'): 0, ('11', '11', '01'): 0, ('11', '11', '00'): 1, ('11', '00', '10'): 0, ('11', '00', '01'): 0, ('11', '00', '11'): 5, ('00', '10', '01'): 0, ('00', '10', '11'): 0, ('00', '01', '10'): 0, ('00', '01', '11'): 0, ('00', '11', '10'): 0, ('00', '11', '01'): 0, ('00', '11', '11'): 0}
2021-07-05 16:28:24,065 [INFO] [cv-valid-hieve] all_cases: {('10', '10'): 0, ('10', '01'): 0, ('10', '11'): 0, ('10', '00'): 0, ('01', '10'): 0, ('01', '01'): 0, ('01', '11'): 0, ('01', '00'): 0, ('11', '10'): 0, ('11', '01'): 0, ('11', '11'): 24, ('11', '00'): 35, ('00', '10'): 0, ('00', '01'): 0, ('00', '11'): 22, ('00', '00'): 19}
2021-07-05 16:28:24,067 [INFO] confusion_matrix: 
[[ 0  0  0  2]
 [11  0  0 14]
 [17  0  0 23]
 [13  0  0 20]]
2021-07-05 16:28:24,100 [INFO] classifiction_report: 
              precision    recall  f1-score   support

          00       0.00      0.00      0.00         2
          01       0.00      0.00      0.00        25
          10       0.00      0.00      0.00        40
          11       0.34      0.61      0.43        33

    accuracy                           0.20       100
   macro avg       0.08      0.15      0.11       100
weighted avg       0.11      0.20      0.14       100

2021-07-05 16:28:24,100 [INFO] macro f1 score: 0.0000
2021-07-05 16:28:24,100 [INFO] done!
2021-07-05 16:28:24,101 [INFO] valid_metrics: {'[valid-hieve] Precision': 0.3389830508474576, '[valid-hieve] Recall': 0.20408163265306123, '[valid-hieve] F1 Score': 0.25477707006369427, '[valid] Elapsed Time': 166.34346175193787}
2021-07-05 16:28:24,101 [INFO] cv_valid_metrics: {'[cv-valid-hieve] Precision': 0.3389830508474576, '[cv-valid-hieve] Recall': 0.20408163265306123, '[cv-valid-hieve] F1 Score': 0.25477707006369427, '[cv-valid] Elapsed Time': 165.9070873260498}
2021-07-05 16:28:24,376 [INFO] model is saved here: ./model/hieve_20210705160921_25dmsb4h.pt, best epoch: 2, best f1 score: 0.254777
2021-07-05 16:28:24,377 [INFO] ======== Epoch 3 / 10 ========
2021-07-05 16:28:24,377 [INFO] Training start...
