2021-06-26 11:33:56,219 [INFO] {'data_dir': '../data', 'no_cuda': False, 'debug': True, 'log_batch_size': 7, 'epochs': 10, 'data_type': 'hieve', 'finetune': False, 'model': 'box', 'downsample': 0.4, 'learning_rate': 0.01, 'lambda_anno': 1.0, 'lambda_trans': 0.0, 'lambda_cross': 0.0, 'volume_temp': 1.0, 'intersection_temp': 0.0001, 'hieve_threshold': -0.5902, 'matres_threshold': -0.5, 'mlp_size': 32, 'mlp_output_dim': 32, 'hieve_mlp_size': 64, 'matres_mlp_size': 32, 'proj_output_dim': 32, 'num_layers': 1, 'roberta_hidden_size': 1024, 'lstm_hidden_size': 256, 'lstm_input_size': 768, 'seed': 10, 'no_valid': False, 'loss_type': 0, 'patience': 8, 'eval_step': 1, 'eval_type': 'one', 'load_model': 0, 'saved_model': '/Users/ehwang/PycharmProjects/CE2ERE/src/model/matres_20210505163300_2ya6wb7v.pt', 'wandb_id': 'hwang7520/CE2ERE-src/2ya6wb7v', 'load_valid': 0}
2021-06-26 11:33:56,219 [INFO] Requested CUDA but it is not available, running on CPU
2021-06-26 11:34:22,770 [INFO] HiEve Preprocessing took 0:00:27
2021-06-26 11:34:22,770 [INFO] HiEve training instance num: 31090, valid instance num: 7107, test instance num: 6314
2021-06-26 11:34:22,770 [INFO] debug mode on
2021-06-26 11:34:23,346 [DEBUG] Starting new HTTPS connection (1): s3.amazonaws.com:443
2021-06-26 11:34:24,218 [DEBUG] https://s3.amazonaws.com:443 "HEAD /models.huggingface.co/bert/roberta-base-config.json HTTP/1.1" 200 0
2021-06-26 11:34:24,223 [INFO] loading configuration file https://s3.amazonaws.com/models.huggingface.co/bert/roberta-base-config.json from cache at /Users/ehwang/.cache/torch/transformers/e1a2a406b5a05063c31f4dfdee7608986ba7c6393f7f79db5e69dcd197208534.117c81977c5979de8c088352e74ec6e70f5c66096c28b61d3c50101609b39690
2021-06-26 11:34:24,224 [INFO] Model config RobertaConfig {
  "architectures": [
    "RobertaForMaskedLM"
  ],
  "attention_probs_dropout_prob": 0.1,
  "bos_token_id": 0,
  "do_sample": false,
  "eos_token_id": 2,
  "eos_token_ids": null,
  "finetuning_task": null,
  "hidden_act": "gelu",
  "hidden_dropout_prob": 0.1,
  "hidden_size": 768,
  "id2label": {
    "0": "LABEL_0",
    "1": "LABEL_1"
  },
  "initializer_range": 0.02,
  "intermediate_size": 3072,
  "is_decoder": false,
  "label2id": {
    "LABEL_0": 0,
    "LABEL_1": 1
  },
  "layer_norm_eps": 1e-05,
  "length_penalty": 1.0,
  "max_length": 20,
  "max_position_embeddings": 514,
  "model_type": "roberta",
  "num_attention_heads": 12,
  "num_beams": 1,
  "num_hidden_layers": 12,
  "num_labels": 2,
  "num_return_sequences": 1,
  "output_attentions": false,
  "output_hidden_states": false,
  "output_past": true,
  "pad_token_id": 1,
  "pruned_heads": {},
  "repetition_penalty": 1.0,
  "temperature": 1.0,
  "top_k": 50,
  "top_p": 1.0,
  "torchscript": false,
  "type_vocab_size": 1,
  "use_bfloat16": false,
  "vocab_size": 50265
}

2021-06-26 11:34:24,228 [DEBUG] Starting new HTTPS connection (1): s3.amazonaws.com:443
2021-06-26 11:34:25,099 [DEBUG] https://s3.amazonaws.com:443 "HEAD /models.huggingface.co/bert/roberta-base-pytorch_model.bin HTTP/1.1" 200 0
2021-06-26 11:34:25,103 [INFO] loading weights file https://s3.amazonaws.com/models.huggingface.co/bert/roberta-base-pytorch_model.bin from cache at /Users/ehwang/.cache/torch/transformers/228756ed15b6d200d7cb45aaef08c087e2706f54cb912863d2efe07c89584eb7.49b88ba7ec2c26a7558dda98ca3884c3b80fa31cf43a1b1f23aef3ff81ba344e
2021-06-26 11:34:27,760 [INFO] ======== Epoch 1 / 10 ========
2021-06-26 11:34:27,761 [INFO] Training start...
2021-06-26 11:35:06,628 [INFO] epoch: 1, loss: 266.798584
2021-06-26 11:35:06,629 [INFO] Validation-[valid-hieve] start... 
2021-06-26 11:35:44,285 [INFO] confusion_matrix: 
[[22  0  0  0]
 [12  0  0  7]
 [35  0  7  0]
 [17  0  0  0]]
2021-06-26 11:35:44,295 [INFO] classifiction_report: 
              precision    recall  f1-score   support

          00       0.26      1.00      0.41        22
          01       0.00      0.00      0.00        19
          10       1.00      0.17      0.29        42
          11       0.00      0.00      0.00        17

    accuracy                           0.29       100
   macro avg       0.31      0.29      0.17       100
weighted avg       0.48      0.29      0.21       100

2021-06-26 11:35:44,296 [INFO] result_table_v2: 
                 precision    recall  f1-score   support

   Parent-Child       1.00      0.17      0.29   42
   Child-Parent       0.00      0.00      0.00   19
          CoRef       0.00      0.00      0.00   17
NoRel [ignored]       0.26      1.00      0.41   22

      micro avg       0.54      0.09      0.15   78
      macro avg       0.33      0.06      0.10   78
2021-06-26 11:35:44,296 [INFO] done!
2021-06-26 11:35:44,300 [INFO] Validation-[cv-valid-hieve] start... 
2021-06-26 11:36:18,762 [INFO] [cv-valid-hieve] constraint-violation: {('10', '10', '01'): 0, ('10', '10', '11'): 0, ('10', '10', '00'): 0, ('10', '11', '01'): 0, ('10', '11', '11'): 0, ('10', '11', '00'): 0, ('10', '00', '01'): 0, ('10', '00', '11'): 0, ('01', '01', '10'): 0, ('01', '01', '11'): 0, ('01', '01', '00'): 0, ('01', '11', '10'): 0, ('01', '11', '11'): 0, ('01', '11', '00'): 0, ('01', '00', '10'): 0, ('01', '00', '11'): 0, ('11', '10', '01'): 0, ('11', '10', '11'): 0, ('11', '10', '00'): 0, ('11', '01', '10'): 0, ('11', '01', '11'): 0, ('11', '01', '00'): 0, ('11', '11', '10'): 0, ('11', '11', '01'): 0, ('11', '11', '00'): 1, ('11', '00', '10'): 0, ('11', '00', '01'): 0, ('11', '00', '11'): 0, ('00', '10', '01'): 0, ('00', '10', '11'): 0, ('00', '01', '10'): 0, ('00', '01', '11'): 0, ('00', '11', '10'): 0, ('00', '11', '01'): 0, ('00', '11', '11'): 0}
2021-06-26 11:36:18,762 [INFO] [cv-valid-hieve] all_cases: {('10', '10'): 0, ('10', '01'): 0, ('10', '11'): 0, ('10', '00'): 7, ('01', '10'): 0, ('01', '01'): 0, ('01', '11'): 0, ('01', '00'): 0, ('11', '10'): 0, ('11', '01'): 0, ('11', '11'): 1, ('11', '00'): 6, ('00', '10'): 0, ('00', '01'): 0, ('00', '11'): 12, ('00', '00'): 74}
2021-06-26 11:36:18,764 [INFO] confusion_matrix: 
[[22  0  0  0]
 [12  0  0  7]
 [35  0  7  0]
 [17  0  0  0]]
2021-06-26 11:36:18,772 [INFO] classifiction_report: 
              precision    recall  f1-score   support

          00       0.26      1.00      0.41        22
          01       0.00      0.00      0.00        19
          10       1.00      0.17      0.29        42
          11       0.00      0.00      0.00        17

    accuracy                           0.29       100
   macro avg       0.31      0.29      0.17       100
weighted avg       0.48      0.29      0.21       100

2021-06-26 11:36:18,772 [INFO] result_table_v2: 
                 precision    recall  f1-score   support

   Parent-Child       1.00      0.17      0.29   42
   Child-Parent       0.00      0.00      0.00   19
          CoRef       0.00      0.00      0.00   17
NoRel [ignored]       0.26      1.00      0.41   22

      micro avg       0.54      0.09      0.15   78
      macro avg       0.33      0.06      0.10   78
2021-06-26 11:36:18,772 [INFO] done!
2021-06-26 11:36:18,776 [INFO] valid_metrics: {'[valid-hieve] Precision': 0.5, '[valid-hieve] Recall': 0.08974358974358974, '[valid-hieve] F1 Score': 0.15217391304347827, '[valid-HiEve] Precision v2': 0.5384615384615384, '[valid-HiEve] Recall v2': 0.08974358974358974, '[valid-HiEve] F1 Score v2': 0.15384615384615383, '[valid] Elapsed Time': 37.66675782203674}
2021-06-26 11:36:18,776 [INFO] cv_valid_metrics: {'[cv-valid-hieve] Precision': 0.5, '[cv-valid-hieve] Recall': 0.08974358974358974, '[cv-valid-hieve] F1 Score': 0.15217391304347827, '[cv-valid-HiEve] Precision v2': 0.5384615384615384, '[cv-valid-HiEve] Recall v2': 0.08974358974358974, '[cv-valid-HiEve] F1 Score v2': 0.15384615384615383, '[cv-valid] Elapsed Time': 34.47278070449829}
2021-06-26 11:36:18,974 [INFO] model is saved here: ./model/hieve_20210626113427_212gfq5g.pt, best epoch: 1, best f1 score: 0.152174
2021-06-26 11:36:18,980 [INFO] ======== Epoch 2 / 10 ========
2021-06-26 11:36:18,980 [INFO] Training start...
2021-06-26 11:36:58,139 [INFO] epoch: 2, loss: 403.987714
2021-06-26 11:36:58,140 [INFO] Validation-[valid-hieve] start... 
2021-06-26 11:37:31,955 [INFO] confusion_matrix: 
[[17  1  0  4]
 [10  0  0  9]
 [ 5  0 20 17]
 [16  0  0  1]]
2021-06-26 11:37:31,961 [INFO] classifiction_report: 
              precision    recall  f1-score   support

          00       0.35      0.77      0.49        22
          01       0.00      0.00      0.00        19
          10       1.00      0.48      0.65        42
          11       0.03      0.06      0.04        17

    accuracy                           0.38       100
   macro avg       0.35      0.33      0.29       100
weighted avg       0.50      0.38      0.38       100

2021-06-26 11:37:31,962 [INFO] result_table_v2: 
                 precision    recall  f1-score   support

   Parent-Child       1.00      0.48      0.65   42
   Child-Parent       0.00      0.00      0.00   19
          CoRef       0.03      0.06      0.04   17
NoRel [ignored]       0.35      0.77      0.49   22

      micro avg       0.55      0.27      0.36   78
      macro avg       0.34      0.18      0.23   78
2021-06-26 11:37:31,962 [INFO] done!
2021-06-26 11:37:31,965 [INFO] Validation-[cv-valid-hieve] start... 
2021-06-26 11:38:06,612 [INFO] [cv-valid-hieve] constraint-violation: {('10', '10', '01'): 0, ('10', '10', '11'): 0, ('10', '10', '00'): 0, ('10', '11', '01'): 0, ('10', '11', '11'): 3, ('10', '11', '00'): 0, ('10', '00', '01'): 0, ('10', '00', '11'): 0, ('01', '01', '10'): 0, ('01', '01', '11'): 0, ('01', '01', '00'): 0, ('01', '11', '10'): 0, ('01', '11', '11'): 0, ('01', '11', '00'): 0, ('01', '00', '10'): 0, ('01', '00', '11'): 0, ('11', '10', '01'): 0, ('11', '10', '11'): 0, ('11', '10', '00'): 0, ('11', '01', '10'): 0, ('11', '01', '11'): 1, ('11', '01', '00'): 3, ('11', '11', '10'): 0, ('11', '11', '01'): 0, ('11', '11', '00'): 5, ('11', '00', '10'): 0, ('11', '00', '01'): 0, ('11', '00', '11'): 1, ('00', '10', '01'): 0, ('00', '10', '11'): 0, ('00', '01', '10'): 0, ('00', '01', '11'): 0, ('00', '11', '10'): 0, ('00', '11', '01'): 1, ('00', '11', '11'): 3}
2021-06-26 11:38:06,613 [INFO] [cv-valid-hieve] all_cases: {('10', '10'): 0, ('10', '01'): 2, ('10', '11'): 3, ('10', '00'): 15, ('01', '10'): 0, ('01', '01'): 0, ('01', '11'): 0, ('01', '00'): 1, ('11', '10'): 0, ('11', '01'): 4, ('11', '11'): 13, ('11', '00'): 14, ('00', '10'): 1, ('00', '01'): 1, ('00', '11'): 28, ('00', '00'): 18}
2021-06-26 11:38:06,614 [INFO] confusion_matrix: 
[[17  1  0  4]
 [10  0  0  9]
 [ 5  0 20 17]
 [16  0  0  1]]
2021-06-26 11:38:06,620 [INFO] classifiction_report: 
              precision    recall  f1-score   support

          00       0.35      0.77      0.49        22
          01       0.00      0.00      0.00        19
          10       1.00      0.48      0.65        42
          11       0.03      0.06      0.04        17

    accuracy                           0.38       100
   macro avg       0.35      0.33      0.29       100
weighted avg       0.50      0.38      0.38       100

2021-06-26 11:38:06,621 [INFO] result_table_v2: 
                 precision    recall  f1-score   support

   Parent-Child       1.00      0.48      0.65   42
   Child-Parent       0.00      0.00      0.00   19
          CoRef       0.03      0.06      0.04   17
NoRel [ignored]       0.35      0.77      0.49   22

      micro avg       0.55      0.27      0.36   78
      macro avg       0.34      0.18      0.23   78
2021-06-26 11:38:06,621 [INFO] done!
2021-06-26 11:38:06,624 [INFO] valid_metrics: {'[valid-hieve] Precision': 0.40384615384615385, '[valid-hieve] Recall': 0.2692307692307692, '[valid-hieve] F1 Score': 0.32307692307692304, '[valid-HiEve] Precision v2': 0.5454921422663358, '[valid-HiEve] Recall v2': 0.2692307692307692, '[valid-HiEve] F1 Score v2': 0.3605232331120656, '[valid] Elapsed Time': 33.82220101356506}
2021-06-26 11:38:06,624 [INFO] cv_valid_metrics: {'[cv-valid-hieve] Precision': 0.40384615384615385, '[cv-valid-hieve] Recall': 0.2692307692307692, '[cv-valid-hieve] F1 Score': 0.32307692307692304, '[cv-valid-HiEve] Precision v2': 0.5454921422663358, '[cv-valid-HiEve] Recall v2': 0.2692307692307692, '[cv-valid-HiEve] F1 Score v2': 0.3605232331120656, '[cv-valid] Elapsed Time': 34.655582904815674}
2021-06-26 11:38:06,791 [INFO] model is saved here: ./model/hieve_20210626113427_212gfq5g.pt, best epoch: 2, best f1 score: 0.323077
2021-06-26 11:38:06,791 [INFO] ======== Epoch 3 / 10 ========
2021-06-26 11:38:06,792 [INFO] Training start...
2021-06-26 11:38:47,770 [INFO] epoch: 3, loss: 149.946717
2021-06-26 11:38:47,772 [INFO] Validation-[valid-hieve] start... 
2021-06-26 11:39:22,237 [INFO] confusion_matrix: 
[[17  0  0  5]
 [ 3 10  0  6]
 [35  0  7  0]
 [ 7  0  0 10]]
2021-06-26 11:39:22,243 [INFO] classifiction_report: 
              precision    recall  f1-score   support

          00       0.27      0.77      0.40        22
          01       1.00      0.53      0.69        19
          10       1.00      0.17      0.29        42
          11       0.48      0.59      0.53        17

    accuracy                           0.44       100
   macro avg       0.69      0.51      0.48       100
weighted avg       0.75      0.44      0.43       100

2021-06-26 11:39:22,243 [INFO] result_table_v2: 
                 precision    recall  f1-score   support

   Parent-Child       1.00      0.17      0.29   42
   Child-Parent       1.00      0.53      0.69   19
          CoRef       0.48      0.59      0.53   17
NoRel [ignored]       0.27      0.77      0.40   22

      micro avg       0.89      0.35      0.50   78
      macro avg       0.83      0.43      0.56   78
2021-06-26 11:39:22,244 [INFO] done!
2021-06-26 11:39:22,247 [INFO] Validation-[cv-valid-hieve] start... 
2021-06-26 11:39:56,082 [INFO] [cv-valid-hieve] constraint-violation: {('10', '10', '01'): 0, ('10', '10', '11'): 0, ('10', '10', '00'): 0, ('10', '11', '01'): 0, ('10', '11', '11'): 1, ('10', '11', '00'): 0, ('10', '00', '01'): 0, ('10', '00', '11'): 0, ('01', '01', '10'): 0, ('01', '01', '11'): 0, ('01', '01', '00'): 0, ('01', '11', '10'): 0, ('01', '11', '11'): 3, ('01', '11', '00'): 1, ('01', '00', '10'): 0, ('01', '00', '11'): 0, ('11', '10', '01'): 0, ('11', '10', '11'): 0, ('11', '10', '00'): 0, ('11', '01', '10'): 0, ('11', '01', '11'): 0, ('11', '01', '00'): 2, ('11', '11', '10'): 0, ('11', '11', '01'): 0, ('11', '11', '00'): 5, ('11', '00', '10'): 0, ('11', '00', '01'): 0, ('11', '00', '11'): 0, ('00', '10', '01'): 0, ('00', '10', '11'): 0, ('00', '01', '10'): 0, ('00', '01', '11'): 2, ('00', '11', '10'): 3, ('00', '11', '01'): 1, ('00', '11', '11'): 10}
2021-06-26 11:39:56,082 [INFO] [cv-valid-hieve] all_cases: {('10', '10'): 0, ('10', '01'): 6, ('10', '11'): 1, ('10', '00'): 0, ('01', '10'): 0, ('01', '01'): 0, ('01', '11'): 9, ('01', '00'): 1, ('11', '10'): 0, ('11', '01'): 2, ('11', '11'): 14, ('11', '00'): 5, ('00', '10'): 0, ('00', '01'): 14, ('00', '11'): 30, ('00', '00'): 18}
2021-06-26 11:39:56,084 [INFO] confusion_matrix: 
[[17  0  0  5]
 [ 3 10  0  6]
 [35  0  7  0]
 [ 7  0  0 10]]
2021-06-26 11:39:56,090 [INFO] classifiction_report: 
              precision    recall  f1-score   support

          00       0.27      0.77      0.40        22
          01       1.00      0.53      0.69        19
          10       1.00      0.17      0.29        42
          11       0.48      0.59      0.53        17

    accuracy                           0.44       100
   macro avg       0.69      0.51      0.48       100
weighted avg       0.75      0.44      0.43       100

2021-06-26 11:39:56,090 [INFO] result_table_v2: 
                 precision    recall  f1-score   support

   Parent-Child       1.00      0.17      0.29   42
   Child-Parent       1.00      0.53      0.69   19
          CoRef       0.48      0.59      0.53   17
NoRel [ignored]       0.27      0.77      0.40   22

      micro avg       0.89      0.35      0.50   78
      macro avg       0.83      0.43      0.56   78
2021-06-26 11:39:56,091 [INFO] done!
2021-06-26 11:39:56,093 [INFO] valid_metrics: {'[valid-hieve] Precision': 0.7105263157894737, '[valid-hieve] Recall': 0.34615384615384615, '[valid-hieve] F1 Score': 0.4655172413793104, '[valid-HiEve] Precision v2': 0.8858363858363859, '[valid-HiEve] Recall v2': 0.34615384615384615, '[valid-HiEve] F1 Score v2': 0.4977891286117252, '[valid] Elapsed Time': 34.47214412689209}
2021-06-26 11:39:56,094 [INFO] cv_valid_metrics: {'[cv-valid-hieve] Precision': 0.7105263157894737, '[cv-valid-hieve] Recall': 0.34615384615384615, '[cv-valid-hieve] F1 Score': 0.4655172413793104, '[cv-valid-HiEve] Precision v2': 0.8858363858363859, '[cv-valid-HiEve] Recall v2': 0.34615384615384615, '[cv-valid-HiEve] F1 Score v2': 0.4977891286117252, '[cv-valid] Elapsed Time': 33.84352684020996}
2021-06-26 11:39:56,273 [INFO] model is saved here: ./model/hieve_20210626113427_212gfq5g.pt, best epoch: 3, best f1 score: 0.465517
2021-06-26 11:39:56,273 [INFO] ======== Epoch 4 / 10 ========
2021-06-26 11:39:56,273 [INFO] Training start...
2021-06-26 11:40:35,041 [INFO] epoch: 4, loss: 131.597971
2021-06-26 11:40:35,043 [INFO] Validation-[valid-hieve] start... 
2021-06-26 11:41:09,124 [INFO] confusion_matrix: 
[[20  0  1  1]
 [15  0  0  4]
 [42  0  0  0]
 [14  0  0  3]]
2021-06-26 11:41:09,131 [INFO] classifiction_report: 
              precision    recall  f1-score   support

          00       0.22      0.91      0.35        22
          01       0.00      0.00      0.00        19
          10       0.00      0.00      0.00        42
          11       0.38      0.18      0.24        17

    accuracy                           0.23       100
   macro avg       0.15      0.27      0.15       100
weighted avg       0.11      0.23      0.12       100

2021-06-26 11:41:09,131 [INFO] result_table_v2: 
                 precision    recall  f1-score   support

   Parent-Child       0.00      0.00      0.00   42
   Child-Parent       0.00      0.00      0.00   19
          CoRef       0.38      0.18      0.24   17
NoRel [ignored]       0.22      0.91      0.35   22

      micro avg       0.08      0.04      0.05   78
      macro avg       0.12      0.06      0.08   78
2021-06-26 11:41:09,131 [INFO] done!
2021-06-26 11:41:09,134 [INFO] Validation-[cv-valid-hieve] start... 
2021-06-26 11:41:43,130 [INFO] [cv-valid-hieve] constraint-violation: {('10', '10', '01'): 0, ('10', '10', '11'): 0, ('10', '10', '00'): 0, ('10', '11', '01'): 0, ('10', '11', '11'): 0, ('10', '11', '00'): 0, ('10', '00', '01'): 0, ('10', '00', '11'): 0, ('01', '01', '10'): 0, ('01', '01', '11'): 0, ('01', '01', '00'): 0, ('01', '11', '10'): 0, ('01', '11', '11'): 0, ('01', '11', '00'): 0, ('01', '00', '10'): 0, ('01', '00', '11'): 0, ('11', '10', '01'): 0, ('11', '10', '11'): 0, ('11', '10', '00'): 0, ('11', '01', '10'): 0, ('11', '01', '11'): 0, ('11', '01', '00'): 0, ('11', '11', '10'): 0, ('11', '11', '01'): 0, ('11', '11', '00'): 1, ('11', '00', '10'): 0, ('11', '00', '01'): 0, ('11', '00', '11'): 0, ('00', '10', '01'): 0, ('00', '10', '11'): 0, ('00', '01', '10'): 3, ('00', '01', '11'): 0, ('00', '11', '10'): 1, ('00', '11', '01'): 0, ('00', '11', '11'): 2}
2021-06-26 11:41:43,131 [INFO] [cv-valid-hieve] all_cases: {('10', '10'): 0, ('10', '01'): 0, ('10', '11'): 1, ('10', '00'): 0, ('01', '10'): 0, ('01', '01'): 0, ('01', '11'): 0, ('01', '00'): 0, ('11', '10'): 0, ('11', '01'): 0, ('11', '11'): 5, ('11', '00'): 3, ('00', '10'): 0, ('00', '01'): 10, ('00', '11'): 34, ('00', '00'): 47}
2021-06-26 11:41:43,132 [INFO] confusion_matrix: 
[[20  0  1  1]
 [15  0  0  4]
 [42  0  0  0]
 [14  0  0  3]]
2021-06-26 11:41:43,138 [INFO] classifiction_report: 
              precision    recall  f1-score   support

          00       0.22      0.91      0.35        22
          01       0.00      0.00      0.00        19
          10       0.00      0.00      0.00        42
          11       0.38      0.18      0.24        17

    accuracy                           0.23       100
   macro avg       0.15      0.27      0.15       100
weighted avg       0.11      0.23      0.12       100

2021-06-26 11:41:43,139 [INFO] result_table_v2: 
                 precision    recall  f1-score   support

   Parent-Child       0.00      0.00      0.00   42
   Child-Parent       0.00      0.00      0.00   19
          CoRef       0.38      0.18      0.24   17
NoRel [ignored]       0.22      0.91      0.35   22

      micro avg       0.08      0.04      0.05   78
      macro avg       0.12      0.06      0.08   78
2021-06-26 11:41:43,139 [INFO] done!
2021-06-26 11:41:43,141 [INFO] valid_metrics: {'[valid-hieve] Precision': 0.3333333333333333, '[valid-hieve] Recall': 0.038461538461538464, '[valid-hieve] F1 Score': 0.06896551724137931, '[valid-HiEve] Precision v2': 0.08173076923076923, '[valid-HiEve] Recall v2': 0.038461538461538464, '[valid-HiEve] F1 Score v2': 0.052307692307692305, '[valid] Elapsed Time': 34.088618993759155}
2021-06-26 11:41:43,142 [INFO] cv_valid_metrics: {'[cv-valid-hieve] Precision': 0.3333333333333333, '[cv-valid-hieve] Recall': 0.038461538461538464, '[cv-valid-hieve] F1 Score': 0.06896551724137931, '[cv-valid-HiEve] Precision v2': 0.08173076923076923, '[cv-valid-HiEve] Recall v2': 0.038461538461538464, '[cv-valid-HiEve] F1 Score v2': 0.052307692307692305, '[cv-valid] Elapsed Time': 34.00433897972107}
2021-06-26 11:41:43,142 [INFO] ======== Epoch 5 / 10 ========
2021-06-26 11:41:43,143 [INFO] Training start...
2021-06-26 11:42:21,707 [INFO] epoch: 5, loss: 135.977788
2021-06-26 11:42:21,708 [INFO] Validation-[valid-hieve] start... 
2021-06-26 11:42:58,043 [INFO] confusion_matrix: 
[[21  0  0  1]
 [15  0  0  4]
 [12  0 30  0]
 [ 7  2  1  7]]
2021-06-26 11:42:58,050 [INFO] classifiction_report: 
              precision    recall  f1-score   support

          00       0.38      0.95      0.55        22
          01       0.00      0.00      0.00        19
          10       0.97      0.71      0.82        42
          11       0.58      0.41      0.48        17

    accuracy                           0.58       100
   macro avg       0.48      0.52      0.46       100
weighted avg       0.59      0.58      0.55       100

2021-06-26 11:42:58,050 [INFO] result_table_v2: 
                 precision    recall  f1-score   support

   Parent-Child       0.97      0.71      0.82   42
   Child-Parent       0.00      0.00      0.00   19
          CoRef       0.58      0.41      0.48   17
NoRel [ignored]       0.38      0.95      0.55   22

      micro avg       0.65      0.47      0.55   78
      macro avg       0.52      0.38      0.43   78
2021-06-26 11:42:58,051 [INFO] done!
2021-06-26 11:42:58,055 [INFO] Validation-[cv-valid-hieve] start... 
2021-06-26 11:43:36,287 [INFO] [cv-valid-hieve] constraint-violation: {('10', '10', '01'): 0, ('10', '10', '11'): 0, ('10', '10', '00'): 1, ('10', '11', '01'): 0, ('10', '11', '11'): 1, ('10', '11', '00'): 6, ('10', '00', '01'): 0, ('10', '00', '11'): 2, ('01', '01', '10'): 0, ('01', '01', '11'): 0, ('01', '01', '00'): 0, ('01', '11', '10'): 0, ('01', '11', '11'): 1, ('01', '11', '00'): 0, ('01', '00', '10'): 0, ('01', '00', '11'): 0, ('11', '10', '01'): 0, ('11', '10', '11'): 0, ('11', '10', '00'): 0, ('11', '01', '10'): 0, ('11', '01', '11'): 1, ('11', '01', '00'): 2, ('11', '11', '10'): 0, ('11', '11', '01'): 0, ('11', '11', '00'): 0, ('11', '00', '10'): 0, ('11', '00', '01'): 0, ('11', '00', '11'): 1, ('00', '10', '01'): 0, ('00', '10', '11'): 0, ('00', '01', '10'): 1, ('00', '01', '11'): 0, ('00', '11', '10'): 1, ('00', '11', '01'): 0, ('00', '11', '11'): 0}
2021-06-26 11:43:36,288 [INFO] [cv-valid-hieve] all_cases: {('10', '10'): 1, ('10', '01'): 5, ('10', '11'): 12, ('10', '00'): 13, ('01', '10'): 0, ('01', '01'): 0, ('01', '11'): 1, ('01', '00'): 1, ('11', '10'): 0, ('11', '01'): 3, ('11', '11'): 2, ('11', '00'): 7, ('00', '10'): 2, ('00', '01'): 6, ('00', '11'): 14, ('00', '00'): 33}
2021-06-26 11:43:36,289 [INFO] confusion_matrix: 
[[21  0  0  1]
 [15  0  0  4]
 [12  0 30  0]
 [ 7  2  1  7]]
2021-06-26 11:43:36,295 [INFO] classifiction_report: 
              precision    recall  f1-score   support

          00       0.38      0.95      0.55        22
          01       0.00      0.00      0.00        19
          10       0.97      0.71      0.82        42
          11       0.58      0.41      0.48        17

    accuracy                           0.58       100
   macro avg       0.48      0.52      0.46       100
weighted avg       0.59      0.58      0.55       100

2021-06-26 11:43:36,295 [INFO] result_table_v2: 
                 precision    recall  f1-score   support

   Parent-Child       0.97      0.71      0.82   42
   Child-Parent       0.00      0.00      0.00   19
          CoRef       0.58      0.41      0.48   17
NoRel [ignored]       0.38      0.95      0.55   22

      micro avg       0.65      0.47      0.55   78
      macro avg       0.52      0.38      0.43   78
2021-06-26 11:43:36,295 [INFO] done!
2021-06-26 11:43:36,298 [INFO] valid_metrics: {'[valid-hieve] Precision': 0.8222222222222222, '[valid-hieve] Recall': 0.47435897435897434, '[valid-hieve] F1 Score': 0.6016260162601627, '[valid-HiEve] Precision v2': 0.6482285635511442, '[valid-HiEve] Recall v2': 0.47435897435897434, '[valid-HiEve] F1 Score v2': 0.5478290577298959, '[valid] Elapsed Time': 36.34267210960388}
2021-06-26 11:43:36,298 [INFO] cv_valid_metrics: {'[cv-valid-hieve] Precision': 0.8222222222222222, '[cv-valid-hieve] Recall': 0.47435897435897434, '[cv-valid-hieve] F1 Score': 0.6016260162601627, '[cv-valid-HiEve] Precision v2': 0.6482285635511442, '[cv-valid-HiEve] Recall v2': 0.47435897435897434, '[cv-valid-HiEve] F1 Score v2': 0.5478290577298959, '[cv-valid] Elapsed Time': 38.24061918258667}
2021-06-26 11:43:36,486 [INFO] model is saved here: ./model/hieve_20210626113427_212gfq5g.pt, best epoch: 5, best f1 score: 0.601626
2021-06-26 11:43:36,486 [INFO] ======== Epoch 6 / 10 ========
2021-06-26 11:43:36,486 [INFO] Training start...
2021-06-26 11:44:16,343 [INFO] epoch: 6, loss: 125.509232
2021-06-26 11:44:16,344 [INFO] Validation-[valid-hieve] start... 
2021-06-26 11:44:51,148 [INFO] confusion_matrix: 
[[21  0  0  1]
 [15  0  0  4]
 [42  0  0  0]
 [10  0  0  7]]
2021-06-26 11:44:51,155 [INFO] classifiction_report: 
              precision    recall  f1-score   support

          00       0.24      0.95      0.38        22
          01       0.00      0.00      0.00        19
          10       0.00      0.00      0.00        42
          11       0.58      0.41      0.48        17

    accuracy                           0.28       100
   macro avg       0.21      0.34      0.22       100
weighted avg       0.15      0.28      0.17       100

2021-06-26 11:44:51,155 [INFO] result_table_v2: 
                 precision    recall  f1-score   support

   Parent-Child       0.00      0.00      0.00   42
   Child-Parent       0.00      0.00      0.00   19
          CoRef       0.58      0.41      0.48   17
NoRel [ignored]       0.24      0.95      0.38   22

      micro avg       0.13      0.09      0.11   78
      macro avg       0.19      0.14      0.16   78
2021-06-26 11:44:51,155 [INFO] done!
2021-06-26 11:44:51,159 [INFO] Validation-[cv-valid-hieve] start... 
2021-06-26 11:45:27,471 [INFO] [cv-valid-hieve] constraint-violation: {('10', '10', '01'): 0, ('10', '10', '11'): 0, ('10', '10', '00'): 0, ('10', '11', '01'): 0, ('10', '11', '11'): 0, ('10', '11', '00'): 0, ('10', '00', '01'): 0, ('10', '00', '11'): 0, ('01', '01', '10'): 0, ('01', '01', '11'): 0, ('01', '01', '00'): 0, ('01', '11', '10'): 0, ('01', '11', '11'): 0, ('01', '11', '00'): 0, ('01', '00', '10'): 0, ('01', '00', '11'): 0, ('11', '10', '01'): 0, ('11', '10', '11'): 0, ('11', '10', '00'): 0, ('11', '01', '10'): 0, ('11', '01', '11'): 0, ('11', '01', '00'): 0, ('11', '11', '10'): 1, ('11', '11', '01'): 0, ('11', '11', '00'): 0, ('11', '00', '10'): 1, ('11', '00', '01'): 0, ('11', '00', '11'): 0, ('00', '10', '01'): 0, ('00', '10', '11'): 1, ('00', '01', '10'): 1, ('00', '01', '11'): 4, ('00', '11', '10'): 0, ('00', '11', '01'): 0, ('00', '11', '11'): 0}
2021-06-26 11:45:27,471 [INFO] [cv-valid-hieve] all_cases: {('10', '10'): 0, ('10', '01'): 0, ('10', '11'): 0, ('10', '00'): 0, ('01', '10'): 0, ('01', '01'): 0, ('01', '11'): 0, ('01', '00'): 0, ('11', '10'): 0, ('11', '01'): 0, ('11', '11'): 3, ('11', '00'): 9, ('00', '10'): 8, ('00', '01'): 7, ('00', '11'): 28, ('00', '00'): 45}
2021-06-26 11:45:27,472 [INFO] confusion_matrix: 
[[21  0  0  1]
 [15  0  0  4]
 [42  0  0  0]
 [10  0  0  7]]
2021-06-26 11:45:27,478 [INFO] classifiction_report: 
              precision    recall  f1-score   support

          00       0.24      0.95      0.38        22
          01       0.00      0.00      0.00        19
          10       0.00      0.00      0.00        42
          11       0.58      0.41      0.48        17

    accuracy                           0.28       100
   macro avg       0.21      0.34      0.22       100
weighted avg       0.15      0.28      0.17       100

2021-06-26 11:45:27,478 [INFO] result_table_v2: 
                 precision    recall  f1-score   support

   Parent-Child       0.00      0.00      0.00   42
   Child-Parent       0.00      0.00      0.00   19
          CoRef       0.58      0.41      0.48   17
NoRel [ignored]       0.24      0.95      0.38   22

      micro avg       0.13      0.09      0.11   78
      macro avg       0.19      0.14      0.16   78
2021-06-26 11:45:27,478 [INFO] done!
2021-06-26 11:45:27,481 [INFO] valid_metrics: {'[valid-hieve] Precision': 0.5833333333333334, '[valid-hieve] Recall': 0.08974358974358974, '[valid-hieve] F1 Score': 0.15555555555555556, '[valid-HiEve] Precision v2': 0.12713675213675216, '[valid-HiEve] Recall v2': 0.08974358974358974, '[valid-HiEve] F1 Score v2': 0.10521662245800179, '[valid] Elapsed Time': 34.81174302101135}
2021-06-26 11:45:27,481 [INFO] cv_valid_metrics: {'[cv-valid-hieve] Precision': 0.5833333333333334, '[cv-valid-hieve] Recall': 0.08974358974358974, '[cv-valid-hieve] F1 Score': 0.15555555555555556, '[cv-valid-HiEve] Precision v2': 0.12713675213675216, '[cv-valid-HiEve] Recall v2': 0.08974358974358974, '[cv-valid-HiEve] F1 Score v2': 0.10521662245800179, '[cv-valid] Elapsed Time': 36.31943321228027}
2021-06-26 11:45:27,482 [INFO] ======== Epoch 7 / 10 ========
2021-06-26 11:45:27,482 [INFO] Training start...
2021-06-26 11:46:07,194 [INFO] epoch: 7, loss: 130.227751
2021-06-26 11:46:07,195 [INFO] Validation-[valid-hieve] start... 
2021-06-26 11:46:41,369 [INFO] confusion_matrix: 
[[22  0  0  0]
 [15  0  0  4]
 [32  0 10  0]
 [16  0  0  1]]
2021-06-26 11:46:41,375 [INFO] classifiction_report: 
              precision    recall  f1-score   support

          00       0.26      1.00      0.41        22
          01       0.00      0.00      0.00        19
          10       1.00      0.24      0.38        42
          11       0.20      0.06      0.09        17

    accuracy                           0.33       100
   macro avg       0.36      0.32      0.22       100
weighted avg       0.51      0.33      0.27       100

2021-06-26 11:46:41,375 [INFO] result_table_v2: 
                 precision    recall  f1-score   support

   Parent-Child       1.00      0.24      0.38   42
   Child-Parent       0.00      0.00      0.00   19
          CoRef       0.20      0.06      0.09   17
NoRel [ignored]       0.26      1.00      0.41   22

      micro avg       0.58      0.14      0.23   78
      macro avg       0.40      0.10      0.16   78
2021-06-26 11:46:41,375 [INFO] done!
2021-06-26 11:46:41,379 [INFO] Validation-[cv-valid-hieve] start... 
2021-06-26 11:47:15,159 [INFO] [cv-valid-hieve] constraint-violation: {('10', '10', '01'): 0, ('10', '10', '11'): 0, ('10', '10', '00'): 0, ('10', '11', '01'): 0, ('10', '11', '11'): 0, ('10', '11', '00'): 3, ('10', '00', '01'): 0, ('10', '00', '11'): 0, ('01', '01', '10'): 0, ('01', '01', '11'): 0, ('01', '01', '00'): 0, ('01', '11', '10'): 0, ('01', '11', '11'): 0, ('01', '11', '00'): 0, ('01', '00', '10'): 0, ('01', '00', '11'): 0, ('11', '10', '01'): 0, ('11', '10', '11'): 0, ('11', '10', '00'): 0, ('11', '01', '10'): 0, ('11', '01', '11'): 1, ('11', '01', '00'): 0, ('11', '11', '10'): 0, ('11', '11', '01'): 0, ('11', '11', '00'): 0, ('11', '00', '10'): 0, ('11', '00', '01'): 0, ('11', '00', '11'): 1, ('00', '10', '01'): 0, ('00', '10', '11'): 0, ('00', '01', '10'): 0, ('00', '01', '11'): 1, ('00', '11', '10'): 0, ('00', '11', '01'): 0, ('00', '11', '11'): 0}
2021-06-26 11:47:15,159 [INFO] [cv-valid-hieve] all_cases: {('10', '10'): 0, ('10', '01'): 3, ('10', '11'): 3, ('10', '00'): 4, ('01', '10'): 0, ('01', '01'): 0, ('01', '11'): 0, ('01', '00'): 0, ('11', '10'): 0, ('11', '01'): 1, ('11', '11'): 1, ('11', '00'): 3, ('00', '10'): 4, ('00', '01'): 6, ('00', '11'): 20, ('00', '00'): 55}
2021-06-26 11:47:15,161 [INFO] confusion_matrix: 
[[22  0  0  0]
 [15  0  0  4]
 [32  0 10  0]
 [16  0  0  1]]
2021-06-26 11:47:15,174 [INFO] classifiction_report: 
              precision    recall  f1-score   support

          00       0.26      1.00      0.41        22
          01       0.00      0.00      0.00        19
          10       1.00      0.24      0.38        42
          11       0.20      0.06      0.09        17

    accuracy                           0.33       100
   macro avg       0.36      0.32      0.22       100
weighted avg       0.51      0.33      0.27       100

2021-06-26 11:47:15,174 [INFO] result_table_v2: 
                 precision    recall  f1-score   support

   Parent-Child       1.00      0.24      0.38   42
   Child-Parent       0.00      0.00      0.00   19
          CoRef       0.20      0.06      0.09   17
NoRel [ignored]       0.26      1.00      0.41   22

      micro avg       0.58      0.14      0.23   78
      macro avg       0.40      0.10      0.16   78
2021-06-26 11:47:15,175 [INFO] done!
2021-06-26 11:47:15,177 [INFO] valid_metrics: {'[valid-hieve] Precision': 0.7333333333333333, '[valid-hieve] Recall': 0.14102564102564102, '[valid-hieve] F1 Score': 0.23655913978494622, '[valid-HiEve] Precision v2': 0.582051282051282, '[valid-HiEve] Recall v2': 0.14102564102564102, '[valid-HiEve] F1 Score v2': 0.2270412802327696, '[valid] Elapsed Time': 34.18069100379944}
2021-06-26 11:47:15,178 [INFO] cv_valid_metrics: {'[cv-valid-hieve] Precision': 0.7333333333333333, '[cv-valid-hieve] Recall': 0.14102564102564102, '[cv-valid-hieve] F1 Score': 0.23655913978494622, '[cv-valid-HiEve] Precision v2': 0.582051282051282, '[cv-valid-HiEve] Recall v2': 0.14102564102564102, '[cv-valid-HiEve] F1 Score v2': 0.2270412802327696, '[cv-valid] Elapsed Time': 33.79571199417114}
2021-06-26 11:47:15,178 [INFO] ======== Epoch 8 / 10 ========
2021-06-26 11:47:15,178 [INFO] Training start...
2021-06-26 11:47:54,722 [INFO] epoch: 8, loss: 135.198134
2021-06-26 11:47:54,724 [INFO] Validation-[valid-hieve] start... 
2021-06-26 11:48:28,632 [INFO] confusion_matrix: 
[[22  0  0  0]
 [15  0  0  4]
 [42  0  0  0]
 [16  0  0  1]]
2021-06-26 11:48:28,639 [INFO] classifiction_report: 
              precision    recall  f1-score   support

          00       0.23      1.00      0.38        22
          01       0.00      0.00      0.00        19
          10       0.00      0.00      0.00        42
          11       0.20      0.06      0.09        17

    accuracy                           0.23       100
   macro avg       0.11      0.26      0.12       100
weighted avg       0.08      0.23      0.10       100

2021-06-26 11:48:28,639 [INFO] result_table_v2: 
                 precision    recall  f1-score   support

   Parent-Child       0.00      0.00      0.00   42
   Child-Parent       0.00      0.00      0.00   19
          CoRef       0.20      0.06      0.09   17
NoRel [ignored]       0.23      1.00      0.38   22

      micro avg       0.04      0.01      0.02   78
      macro avg       0.07      0.02      0.03   78
2021-06-26 11:48:28,639 [INFO] done!
2021-06-26 11:48:28,642 [INFO] Validation-[cv-valid-hieve] start... 
2021-06-26 11:49:02,535 [INFO] [cv-valid-hieve] constraint-violation: {('10', '10', '01'): 0, ('10', '10', '11'): 0, ('10', '10', '00'): 0, ('10', '11', '01'): 0, ('10', '11', '11'): 0, ('10', '11', '00'): 0, ('10', '00', '01'): 0, ('10', '00', '11'): 0, ('01', '01', '10'): 0, ('01', '01', '11'): 0, ('01', '01', '00'): 0, ('01', '11', '10'): 0, ('01', '11', '11'): 0, ('01', '11', '00'): 0, ('01', '00', '10'): 0, ('01', '00', '11'): 0, ('11', '10', '01'): 0, ('11', '10', '11'): 0, ('11', '10', '00'): 0, ('11', '01', '10'): 0, ('11', '01', '11'): 1, ('11', '01', '00'): 0, ('11', '11', '10'): 0, ('11', '11', '01'): 0, ('11', '11', '00'): 0, ('11', '00', '10'): 0, ('11', '00', '01'): 0, ('11', '00', '11'): 1, ('00', '10', '01'): 0, ('00', '10', '11'): 0, ('00', '01', '10'): 2, ('00', '01', '11'): 0, ('00', '11', '10'): 0, ('00', '11', '01'): 0, ('00', '11', '11'): 0}
2021-06-26 11:49:02,535 [INFO] [cv-valid-hieve] all_cases: {('10', '10'): 0, ('10', '01'): 0, ('10', '11'): 0, ('10', '00'): 0, ('01', '10'): 0, ('01', '01'): 0, ('01', '11'): 0, ('01', '00'): 0, ('11', '10'): 0, ('11', '01'): 1, ('11', '11'): 1, ('11', '00'): 3, ('00', '10'): 0, ('00', '01'): 8, ('00', '11'): 21, ('00', '00'): 66}
2021-06-26 11:49:02,537 [INFO] confusion_matrix: 
[[22  0  0  0]
 [15  0  0  4]
 [42  0  0  0]
 [16  0  0  1]]
2021-06-26 11:49:02,542 [INFO] classifiction_report: 
              precision    recall  f1-score   support

          00       0.23      1.00      0.38        22
          01       0.00      0.00      0.00        19
          10       0.00      0.00      0.00        42
          11       0.20      0.06      0.09        17

    accuracy                           0.23       100
   macro avg       0.11      0.26      0.12       100
weighted avg       0.08      0.23      0.10       100

2021-06-26 11:49:02,543 [INFO] result_table_v2: 
                 precision    recall  f1-score   support

   Parent-Child       0.00      0.00      0.00   42
   Child-Parent       0.00      0.00      0.00   19
          CoRef       0.20      0.06      0.09   17
NoRel [ignored]       0.23      1.00      0.38   22

      micro avg       0.04      0.01      0.02   78
      macro avg       0.07      0.02      0.03   78
2021-06-26 11:49:02,543 [INFO] done!
2021-06-26 11:49:02,546 [INFO] valid_metrics: {'[valid-hieve] Precision': 0.2, '[valid-hieve] Recall': 0.01282051282051282, '[valid-hieve] F1 Score': 0.024096385542168672, '[valid-HiEve] Precision v2': 0.043589743589743594, '[valid-HiEve] Recall v2': 0.01282051282051282, '[valid-HiEve] F1 Score v2': 0.019813519813519812, '[valid] Elapsed Time': 33.915459871292114}
2021-06-26 11:49:02,546 [INFO] cv_valid_metrics: {'[cv-valid-hieve] Precision': 0.2, '[cv-valid-hieve] Recall': 0.01282051282051282, '[cv-valid-hieve] F1 Score': 0.024096385542168672, '[cv-valid-HiEve] Precision v2': 0.043589743589743594, '[cv-valid-HiEve] Recall v2': 0.01282051282051282, '[cv-valid-HiEve] F1 Score v2': 0.019813519813519812, '[cv-valid] Elapsed Time': 33.90055799484253}
2021-06-26 11:49:02,547 [INFO] ======== Epoch 9 / 10 ========
2021-06-26 11:49:02,547 [INFO] Training start...
2021-06-26 11:49:43,562 [INFO] epoch: 9, loss: 138.529613
2021-06-26 11:49:43,563 [INFO] Validation-[valid-hieve] start... 
2021-06-26 11:50:18,247 [INFO] confusion_matrix: 
[[22  0  0  0]
 [19  0  0  0]
 [35  0  7  0]
 [16  1  0  0]]
2021-06-26 11:50:18,254 [INFO] classifiction_report: 
              precision    recall  f1-score   support

          00       0.24      1.00      0.39        22
          01       0.00      0.00      0.00        19
          10       1.00      0.17      0.29        42
          11       0.00      0.00      0.00        17

    accuracy                           0.29       100
   macro avg       0.31      0.29      0.17       100
weighted avg       0.47      0.29      0.20       100

2021-06-26 11:50:18,254 [INFO] result_table_v2: 
                 precision    recall  f1-score   support

   Parent-Child       1.00      0.17      0.29   42
   Child-Parent       0.00      0.00      0.00   19
          CoRef       0.00      0.00      0.00   17
NoRel [ignored]       0.24      1.00      0.39   22

      micro avg       0.54      0.09      0.15   78
      macro avg       0.33      0.06      0.10   78
2021-06-26 11:50:18,254 [INFO] done!
2021-06-26 11:50:18,258 [INFO] Validation-[cv-valid-hieve] start... 
2021-06-26 11:50:55,393 [INFO] [cv-valid-hieve] constraint-violation: {('10', '10', '01'): 0, ('10', '10', '11'): 0, ('10', '10', '00'): 0, ('10', '11', '01'): 0, ('10', '11', '11'): 0, ('10', '11', '00'): 0, ('10', '00', '01'): 0, ('10', '00', '11'): 0, ('01', '01', '10'): 0, ('01', '01', '11'): 0, ('01', '01', '00'): 0, ('01', '11', '10'): 0, ('01', '11', '11'): 0, ('01', '11', '00'): 0, ('01', '00', '10'): 0, ('01', '00', '11'): 1, ('11', '10', '01'): 0, ('11', '10', '11'): 0, ('11', '10', '00'): 0, ('11', '01', '10'): 0, ('11', '01', '11'): 0, ('11', '01', '00'): 0, ('11', '11', '10'): 0, ('11', '11', '01'): 0, ('11', '11', '00'): 0, ('11', '00', '10'): 0, ('11', '00', '01'): 0, ('11', '00', '11'): 0, ('00', '10', '01'): 0, ('00', '10', '11'): 0, ('00', '01', '10'): 2, ('00', '01', '11'): 0, ('00', '11', '10'): 6, ('00', '11', '01'): 1, ('00', '11', '11'): 1}
2021-06-26 11:50:55,393 [INFO] [cv-valid-hieve] all_cases: {('10', '10'): 0, ('10', '01'): 0, ('10', '11'): 0, ('10', '00'): 7, ('01', '10'): 0, ('01', '01'): 0, ('01', '11'): 0, ('01', '00'): 1, ('11', '10'): 0, ('11', '01'): 0, ('11', '11'): 0, ('11', '00'): 0, ('00', '10'): 2, ('00', '01'): 6, ('00', '11'): 14, ('00', '00'): 70}
2021-06-26 11:50:55,394 [INFO] confusion_matrix: 
[[22  0  0  0]
 [19  0  0  0]
 [35  0  7  0]
 [16  1  0  0]]
2021-06-26 11:50:55,400 [INFO] classifiction_report: 
              precision    recall  f1-score   support

          00       0.24      1.00      0.39        22
          01       0.00      0.00      0.00        19
          10       1.00      0.17      0.29        42
          11       0.00      0.00      0.00        17

    accuracy                           0.29       100
   macro avg       0.31      0.29      0.17       100
weighted avg       0.47      0.29      0.20       100

2021-06-26 11:50:55,400 [INFO] result_table_v2: 
                 precision    recall  f1-score   support

   Parent-Child       1.00      0.17      0.29   42
   Child-Parent       0.00      0.00      0.00   19
          CoRef       0.00      0.00      0.00   17
NoRel [ignored]       0.24      1.00      0.39   22

      micro avg       0.54      0.09      0.15   78
      macro avg       0.33      0.06      0.10   78
2021-06-26 11:50:55,401 [INFO] done!
2021-06-26 11:50:55,404 [INFO] valid_metrics: {'[valid-hieve] Precision': 0.875, '[valid-hieve] Recall': 0.08974358974358974, '[valid-hieve] F1 Score': 0.1627906976744186, '[valid-HiEve] Precision v2': 0.5384615384615384, '[valid-HiEve] Recall v2': 0.08974358974358974, '[valid-HiEve] F1 Score v2': 0.15384615384615383, '[valid] Elapsed Time': 34.69073009490967}
2021-06-26 11:50:55,404 [INFO] cv_valid_metrics: {'[cv-valid-hieve] Precision': 0.875, '[cv-valid-hieve] Recall': 0.08974358974358974, '[cv-valid-hieve] F1 Score': 0.1627906976744186, '[cv-valid-HiEve] Precision v2': 0.5384615384615384, '[cv-valid-HiEve] Recall v2': 0.08974358974358974, '[cv-valid-HiEve] F1 Score v2': 0.15384615384615383, '[cv-valid] Elapsed Time': 37.1430459022522}
2021-06-26 11:50:55,404 [INFO] ======== Epoch 10 / 10 ========
2021-06-26 11:50:55,405 [INFO] Training start...
2021-06-26 11:51:37,546 [INFO] epoch: 10, loss: 120.694179
2021-06-26 11:51:37,547 [INFO] Validation-[valid-hieve] start... 
2021-06-26 11:52:14,939 [INFO] confusion_matrix: 
[[22  0  0  0]
 [19  0  0  0]
 [30  0 12  0]
 [13  0  4  0]]
2021-06-26 11:52:14,945 [INFO] classifiction_report: 
              precision    recall  f1-score   support

          00       0.26      1.00      0.42        22
          01       0.00      0.00      0.00        19
          10       0.75      0.29      0.41        42
          11       0.00      0.00      0.00        17

    accuracy                           0.34       100
   macro avg       0.25      0.32      0.21       100
weighted avg       0.37      0.34      0.27       100

2021-06-26 11:52:14,945 [INFO] result_table_v2: 
                 precision    recall  f1-score   support

   Parent-Child       0.75      0.29      0.41   42
   Child-Parent       0.00      0.00      0.00   19
          CoRef       0.00      0.00      0.00   17
NoRel [ignored]       0.26      1.00      0.42   22

      micro avg       0.40      0.15      0.22   78
      macro avg       0.25      0.10      0.14   78
2021-06-26 11:52:14,945 [INFO] done!
2021-06-26 11:52:14,949 [INFO] Validation-[cv-valid-hieve] start... 
2021-06-26 11:52:48,672 [INFO] [cv-valid-hieve] constraint-violation: {('10', '10', '01'): 0, ('10', '10', '11'): 0, ('10', '10', '00'): 0, ('10', '11', '01'): 0, ('10', '11', '11'): 0, ('10', '11', '00'): 0, ('10', '00', '01'): 0, ('10', '00', '11'): 0, ('01', '01', '10'): 0, ('01', '01', '11'): 0, ('01', '01', '00'): 0, ('01', '11', '10'): 0, ('01', '11', '11'): 0, ('01', '11', '00'): 0, ('01', '00', '10'): 0, ('01', '00', '11'): 0, ('11', '10', '01'): 0, ('11', '10', '11'): 0, ('11', '10', '00'): 0, ('11', '01', '10'): 0, ('11', '01', '11'): 0, ('11', '01', '00'): 0, ('11', '11', '10'): 0, ('11', '11', '01'): 0, ('11', '11', '00'): 0, ('11', '00', '10'): 0, ('11', '00', '01'): 0, ('11', '00', '11'): 0, ('00', '10', '01'): 1, ('00', '10', '11'): 0, ('00', '01', '10'): 1, ('00', '01', '11'): 0, ('00', '11', '10'): 3, ('00', '11', '01'): 0, ('00', '11', '11'): 0}
2021-06-26 11:52:48,672 [INFO] [cv-valid-hieve] all_cases: {('10', '10'): 0, ('10', '01'): 0, ('10', '11'): 0, ('10', '00'): 16, ('01', '10'): 0, ('01', '01'): 0, ('01', '11'): 0, ('01', '00'): 0, ('11', '10'): 0, ('11', '01'): 0, ('11', '11'): 0, ('11', '00'): 0, ('00', '10'): 9, ('00', '01'): 4, ('00', '11'): 13, ('00', '00'): 58}
2021-06-26 11:52:48,674 [INFO] confusion_matrix: 
[[22  0  0  0]
 [19  0  0  0]
 [30  0 12  0]
 [13  0  4  0]]
2021-06-26 11:52:48,680 [INFO] classifiction_report: 
              precision    recall  f1-score   support

          00       0.26      1.00      0.42        22
          01       0.00      0.00      0.00        19
          10       0.75      0.29      0.41        42
          11       0.00      0.00      0.00        17

    accuracy                           0.34       100
   macro avg       0.25      0.32      0.21       100
weighted avg       0.37      0.34      0.27       100

2021-06-26 11:52:48,680 [INFO] result_table_v2: 
                 precision    recall  f1-score   support

   Parent-Child       0.75      0.29      0.41   42
   Child-Parent       0.00      0.00      0.00   19
          CoRef       0.00      0.00      0.00   17
NoRel [ignored]       0.26      1.00      0.42   22

      micro avg       0.40      0.15      0.22   78
      macro avg       0.25      0.10      0.14   78
2021-06-26 11:52:48,680 [INFO] done!
2021-06-26 11:52:48,684 [INFO] valid_metrics: {'[valid-hieve] Precision': 0.75, '[valid-hieve] Recall': 0.15384615384615385, '[valid-hieve] F1 Score': 0.25531914893617025, '[valid-HiEve] Precision v2': 0.40384615384615385, '[valid-HiEve] Recall v2': 0.15384615384615385, '[valid-HiEve] F1 Score v2': 0.22281167108753316, '[valid] Elapsed Time': 37.398082971572876}
2021-06-26 11:52:48,685 [INFO] cv_valid_metrics: {'[cv-valid-hieve] Precision': 0.75, '[cv-valid-hieve] Recall': 0.15384615384615385, '[cv-valid-hieve] F1 Score': 0.25531914893617025, '[cv-valid-HiEve] Precision v2': 0.40384615384615385, '[cv-valid-HiEve] Recall v2': 0.15384615384615385, '[cv-valid-HiEve] F1 Score v2': 0.22281167108753316, '[cv-valid] Elapsed Time': 33.73148012161255}
2021-06-26 11:52:48,686 [INFO] Validation-[valid-hieve] start... 
2021-06-26 11:53:22,436 [INFO] confusion_matrix: 
[[22  0  0  0]
 [19  0  0  0]
 [30  0 12  0]
 [13  0  4  0]]
2021-06-26 11:53:22,442 [INFO] classifiction_report: 
              precision    recall  f1-score   support

          00       0.26      1.00      0.42        22
          01       0.00      0.00      0.00        19
          10       0.75      0.29      0.41        42
          11       0.00      0.00      0.00        17

    accuracy                           0.34       100
   macro avg       0.25      0.32      0.21       100
weighted avg       0.37      0.34      0.27       100

2021-06-26 11:53:22,443 [INFO] result_table_v2: 
                 precision    recall  f1-score   support

   Parent-Child       0.75      0.29      0.41   42
   Child-Parent       0.00      0.00      0.00   19
          CoRef       0.00      0.00      0.00   17
NoRel [ignored]       0.26      1.00      0.42   22

      micro avg       0.40      0.15      0.22   78
      macro avg       0.25      0.10      0.14   78
2021-06-26 11:53:22,443 [INFO] done!
2021-06-26 11:53:22,446 [INFO] Validation-[cv-valid-hieve] start... 
2021-06-26 11:53:56,443 [INFO] [cv-valid-hieve] constraint-violation: {('10', '10', '01'): 0, ('10', '10', '11'): 0, ('10', '10', '00'): 0, ('10', '11', '01'): 0, ('10', '11', '11'): 0, ('10', '11', '00'): 0, ('10', '00', '01'): 0, ('10', '00', '11'): 0, ('01', '01', '10'): 0, ('01', '01', '11'): 0, ('01', '01', '00'): 0, ('01', '11', '10'): 0, ('01', '11', '11'): 0, ('01', '11', '00'): 0, ('01', '00', '10'): 0, ('01', '00', '11'): 0, ('11', '10', '01'): 0, ('11', '10', '11'): 0, ('11', '10', '00'): 0, ('11', '01', '10'): 0, ('11', '01', '11'): 0, ('11', '01', '00'): 0, ('11', '11', '10'): 0, ('11', '11', '01'): 0, ('11', '11', '00'): 0, ('11', '00', '10'): 0, ('11', '00', '01'): 0, ('11', '00', '11'): 0, ('00', '10', '01'): 1, ('00', '10', '11'): 0, ('00', '01', '10'): 1, ('00', '01', '11'): 0, ('00', '11', '10'): 3, ('00', '11', '01'): 0, ('00', '11', '11'): 0}
2021-06-26 11:53:56,443 [INFO] [cv-valid-hieve] all_cases: {('10', '10'): 0, ('10', '01'): 0, ('10', '11'): 0, ('10', '00'): 16, ('01', '10'): 0, ('01', '01'): 0, ('01', '11'): 0, ('01', '00'): 0, ('11', '10'): 0, ('11', '01'): 0, ('11', '11'): 0, ('11', '00'): 0, ('00', '10'): 9, ('00', '01'): 4, ('00', '11'): 13, ('00', '00'): 58}
2021-06-26 11:53:56,444 [INFO] confusion_matrix: 
[[22  0  0  0]
 [19  0  0  0]
 [30  0 12  0]
 [13  0  4  0]]
2021-06-26 11:53:56,450 [INFO] classifiction_report: 
              precision    recall  f1-score   support

          00       0.26      1.00      0.42        22
          01       0.00      0.00      0.00        19
          10       0.75      0.29      0.41        42
          11       0.00      0.00      0.00        17

    accuracy                           0.34       100
   macro avg       0.25      0.32      0.21       100
weighted avg       0.37      0.34      0.27       100

2021-06-26 11:53:56,451 [INFO] result_table_v2: 
                 precision    recall  f1-score   support

   Parent-Child       0.75      0.29      0.41   42
   Child-Parent       0.00      0.00      0.00   19
          CoRef       0.00      0.00      0.00   17
NoRel [ignored]       0.26      1.00      0.42   22

      micro avg       0.40      0.15      0.22   78
      macro avg       0.25      0.10      0.14   78
2021-06-26 11:53:56,451 [INFO] done!
2021-06-26 11:53:56,454 [INFO] valid_metrics: {'[valid-hieve] Precision': 0.75, '[valid-hieve] Recall': 0.15384615384615385, '[valid-hieve] F1 Score': 0.25531914893617025, '[valid-HiEve] Precision v2': 0.40384615384615385, '[valid-HiEve] Recall v2': 0.15384615384615385, '[valid-HiEve] F1 Score v2': 0.22281167108753316, '[valid] Elapsed Time': 33.75714111328125}
2021-06-26 11:53:56,454 [INFO] cv_valid_metrics: {'[cv-valid-hieve] Precision': 0.75, '[cv-valid-hieve] Recall': 0.15384615384615385, '[cv-valid-hieve] F1 Score': 0.25531914893617025, '[cv-valid-HiEve] Precision v2': 0.40384615384615385, '[cv-valid-HiEve] Recall v2': 0.15384615384615385, '[cv-valid-HiEve] F1 Score v2': 0.22281167108753316, '[cv-valid] Elapsed Time': 34.0044801235199}
2021-06-26 11:53:56,455 [INFO] Training done!
