2021-07-22 23:21:54,851 [INFO] {'data_dir': '../data', 'no_cuda': False, 'debug': True, 'log_batch_size': 7, 'epochs': 10, 'data_type': 'hieve', 'finetune': False, 'model': 'box', 'downsample': 0.08, 'learning_rate': 0.095, 'lambda_anno': 1.0, 'lambda_trans': 0.0, 'lambda_cross': 0.0, 'lambda_pair': 1.0, 'volume_temp': 1.0, 'intersection_temp': 0.0001, 'hieve_threshold': -0.6, 'matres_threshold': -0.5, 'mlp_size': 32, 'mlp_output_dim': 32, 'hieve_mlp_size': 64, 'matres_mlp_size': 32, 'proj_output_dim': 32, 'num_layers': 1, 'roberta_hidden_size': 1024, 'lstm_hidden_size': 256, 'lstm_input_size': 768, 'no_valid': False, 'loss_type': 0, 'patience': 8, 'eval_step': 1, 'eval_type': 'one', 'seed': 0, 'load_model': 0, 'saved_model': '/Users/ehwang/PycharmProjects/CE2ERE/src/model/matres_20210505163300_2ya6wb7v.pt', 'wandb_id': 'hwang7520/CE2ERE-src/2ya6wb7v', 'save_plot': 1, 'symm_train': 0, 'symm_eval': 0, 'cv_valid': 0, 'model_save': 0, 'max_grad_norm': 5.0}
2021-07-22 23:21:54,852 [INFO] Requested CUDA but it is not available, running on CPU
2021-07-22 23:22:31,233 [INFO] HiEve Preprocessing took 0:00:36
2021-07-22 23:22:31,233 [INFO] HiEve training instance num: 9942, valid instance num: 7108, test instance num: 6336, cv-valid instance num: 15880, cv-test instance num: 10098, 
2021-07-22 23:22:31,233 [INFO] debug mode on
2021-07-22 23:22:31,460 [INFO] hieve length debugging mode: %d
2021-07-22 23:22:32,340 [INFO] loading configuration file https://s3.amazonaws.com/models.huggingface.co/bert/roberta-base-config.json from cache at /Users/ehwang/.cache/torch/transformers/e1a2a406b5a05063c31f4dfdee7608986ba7c6393f7f79db5e69dcd197208534.117c81977c5979de8c088352e74ec6e70f5c66096c28b61d3c50101609b39690
2021-07-22 23:22:32,340 [INFO] Model config RobertaConfig {
  "architectures": [
    "RobertaForMaskedLM"
  ],
  "attention_probs_dropout_prob": 0.1,
  "bos_token_id": 0,
  "do_sample": false,
  "eos_token_id": 2,
  "eos_token_ids": null,
  "finetuning_task": null,
  "hidden_act": "gelu",
  "hidden_dropout_prob": 0.1,
  "hidden_size": 768,
  "id2label": {
    "0": "LABEL_0",
    "1": "LABEL_1"
  },
  "initializer_range": 0.02,
  "intermediate_size": 3072,
  "is_decoder": false,
  "label2id": {
    "LABEL_0": 0,
    "LABEL_1": 1
  },
  "layer_norm_eps": 1e-05,
  "length_penalty": 1.0,
  "max_length": 20,
  "max_position_embeddings": 514,
  "model_type": "roberta",
  "num_attention_heads": 12,
  "num_beams": 1,
  "num_hidden_layers": 12,
  "num_labels": 2,
  "num_return_sequences": 1,
  "output_attentions": false,
  "output_hidden_states": false,
  "output_past": true,
  "pad_token_id": 1,
  "pruned_heads": {},
  "repetition_penalty": 1.0,
  "temperature": 1.0,
  "top_k": 50,
  "top_p": 1.0,
  "torchscript": false,
  "type_vocab_size": 1,
  "use_bfloat16": false,
  "vocab_size": 50265
}

2021-07-22 23:22:33,204 [INFO] loading weights file https://s3.amazonaws.com/models.huggingface.co/bert/roberta-base-pytorch_model.bin from cache at /Users/ehwang/.cache/torch/transformers/228756ed15b6d200d7cb45aaef08c087e2706f54cb912863d2efe07c89584eb7.49b88ba7ec2c26a7558dda98ca3884c3b80fa31cf43a1b1f23aef3ff81ba344e
2021-07-22 23:22:35,960 [INFO] ======== Epoch 1 / 10 ========
2021-07-22 23:22:35,960 [INFO] Training start...
2021-07-22 23:23:37,729 [INFO] epoch: 1, loss: 260.048004
2021-07-22 23:23:37,730 [INFO] [valid-hieve] start... 
2021-07-22 23:24:35,475 [INFO] confusion_matrix: 
[[ 5  0  1  1]
 [ 8  1  0  0]
 [81  0  0  0]
 [ 3  0  0  0]]
2021-07-22 23:24:35,485 [INFO] classifiction_report: 
              precision    recall  f1-score   support

          00       0.05      0.71      0.10         7
          01       1.00      0.11      0.20         9
          10       0.00      0.00      0.00        81
          11       0.00      0.00      0.00         3

    accuracy                           0.06       100
   macro avg       0.26      0.21      0.07       100
weighted avg       0.09      0.06      0.02       100

2021-07-22 23:24:35,485 [INFO] macro f1 score: 0.1000
2021-07-22 23:24:35,485 [INFO] done!
2021-07-22 23:24:35,749 [INFO] # of 10 labels: 81
2021-07-22 23:24:36,054 [INFO] # of 01 labels: 9
2021-07-22 23:24:36,285 [INFO] # of 11 labels: 3
2021-07-22 23:24:36,511 [INFO] # of 00 labels: 7
2021-07-22 23:24:36,515 [INFO] valid_metrics: {'[valid-hieve] Precision': 0.3333333333333333, '[valid-hieve] Recall': 0.010752688172043012, '[valid-hieve] F1 Score': 0.020833333333333336, '[valid] Elapsed Time': 57.755247831344604}
2021-07-22 23:24:36,515 [INFO] cv_valid_metrics: {}
2021-07-22 23:24:36,515 [INFO] best epoch: 1, best f1 score: 0.020833
2021-07-22 23:24:36,516 [INFO] ======== Epoch 2 / 10 ========
2021-07-22 23:24:36,516 [INFO] Training start...
2021-07-22 23:25:43,983 [INFO] epoch: 2, loss: 613.880005
2021-07-22 23:25:43,985 [INFO] [valid-hieve] start... 
2021-07-22 23:26:41,560 [INFO] confusion_matrix: 
[[ 0  2  1  4]
 [ 0  0  7  2]
 [15 49  1 16]
 [ 0  0  0  3]]
2021-07-22 23:26:41,568 [INFO] classifiction_report: 
              precision    recall  f1-score   support

          00       0.00      0.00      0.00         7
          01       0.00      0.00      0.00         9
          10       0.11      0.01      0.02        81
          11       0.12      1.00      0.21         3

    accuracy                           0.04       100
   macro avg       0.06      0.25      0.06       100
weighted avg       0.09      0.04      0.02       100

2021-07-22 23:26:41,568 [INFO] macro f1 score: 0.0111
2021-07-22 23:26:41,568 [INFO] done!
2021-07-22 23:26:41,779 [INFO] # of 10 labels: 81
2021-07-22 23:26:41,972 [INFO] # of 01 labels: 9
2021-07-22 23:26:42,161 [INFO] # of 11 labels: 3
2021-07-22 23:26:42,341 [INFO] # of 00 labels: 7
2021-07-22 23:26:42,345 [INFO] valid_metrics: {'[valid-hieve] Precision': 0.047058823529411764, '[valid-hieve] Recall': 0.043010752688172046, '[valid-hieve] F1 Score': 0.0449438202247191, '[valid] Elapsed Time': 57.58330512046814}
2021-07-22 23:26:42,345 [INFO] cv_valid_metrics: {}
2021-07-22 23:26:42,345 [INFO] best epoch: 2, best f1 score: 0.044944
2021-07-22 23:26:42,346 [INFO] ======== Epoch 3 / 10 ========
2021-07-22 23:26:42,346 [INFO] Training start...
2021-07-22 23:27:46,835 [INFO] epoch: 3, loss: 288.939178
2021-07-22 23:27:46,836 [INFO] [valid-hieve] start... 
2021-07-22 23:28:34,859 [INFO] confusion_matrix: 
[[ 1  2  0  4]
 [ 1  0  3  5]
 [77  1  3  0]
 [ 2  0  1  0]]
2021-07-22 23:28:34,865 [INFO] classifiction_report: 
              precision    recall  f1-score   support

          00       0.01      0.14      0.02         7
          01       0.00      0.00      0.00         9
          10       0.43      0.04      0.07        81
          11       0.00      0.00      0.00         3

    accuracy                           0.04       100
   macro avg       0.11      0.04      0.02       100
weighted avg       0.35      0.04      0.06       100

2021-07-22 23:28:34,866 [INFO] macro f1 score: 0.0341
2021-07-22 23:28:34,866 [INFO] done!
2021-07-22 23:28:35,039 [INFO] # of 10 labels: 81
2021-07-22 23:28:35,214 [INFO] # of 01 labels: 9
2021-07-22 23:28:35,382 [INFO] # of 11 labels: 3
2021-07-22 23:28:35,547 [INFO] # of 00 labels: 7
2021-07-22 23:28:35,550 [INFO] valid_metrics: {'[valid-hieve] Precision': 0.15789473684210525, '[valid-hieve] Recall': 0.03225806451612903, '[valid-hieve] F1 Score': 0.05357142857142857, '[valid] Elapsed Time': 48.0298638343811}
2021-07-22 23:28:35,550 [INFO] cv_valid_metrics: {}
2021-07-22 23:28:35,550 [INFO] best epoch: 3, best f1 score: 0.053571
2021-07-22 23:28:35,551 [INFO] ======== Epoch 4 / 10 ========
2021-07-22 23:28:35,551 [INFO] Training start...
2021-07-22 23:29:22,769 [INFO] epoch: 4, loss: 188.155243
2021-07-22 23:29:22,770 [INFO] [valid-hieve] start... 
2021-07-22 23:30:08,406 [INFO] confusion_matrix: 
[[ 0  1  0  6]
 [ 0  0  0  9]
 [ 0  0  8 73]
 [ 0  0  0  3]]
2021-07-22 23:30:08,417 [INFO] classifiction_report: 
              precision    recall  f1-score   support

          00       0.00      0.00      0.00         7
          01       0.00      0.00      0.00         9
          10       1.00      0.10      0.18        81
          11       0.03      1.00      0.06         3

    accuracy                           0.11       100
   macro avg       0.26      0.27      0.06       100
weighted avg       0.81      0.11      0.15       100

2021-07-22 23:30:08,417 [INFO] macro f1 score: 0.0899
2021-07-22 23:30:08,417 [INFO] done!
2021-07-22 23:30:08,637 [INFO] # of 10 labels: 81
2021-07-22 23:30:08,835 [INFO] # of 01 labels: 9
2021-07-22 23:30:09,056 [INFO] # of 11 labels: 3
2021-07-22 23:30:09,244 [INFO] # of 00 labels: 7
2021-07-22 23:30:09,248 [INFO] valid_metrics: {'[valid-hieve] Precision': 0.11, '[valid-hieve] Recall': 0.11827956989247312, '[valid-hieve] F1 Score': 0.1139896373056995, '[valid] Elapsed Time': 45.64744305610657}
2021-07-22 23:30:09,248 [INFO] cv_valid_metrics: {}
2021-07-22 23:30:09,248 [INFO] best epoch: 4, best f1 score: 0.113990
2021-07-22 23:30:09,249 [INFO] ======== Epoch 5 / 10 ========
2021-07-22 23:30:09,249 [INFO] Training start...
2021-07-22 23:31:02,223 [INFO] epoch: 5, loss: 253.167648
2021-07-22 23:31:02,224 [INFO] [valid-hieve] start... 
2021-07-22 23:31:42,123 [INFO] confusion_matrix: 
[[ 0  3  0  4]
 [ 0  8  0  1]
 [ 0  0  9 72]
 [ 0  2  0  1]]
2021-07-22 23:31:42,130 [INFO] classifiction_report: 
              precision    recall  f1-score   support

          00       0.00      0.00      0.00         7
          01       0.62      0.89      0.73         9
          10       1.00      0.11      0.20        81
          11       0.01      0.33      0.02         3

    accuracy                           0.18       100
   macro avg       0.41      0.33      0.24       100
weighted avg       0.87      0.18      0.23       100

2021-07-22 23:31:42,130 [INFO] macro f1 score: 0.4636
2021-07-22 23:31:42,130 [INFO] done!
2021-07-22 23:31:42,326 [INFO] # of 10 labels: 81
2021-07-22 23:31:42,505 [INFO] # of 01 labels: 9
2021-07-22 23:31:42,682 [INFO] # of 11 labels: 3
2021-07-22 23:31:42,859 [INFO] # of 00 labels: 7
2021-07-22 23:31:42,862 [INFO] valid_metrics: {'[valid-hieve] Precision': 0.18, '[valid-hieve] Recall': 0.1935483870967742, '[valid-hieve] F1 Score': 0.18652849740932642, '[valid] Elapsed Time': 39.90655517578125}
2021-07-22 23:31:42,862 [INFO] cv_valid_metrics: {}
2021-07-22 23:31:42,862 [INFO] best epoch: 5, best f1 score: 0.186528
2021-07-22 23:31:42,863 [INFO] ======== Epoch 6 / 10 ========
2021-07-22 23:31:42,863 [INFO] Training start...
2021-07-22 23:32:33,441 [INFO] epoch: 6, loss: 131.954941
2021-07-22 23:32:33,442 [INFO] [valid-hieve] start... 
2021-07-22 23:33:13,600 [INFO] confusion_matrix: 
[[ 0  3  2  2]
 [ 0  6  0  3]
 [ 0  0 81  0]
 [ 0  0  2  1]]
2021-07-22 23:33:13,607 [INFO] classifiction_report: 
              precision    recall  f1-score   support

          00       0.00      0.00      0.00         7
          01       0.67      0.67      0.67         9
          10       0.95      1.00      0.98        81
          11       0.17      0.33      0.22         3

    accuracy                           0.88       100
   macro avg       0.45      0.50      0.47       100
weighted avg       0.84      0.88      0.86       100

2021-07-22 23:33:13,607 [INFO] macro f1 score: 0.8213
2021-07-22 23:33:13,607 [INFO] done!
2021-07-22 23:33:13,947 [INFO] # of 10 labels: 81
2021-07-22 23:33:14,120 [INFO] # of 01 labels: 9
2021-07-22 23:33:14,291 [INFO] # of 11 labels: 3
2021-07-22 23:33:14,463 [INFO] # of 00 labels: 7
2021-07-22 23:33:14,463 [INFO] valid_metrics: {'[valid-hieve] Precision': 0.88, '[valid-hieve] Recall': 0.946236559139785, '[valid-hieve] F1 Score': 0.911917098445596, '[valid] Elapsed Time': 40.165916204452515}
2021-07-22 23:33:14,463 [INFO] cv_valid_metrics: {}
2021-07-22 23:33:14,464 [INFO] best epoch: 6, best f1 score: 0.911917
2021-07-22 23:33:14,464 [INFO] ======== Epoch 7 / 10 ========
2021-07-22 23:33:14,464 [INFO] Training start...
2021-07-22 23:34:05,189 [INFO] epoch: 7, loss: 94.153580
2021-07-22 23:34:05,190 [INFO] [valid-hieve] start... 
2021-07-22 23:34:45,790 [INFO] confusion_matrix: 
[[ 7  0  0  0]
 [ 9  0  0  0]
 [81  0  0  0]
 [ 3  0  0  0]]
2021-07-22 23:34:45,798 [INFO] classifiction_report: 
              precision    recall  f1-score   support

          00       0.07      1.00      0.13         7
          01       0.00      0.00      0.00         9
          10       0.00      0.00      0.00        81
          11       0.00      0.00      0.00         3

    accuracy                           0.07       100
   macro avg       0.02      0.25      0.03       100
weighted avg       0.00      0.07      0.01       100

2021-07-22 23:34:45,798 [INFO] macro f1 score: 0.0000
2021-07-22 23:34:45,798 [INFO] done!
2021-07-22 23:34:45,986 [INFO] # of 10 labels: 81
2021-07-22 23:34:46,164 [INFO] # of 01 labels: 9
2021-07-22 23:34:46,354 [INFO] # of 11 labels: 3
2021-07-22 23:34:46,519 [INFO] # of 00 labels: 7
2021-07-22 23:34:46,523 [INFO] valid_metrics: {'[valid-hieve] Precision': nan, '[valid-hieve] Recall': 0.0, '[valid-hieve] F1 Score': nan, '[valid] Elapsed Time': 40.60821199417114}
2021-07-22 23:34:46,523 [INFO] cv_valid_metrics: {}
2021-07-22 23:34:46,523 [INFO] ======== Epoch 8 / 10 ========
2021-07-22 23:34:46,523 [INFO] Training start...
2021-07-22 23:35:37,346 [INFO] epoch: 8, loss: 4842.801270
2021-07-22 23:35:37,347 [INFO] [valid-hieve] start... 
2021-07-22 23:36:17,649 [INFO] confusion_matrix: 
[[ 7  0  0  0]
 [ 9  0  0  0]
 [81  0  0  0]
 [ 3  0  0  0]]
2021-07-22 23:36:17,656 [INFO] classifiction_report: 
              precision    recall  f1-score   support

          00       0.07      1.00      0.13         7
          01       0.00      0.00      0.00         9
          10       0.00      0.00      0.00        81
          11       0.00      0.00      0.00         3

    accuracy                           0.07       100
   macro avg       0.02      0.25      0.03       100
weighted avg       0.00      0.07      0.01       100

2021-07-22 23:36:17,656 [INFO] macro f1 score: 0.0000
2021-07-22 23:36:17,656 [INFO] done!
2021-07-22 23:36:17,870 [INFO] # of 10 labels: 81
2021-07-22 23:36:18,066 [INFO] # of 01 labels: 9
2021-07-22 23:36:18,259 [INFO] # of 11 labels: 3
2021-07-22 23:36:18,529 [INFO] # of 00 labels: 7
2021-07-22 23:36:18,533 [INFO] valid_metrics: {'[valid-hieve] Precision': nan, '[valid-hieve] Recall': 0.0, '[valid-hieve] F1 Score': nan, '[valid] Elapsed Time': 40.30956196784973}
2021-07-22 23:36:18,533 [INFO] cv_valid_metrics: {}
2021-07-22 23:36:18,534 [INFO] ======== Epoch 9 / 10 ========
2021-07-22 23:36:18,534 [INFO] Training start...
2021-07-22 23:37:08,991 [INFO] epoch: 9, loss: 4897.138184
2021-07-22 23:37:08,992 [INFO] [valid-hieve] start... 
2021-07-22 23:37:50,339 [INFO] confusion_matrix: 
[[ 7  0  0  0]
 [ 9  0  0  0]
 [81  0  0  0]
 [ 3  0  0  0]]
2021-07-22 23:37:50,345 [INFO] classifiction_report: 
              precision    recall  f1-score   support

          00       0.07      1.00      0.13         7
          01       0.00      0.00      0.00         9
          10       0.00      0.00      0.00        81
          11       0.00      0.00      0.00         3

    accuracy                           0.07       100
   macro avg       0.02      0.25      0.03       100
weighted avg       0.00      0.07      0.01       100

2021-07-22 23:37:50,345 [INFO] macro f1 score: 0.0000
2021-07-22 23:37:50,346 [INFO] done!
2021-07-22 23:37:50,532 [INFO] # of 10 labels: 81
2021-07-22 23:37:50,704 [INFO] # of 01 labels: 9
2021-07-22 23:37:50,880 [INFO] # of 11 labels: 3
2021-07-22 23:37:51,047 [INFO] # of 00 labels: 7
2021-07-22 23:37:51,051 [INFO] valid_metrics: {'[valid-hieve] Precision': nan, '[valid-hieve] Recall': 0.0, '[valid-hieve] F1 Score': nan, '[valid] Elapsed Time': 41.35345506668091}
2021-07-22 23:37:51,051 [INFO] cv_valid_metrics: {}
2021-07-22 23:37:51,051 [INFO] ======== Epoch 10 / 10 ========
2021-07-22 23:37:51,051 [INFO] Training start...
2021-07-22 23:38:41,229 [INFO] epoch: 10, loss: 4985.356445
2021-07-22 23:38:41,230 [INFO] [valid-hieve] start... 
2021-07-22 23:39:21,839 [INFO] confusion_matrix: 
[[ 7  0  0  0]
 [ 9  0  0  0]
 [81  0  0  0]
 [ 3  0  0  0]]
2021-07-22 23:39:21,845 [INFO] classifiction_report: 
              precision    recall  f1-score   support

          00       0.07      1.00      0.13         7
          01       0.00      0.00      0.00         9
          10       0.00      0.00      0.00        81
          11       0.00      0.00      0.00         3

    accuracy                           0.07       100
   macro avg       0.02      0.25      0.03       100
weighted avg       0.00      0.07      0.01       100

2021-07-22 23:39:21,846 [INFO] macro f1 score: 0.0000
2021-07-22 23:39:21,846 [INFO] done!
2021-07-22 23:39:22,038 [INFO] # of 10 labels: 81
2021-07-22 23:39:22,222 [INFO] # of 01 labels: 9
2021-07-22 23:39:22,402 [INFO] # of 11 labels: 3
2021-07-22 23:39:22,580 [INFO] # of 00 labels: 7
2021-07-22 23:39:22,584 [INFO] valid_metrics: {'[valid-hieve] Precision': nan, '[valid-hieve] Recall': 0.0, '[valid-hieve] F1 Score': nan, '[valid] Elapsed Time': 40.615655183792114}
2021-07-22 23:39:22,584 [INFO] cv_valid_metrics: {}
2021-07-22 23:39:22,585 [INFO] [valid-hieve] start... 
2021-07-22 23:40:02,891 [INFO] confusion_matrix: 
[[ 7  0  0  0]
 [ 9  0  0  0]
 [81  0  0  0]
 [ 3  0  0  0]]
2021-07-22 23:40:02,898 [INFO] classifiction_report: 
              precision    recall  f1-score   support

          00       0.07      1.00      0.13         7
          01       0.00      0.00      0.00         9
          10       0.00      0.00      0.00        81
          11       0.00      0.00      0.00         3

    accuracy                           0.07       100
   macro avg       0.02      0.25      0.03       100
weighted avg       0.00      0.07      0.01       100

2021-07-22 23:40:02,898 [INFO] macro f1 score: 0.0000
2021-07-22 23:40:02,898 [INFO] done!
2021-07-22 23:40:03,086 [INFO] # of 10 labels: 81
2021-07-22 23:40:03,268 [INFO] # of 01 labels: 9
2021-07-22 23:40:03,448 [INFO] # of 11 labels: 3
2021-07-22 23:40:03,623 [INFO] # of 00 labels: 7
2021-07-22 23:40:03,627 [INFO] valid_metrics: {'[valid-hieve] Precision': nan, '[valid-hieve] Recall': 0.0, '[valid-hieve] F1 Score': nan, '[valid] Elapsed Time': 40.31286382675171}
2021-07-22 23:40:03,627 [INFO] cv_valid_metrics: {}
2021-07-22 23:40:03,628 [INFO] Training done!
