2021-07-04 10:10:06,839 [INFO] {'data_dir': '../data', 'no_cuda': False, 'debug': True, 'log_batch_size': 7, 'epochs': 10, 'data_type': 'hieve', 'finetune': False, 'model': 'box', 'downsample': 0.01, 'learning_rate': 0.01, 'lambda_anno': 1.0, 'lambda_trans': 0.0, 'lambda_cross': 0.0, 'volume_temp': 1.0, 'intersection_temp': 0.0001, 'hieve_threshold': -0.02, 'matres_threshold': -0.5, 'mlp_size': 32, 'mlp_output_dim': 32, 'hieve_mlp_size': 64, 'matres_mlp_size': 32, 'proj_output_dim': 32, 'num_layers': 1, 'roberta_hidden_size': 1024, 'lstm_hidden_size': 256, 'lstm_input_size': 768, 'no_valid': False, 'loss_type': 0, 'patience': 8, 'eval_step': 1, 'eval_type': 'one', 'load_model': 0, 'saved_model': '/Users/ehwang/PycharmProjects/CE2ERE/src/model/matres_20210505163300_2ya6wb7v.pt', 'wandb_id': 'hwang7520/CE2ERE-src/2ya6wb7v', 'load_valid': 0, 'save_plot': 0}
2021-07-04 10:10:06,840 [INFO] Requested CUDA but it is not available, running on CPU
2021-07-04 10:10:42,334 [INFO] HiEve Preprocessing took 0:00:35
2021-07-04 10:10:42,335 [INFO] HiEve training instance num: 6446, valid instance num: 7670, test instance num: 5560
2021-07-04 10:10:42,335 [INFO] debug mode on
2021-07-04 10:10:42,559 [INFO] hieve length debugging mode: %d
2021-07-04 10:10:42,594 [DEBUG] Starting new HTTPS connection (1): s3.amazonaws.com:443
2021-07-04 10:10:43,433 [DEBUG] https://s3.amazonaws.com:443 "HEAD /models.huggingface.co/bert/roberta-base-config.json HTTP/1.1" 200 0
2021-07-04 10:10:43,437 [INFO] loading configuration file https://s3.amazonaws.com/models.huggingface.co/bert/roberta-base-config.json from cache at /Users/ehwang/.cache/torch/transformers/e1a2a406b5a05063c31f4dfdee7608986ba7c6393f7f79db5e69dcd197208534.117c81977c5979de8c088352e74ec6e70f5c66096c28b61d3c50101609b39690
2021-07-04 10:10:43,438 [INFO] Model config RobertaConfig {
  "architectures": [
    "RobertaForMaskedLM"
  ],
  "attention_probs_dropout_prob": 0.1,
  "bos_token_id": 0,
  "do_sample": false,
  "eos_token_id": 2,
  "eos_token_ids": null,
  "finetuning_task": null,
  "hidden_act": "gelu",
  "hidden_dropout_prob": 0.1,
  "hidden_size": 768,
  "id2label": {
    "0": "LABEL_0",
    "1": "LABEL_1"
  },
  "initializer_range": 0.02,
  "intermediate_size": 3072,
  "is_decoder": false,
  "label2id": {
    "LABEL_0": 0,
    "LABEL_1": 1
  },
  "layer_norm_eps": 1e-05,
  "length_penalty": 1.0,
  "max_length": 20,
  "max_position_embeddings": 514,
  "model_type": "roberta",
  "num_attention_heads": 12,
  "num_beams": 1,
  "num_hidden_layers": 12,
  "num_labels": 2,
  "num_return_sequences": 1,
  "output_attentions": false,
  "output_hidden_states": false,
  "output_past": true,
  "pad_token_id": 1,
  "pruned_heads": {},
  "repetition_penalty": 1.0,
  "temperature": 1.0,
  "top_k": 50,
  "top_p": 1.0,
  "torchscript": false,
  "type_vocab_size": 1,
  "use_bfloat16": false,
  "vocab_size": 50265
}

2021-07-04 10:10:43,441 [DEBUG] Starting new HTTPS connection (1): s3.amazonaws.com:443
2021-07-04 10:10:44,275 [DEBUG] https://s3.amazonaws.com:443 "HEAD /models.huggingface.co/bert/roberta-base-pytorch_model.bin HTTP/1.1" 200 0
2021-07-04 10:10:44,281 [INFO] loading weights file https://s3.amazonaws.com/models.huggingface.co/bert/roberta-base-pytorch_model.bin from cache at /Users/ehwang/.cache/torch/transformers/228756ed15b6d200d7cb45aaef08c087e2706f54cb912863d2efe07c89584eb7.49b88ba7ec2c26a7558dda98ca3884c3b80fa31cf43a1b1f23aef3ff81ba344e
2021-07-04 10:10:48,554 [INFO] ======== Epoch 1 / 10 ========
2021-07-04 10:10:48,555 [INFO] Training start...
2021-07-04 10:11:31,705 [INFO] epoch: 1, loss: 192.034742
2021-07-04 10:11:31,705 [INFO] [valid-hieve] start... 
2021-07-04 10:12:07,000 [INFO] confusion_matrix: 
[[ 5  0  0  0]
 [18  0  0  0]
 [46  0  0  0]
 [31  0  0  0]]
2021-07-04 10:12:07,010 [INFO] classifiction_report: 
              precision    recall  f1-score   support

          00       0.05      1.00      0.10         5
          01       0.00      0.00      0.00        18
          10       0.00      0.00      0.00        46
          11       0.00      0.00      0.00        31

    accuracy                           0.05       100
   macro avg       0.01      0.25      0.02       100
weighted avg       0.00      0.05      0.00       100

2021-07-04 10:12:07,011 [INFO] macro f1 score: 0.0000
2021-07-04 10:12:07,011 [INFO] done!
2021-07-04 10:12:07,014 [INFO] [cv-valid-hieve] start... 
2021-07-04 10:12:40,729 [INFO] [cv-valid-hieve] constraint-violation: {('10', '10', '01'): 0, ('10', '10', '11'): 0, ('10', '10', '00'): 0, ('10', '11', '01'): 0, ('10', '11', '11'): 0, ('10', '11', '00'): 0, ('10', '00', '01'): 0, ('10', '00', '11'): 0, ('01', '01', '10'): 0, ('01', '01', '11'): 0, ('01', '01', '00'): 0, ('01', '11', '10'): 0, ('01', '11', '11'): 0, ('01', '11', '00'): 0, ('01', '00', '10'): 0, ('01', '00', '11'): 0, ('11', '10', '01'): 0, ('11', '10', '11'): 0, ('11', '10', '00'): 0, ('11', '01', '10'): 0, ('11', '01', '11'): 0, ('11', '01', '00'): 0, ('11', '11', '10'): 0, ('11', '11', '01'): 0, ('11', '11', '00'): 0, ('11', '00', '10'): 0, ('11', '00', '01'): 0, ('11', '00', '11'): 0, ('00', '10', '01'): 0, ('00', '10', '11'): 0, ('00', '01', '10'): 0, ('00', '01', '11'): 0, ('00', '11', '10'): 0, ('00', '11', '01'): 0, ('00', '11', '11'): 0}
2021-07-04 10:12:40,730 [INFO] [cv-valid-hieve] all_cases: {('10', '10'): 0, ('10', '01'): 0, ('10', '11'): 0, ('10', '00'): 0, ('01', '10'): 0, ('01', '01'): 0, ('01', '11'): 0, ('01', '00'): 0, ('11', '10'): 0, ('11', '01'): 0, ('11', '11'): 0, ('11', '00'): 0, ('00', '10'): 0, ('00', '01'): 0, ('00', '11'): 0, ('00', '00'): 100}
2021-07-04 10:12:40,731 [INFO] confusion_matrix: 
[[ 5  0  0  0]
 [18  0  0  0]
 [46  0  0  0]
 [31  0  0  0]]
2021-07-04 10:12:40,737 [INFO] classifiction_report: 
              precision    recall  f1-score   support

          00       0.05      1.00      0.10         5
          01       0.00      0.00      0.00        18
          10       0.00      0.00      0.00        46
          11       0.00      0.00      0.00        31

    accuracy                           0.05       100
   macro avg       0.01      0.25      0.02       100
weighted avg       0.00      0.05      0.00       100

2021-07-04 10:12:40,737 [INFO] macro f1 score: 0.0000
2021-07-04 10:12:40,737 [INFO] done!
2021-07-04 10:12:40,740 [INFO] valid_metrics: {'[valid-hieve] Precision': nan, '[valid-hieve] Recall': 0.0, '[valid-hieve] F1 Score': nan, '[valid] Elapsed Time': 35.305567026138306}
2021-07-04 10:12:40,740 [INFO] cv_valid_metrics: {'[cv-valid-hieve] Precision': nan, '[cv-valid-hieve] Recall': 0.0, '[cv-valid-hieve] F1 Score': nan, '[cv-valid] Elapsed Time': 33.72334909439087}
2021-07-04 10:12:40,741 [INFO] ======== Epoch 2 / 10 ========
2021-07-04 10:12:40,741 [INFO] Training start...
